2025-11-07 21:48:10 INFO: 
Optimizing 22-842 + 22-842 using differential_evolution...
2025-11-07 21:48:12 INFO: Orientation=SfccfF, Coupling=0.1480, Length=33.41mm, z_l1=9.87, z_l2=26.09
2025-11-07 21:48:12 INFO: 
Optimizing 22-842 + 23-813 using differential_evolution...
2025-11-07 21:48:13 INFO: Orientation=SfccfF, Coupling=0.1445, Length=33.13mm, z_l1=9.71, z_l2=25.81
2025-11-07 21:48:13 INFO: 
Optimizing 22-842 + 72-494 using differential_evolution...
2025-11-07 21:48:14 INFO: Orientation=SfccfF, Coupling=0.1145, Length=30.11mm, z_l1=9.84, z_l2=21.81
2025-11-07 21:48:14 INFO: 
Optimizing 22-842 + 72-514 using differential_evolution...
2025-11-07 21:48:17 INFO: Orientation=SfccfF, Coupling=0.1360, Length=29.82mm, z_l1=9.70, z_l2=21.52
2025-11-07 21:48:17 INFO: 
Optimizing 22-842 + 36-686 using differential_evolution...
2025-11-07 21:48:20 INFO: Orientation=SfccfF, Coupling=0.0475, Length=32.01mm, z_l1=10.47, z_l2=18.47
2025-11-07 21:48:20 INFO: 
Optimizing 22-842 + 36-687 using differential_evolution...
2025-11-07 21:48:21 INFO: Orientation=SfccfF, Coupling=0.0245, Length=35.46mm, z_l1=9.82, z_l2=17.33
2025-11-07 21:48:21 INFO: 
Optimizing 22-842 + 84-882 using differential_evolution...
2025-11-07 21:48:23 INFO: Orientation=SfccfF, Coupling=0.0250, Length=26.12mm, z_l1=9.76, z_l2=17.29
2025-11-07 21:48:23 INFO: 
Optimizing 22-842 + 15-532 using differential_evolution...
2025-11-07 21:48:24 INFO: Orientation=SfccfF, Coupling=0.0290, Length=26.43mm, z_l1=9.99, z_l2=17.60
2025-11-07 21:48:24 INFO: 
Optimizing 22-842 + 49-959 using differential_evolution...
2025-11-07 21:48:26 INFO: Orientation=SfccfF, Coupling=0.0480, Length=32.96mm, z_l1=9.91, z_l2=17.93
2025-11-07 21:48:26 INFO: 
Optimizing 22-842 + 49-960 using differential_evolution...
2025-11-07 21:48:27 INFO: Orientation=SfccfF, Coupling=0.0015, Length=52.28mm, z_l1=9.73, z_l2=17.28
2025-11-07 21:48:27 INFO: 
Optimizing 22-842 + 36-689 using differential_evolution...
2025-11-07 21:48:29 INFO: Orientation=SfccfF, Coupling=0.0300, Length=35.56mm, z_l1=10.01, z_l2=17.93
2025-11-07 21:48:29 INFO: 
Optimizing 22-842 + 48-273 using differential_evolution...
2025-11-07 21:48:30 INFO: Orientation=SfccfF, Coupling=0.0215, Length=37.22mm, z_l1=10.19, z_l2=18.11
2025-11-07 21:48:30 INFO: 
Optimizing 22-842 + LA4021 using differential_evolution...
2025-11-07 21:48:33 INFO: Orientation=SfccfF, Coupling=0.0600, Length=33.07mm, z_l1=10.53, z_l2=18.05
2025-11-07 21:48:33 INFO: 
Optimizing 22-842 + LA4052 using differential_evolution...
2025-11-07 21:48:35 INFO: Orientation=SfccfF, Coupling=0.0270, Length=35.41mm, z_l1=10.04, z_l2=17.76
2025-11-07 21:48:35 INFO: 
Optimizing 22-842 + 72-487 using differential_evolution...
2025-11-07 21:48:36 INFO: Orientation=SfccfF, Coupling=0.0595, Length=31.37mm, z_l1=9.76, z_l2=17.26
2025-11-07 21:48:36 INFO: 
Optimizing 22-842 + 72-507 using differential_evolution...
2025-11-07 21:48:38 INFO: Orientation=SfccfF, Coupling=0.0525, Length=31.87mm, z_l1=9.74, z_l2=17.76
2025-11-07 21:48:38 INFO: 
Optimizing 22-842 + 19-518 using differential_evolution...
2025-11-07 21:48:39 INFO: Orientation=SfccfF, Coupling=0.0555, Length=31.82mm, z_l1=9.82, z_l2=17.71
2025-11-07 21:48:39 INFO: 
Optimizing 22-842 + 21-199 using differential_evolution...
2025-11-07 21:48:41 INFO: Orientation=SfccfF, Coupling=0.0530, Length=31.46mm, z_l1=9.75, z_l2=17.35
2025-11-07 21:48:41 INFO: 
Optimizing 23-813 + 22-842 using differential_evolution...
2025-11-07 21:48:43 INFO: Orientation=SfccfF, Coupling=0.1245, Length=33.97mm, z_l1=9.80, z_l2=25.67
2025-11-07 21:48:43 INFO: 
Optimizing 23-813 + 23-813 using differential_evolution...
2025-11-07 21:48:45 INFO: Orientation=SfccfF, Coupling=0.1265, Length=33.08mm, z_l1=9.71, z_l2=25.76
2025-11-07 21:48:45 INFO: 
Optimizing 23-813 + 72-494 using differential_evolution...
2025-11-07 21:48:47 INFO: Orientation=SfccfF, Coupling=0.1190, Length=29.72mm, z_l1=9.75, z_l2=21.42
2025-11-07 21:48:47 INFO: 
Optimizing 23-813 + 72-514 using differential_evolution...
2025-11-07 21:48:49 INFO: Orientation=SfccfF, Coupling=0.1020, Length=29.95mm, z_l1=9.97, z_l2=21.65
2025-11-07 21:48:49 INFO: 
Optimizing 23-813 + 36-686 using differential_evolution...
2025-11-07 21:48:51 INFO: Orientation=SfccfF, Coupling=0.0510, Length=31.10mm, z_l1=10.07, z_l2=17.57
2025-11-07 21:48:51 INFO: 
Optimizing 23-813 + 36-687 using differential_evolution...
2025-11-07 21:48:54 INFO: Orientation=SfccfF, Coupling=0.0005, Length=53.41mm, z_l1=9.90, z_l2=17.41
2025-11-07 21:48:54 INFO: 
Optimizing 23-813 + 84-882 using differential_evolution...
2025-11-07 21:48:56 INFO: Orientation=SfccfF, Coupling=0.0245, Length=26.28mm, z_l1=9.92, z_l2=17.45
2025-11-07 21:48:56 INFO: 
Optimizing 23-813 + 15-532 using differential_evolution...
2025-11-07 21:49:00 INFO: Orientation=SfccfF, Coupling=0.0250, Length=26.46mm, z_l1=9.92, z_l2=17.63
2025-11-07 21:49:00 INFO: 
Optimizing 23-813 + 49-959 using differential_evolution...
2025-11-07 21:49:03 INFO: Orientation=SfccfF, Coupling=0.0330, Length=33.01mm, z_l1=9.80, z_l2=17.92
2025-11-07 21:49:03 INFO: 
Optimizing 23-813 + 49-960 using differential_evolution...
2025-11-07 21:49:07 INFO: Orientation=SfccfF, Coupling=0.0205, Length=35.36mm, z_l1=10.03, z_l2=17.58
2025-11-07 21:49:07 INFO: 
Optimizing 23-813 + 36-689 using differential_evolution...
2025-11-07 21:49:08 INFO: Orientation=SfccfF, Coupling=0.0350, Length=35.22mm, z_l1=9.90, z_l2=17.55
2025-11-07 21:49:08 INFO: 
Optimizing 23-813 + 48-273 using differential_evolution...
2025-11-07 21:49:10 INFO: Orientation=SfccfF, Coupling=0.0210, Length=36.51mm, z_l1=9.73, z_l2=17.42
2025-11-07 21:49:10 INFO: 
Optimizing 23-813 + LA4021 using differential_evolution...
2025-11-07 21:49:12 INFO: Orientation=SfccfF, Coupling=0.0575, Length=32.85mm, z_l1=9.97, z_l2=17.61
2025-11-07 21:49:12 INFO: 
Optimizing 23-813 + LA4052 using differential_evolution...
2025-11-07 21:49:15 INFO: Orientation=SfccfF, Coupling=0.0330, Length=35.51mm, z_l1=9.75, z_l2=17.85
2025-11-07 21:49:15 INFO: 
Optimizing 23-813 + 72-487 using differential_evolution...
2025-11-07 21:49:18 INFO: Orientation=SfccfF, Coupling=0.0465, Length=32.43mm, z_l1=10.04, z_l2=18.37
2025-11-07 21:49:18 INFO: 
Optimizing 23-813 + 72-507 using differential_evolution...
2025-11-07 21:49:20 INFO: Orientation=SfccfF, Coupling=0.0490, Length=31.40mm, z_l1=9.74, z_l2=17.29
2025-11-07 21:49:20 INFO: 
Optimizing 23-813 + 19-518 using differential_evolution...
2025-11-07 21:49:22 INFO: Orientation=SfccfF, Coupling=0.0570, Length=31.71mm, z_l1=10.12, z_l2=17.63
2025-11-07 21:49:22 INFO: 
Optimizing 23-813 + 21-199 using differential_evolution...
2025-11-07 21:49:27 INFO: Orientation=SfccfF, Coupling=0.0495, Length=31.64mm, z_l1=9.87, z_l2=17.53
2025-11-07 21:49:27 INFO: 
Optimizing 72-494 + 22-842 using differential_evolution...
2025-11-07 21:49:29 INFO: Orientation=SfccfF, Coupling=0.1405, Length=33.17mm, z_l1=9.77, z_l2=25.85
2025-11-07 21:49:29 INFO: 
Optimizing 72-494 + 23-813 using differential_evolution...
2025-11-07 21:49:31 INFO: Orientation=SfccfF, Coupling=0.1330, Length=34.04mm, z_l1=9.83, z_l2=25.74
2025-11-07 21:49:31 INFO: 
Optimizing 72-494 + 72-494 using differential_evolution...
2025-11-07 21:49:36 INFO: Orientation=SfccfF, Coupling=0.1215, Length=30.09mm, z_l1=9.74, z_l2=21.79
2025-11-07 21:49:36 INFO: 
Optimizing 72-494 + 72-514 using differential_evolution...
2025-11-07 21:49:38 INFO: Orientation=SfccfF, Coupling=0.1130, Length=29.66mm, z_l1=9.71, z_l2=21.36
2025-11-07 21:49:38 INFO: 
Optimizing 72-494 + 36-686 using differential_evolution...
2025-11-07 21:49:40 INFO: Orientation=SfccfF, Coupling=0.0470, Length=31.38mm, z_l1=10.12, z_l2=17.77
2025-11-07 21:49:40 INFO: 
Optimizing 72-494 + 36-687 using differential_evolution...
2025-11-07 21:49:44 INFO: Orientation=SfccfF, Coupling=0.0210, Length=35.52mm, z_l1=9.80, z_l2=17.34
2025-11-07 21:49:44 INFO: 
Optimizing 72-494 + 84-882 using differential_evolution...
2025-11-07 21:49:46 INFO: Orientation=SfccfF, Coupling=0.0245, Length=26.41mm, z_l1=9.79, z_l2=17.58
2025-11-07 21:49:46 INFO: 
Optimizing 72-494 + 15-532 using differential_evolution...
2025-11-07 21:49:49 INFO: Orientation=SfccfF, Coupling=0.0315, Length=26.31mm, z_l1=9.79, z_l2=17.47
2025-11-07 21:49:49 INFO: 
Optimizing 72-494 + 49-959 using differential_evolution...
2025-11-07 21:49:53 INFO: Orientation=SfccfF, Coupling=0.0355, Length=33.10mm, z_l1=10.25, z_l2=18.05
2025-11-07 21:49:53 INFO: 
Optimizing 72-494 + 49-960 using differential_evolution...
2025-11-07 21:49:55 INFO: Orientation=SfccfF, Coupling=0.0240, Length=35.02mm, z_l1=9.73, z_l2=17.36
2025-11-07 21:49:55 INFO: 
Optimizing 72-494 + 36-689 using differential_evolution...
2025-11-07 21:49:58 INFO: Orientation=SfccfF, Coupling=0.0290, Length=35.56mm, z_l1=9.86, z_l2=17.88
2025-11-07 21:49:58 INFO: 
Optimizing 72-494 + 48-273 using differential_evolution...
2025-11-07 21:50:02 INFO: Orientation=SfccfF, Coupling=0.0175, Length=36.98mm, z_l1=10.14, z_l2=17.91
2025-11-07 21:50:02 INFO: 
Optimizing 72-494 + LA4021 using differential_evolution...
2025-11-07 21:50:04 INFO: Orientation=SfccfF, Coupling=0.0670, Length=32.57mm, z_l1=9.77, z_l2=17.55
2025-11-07 21:50:04 INFO: 
Optimizing 72-494 + LA4052 using differential_evolution...
2025-11-07 21:50:08 INFO: Orientation=SfccfF, Coupling=0.0015, Length=52.70mm, z_l1=9.73, z_l2=17.60
2025-11-07 21:50:08 INFO: 
Optimizing 72-494 + 72-487 using differential_evolution...
2025-11-07 21:50:11 INFO: Orientation=SfccfF, Coupling=0.0455, Length=31.47mm, z_l1=9.80, z_l2=17.36
2025-11-07 21:50:11 INFO: 
Optimizing 72-494 + 72-507 using differential_evolution...
2025-11-07 21:50:13 INFO: Orientation=SfccfF, Coupling=0.0565, Length=31.76mm, z_l1=9.70, z_l2=17.65
2025-11-07 21:50:13 INFO: 
Optimizing 72-494 + 19-518 using differential_evolution...
2025-11-07 21:50:17 INFO: Orientation=SfccfF, Coupling=0.0570, Length=31.44mm, z_l1=9.80, z_l2=17.33
2025-11-07 21:50:17 INFO: 
Optimizing 72-494 + 21-199 using differential_evolution...
2025-11-07 21:50:20 INFO: Orientation=SfccfF, Coupling=0.0535, Length=31.77mm, z_l1=10.07, z_l2=17.66
2025-11-07 21:50:20 INFO: 
Optimizing 72-514 + 22-842 using differential_evolution...
2025-11-07 21:50:22 INFO: Orientation=SfccfF, Coupling=0.1270, Length=33.81mm, z_l1=9.74, z_l2=25.51
2025-11-07 21:50:22 INFO: 
Optimizing 72-514 + 23-813 using differential_evolution...
2025-11-07 21:50:27 INFO: Orientation=SfccfF, Coupling=0.1190, Length=34.14mm, z_l1=10.35, z_l2=25.84
2025-11-07 21:50:27 INFO: 
Optimizing 72-514 + 72-494 using differential_evolution...
2025-11-07 21:50:29 INFO: Orientation=SfccfF, Coupling=0.1230, Length=29.66mm, z_l1=9.70, z_l2=21.36
2025-11-07 21:50:29 INFO: 
Optimizing 72-514 + 72-514 using differential_evolution...
2025-11-07 21:50:34 INFO: Orientation=SfccfF, Coupling=0.1125, Length=30.06mm, z_l1=9.74, z_l2=21.76
2025-11-07 21:50:34 INFO: 
Optimizing 72-514 + 36-686 using differential_evolution...
2025-11-07 21:50:36 INFO: Orientation=SfccfF, Coupling=0.0615, Length=30.96mm, z_l1=9.84, z_l2=17.41
2025-11-07 21:50:36 INFO: 
Optimizing 72-514 + 36-687 using differential_evolution...
2025-11-07 21:50:39 INFO: Orientation=SfccfF, Coupling=0.0175, Length=36.30mm, z_l1=9.93, z_l2=17.53
2025-11-07 21:50:39 INFO: 
Optimizing 72-514 + 84-882 using differential_evolution...
2025-11-07 21:50:44 INFO: Orientation=SfccfF, Coupling=0.0275, Length=26.09mm, z_l1=9.73, z_l2=17.26
2025-11-07 21:50:44 INFO: 
Optimizing 72-514 + 15-532 using differential_evolution...
2025-11-07 21:50:46 INFO: Orientation=SfccfF, Coupling=0.0280, Length=26.62mm, z_l1=9.73, z_l2=17.78
2025-11-07 21:50:46 INFO: 
Optimizing 72-514 + 49-959 using differential_evolution...
2025-11-07 21:50:50 INFO: Orientation=SfccfF, Coupling=0.0535, Length=32.53mm, z_l1=9.72, z_l2=17.43
2025-11-07 21:50:50 INFO: 
Optimizing 72-514 + 49-960 using differential_evolution...
2025-11-07 21:50:53 INFO: Orientation=SfccfF, Coupling=0.0200, Length=35.28mm, z_l1=9.74, z_l2=17.39
2025-11-07 21:50:53 INFO: 
Optimizing 72-514 + 36-689 using differential_evolution...
2025-11-07 21:50:56 INFO: Orientation=SfccfF, Coupling=0.0420, Length=34.80mm, z_l1=9.72, z_l2=17.24
2025-11-07 21:50:56 INFO: 
Optimizing 72-514 + 48-273 using differential_evolution...
2025-11-07 21:51:01 INFO: Orientation=SfccfF, Coupling=0.0265, Length=36.60mm, z_l1=9.75, z_l2=17.41
2025-11-07 21:51:01 INFO: 
Optimizing 72-514 + LA4021 using differential_evolution...
2025-11-07 21:51:03 INFO: Orientation=SfccfF, Coupling=0.0870, Length=32.49mm, z_l1=9.81, z_l2=17.45
2025-11-07 21:51:03 INFO: 
Optimizing 72-514 + LA4052 using differential_evolution...
2025-11-07 21:51:08 INFO: Orientation=SfccfF, Coupling=0.0280, Length=35.51mm, z_l1=9.81, z_l2=17.61
2025-11-07 21:51:08 INFO: 
Optimizing 72-514 + 72-487 using differential_evolution...
2025-11-07 21:51:11 INFO: Orientation=SfccfF, Coupling=0.0515, Length=31.78mm, z_l1=9.95, z_l2=17.70
2025-11-07 21:51:11 INFO: 
Optimizing 72-514 + 72-507 using differential_evolution...
2025-11-07 21:51:13 INFO: Orientation=SfccfF, Coupling=0.0550, Length=31.47mm, z_l1=9.77, z_l2=17.35
2025-11-07 21:51:13 INFO: 
Optimizing 72-514 + 19-518 using differential_evolution...
2025-11-07 21:51:18 INFO: Orientation=SfccfF, Coupling=0.0510, Length=31.57mm, z_l1=9.72, z_l2=17.46
2025-11-07 21:51:18 INFO: 
Optimizing 72-514 + 21-199 using differential_evolution...
2025-11-07 21:51:21 INFO: Orientation=SfccfF, Coupling=0.0540, Length=31.52mm, z_l1=9.84, z_l2=17.41
2025-11-07 21:51:21 INFO: 
Optimizing 36-686 + 22-842 using differential_evolution...
2025-11-07 21:51:26 INFO: Orientation=SfccfF, Coupling=0.0460, Length=32.07mm, z_l1=9.76, z_l2=19.91
2025-11-07 21:51:26 INFO: 
Optimizing 36-686 + 23-813 using differential_evolution...
2025-11-07 21:51:28 INFO: Orientation=SfccfF, Coupling=0.0435, Length=32.11mm, z_l1=9.79, z_l2=19.95
2025-11-07 21:51:28 INFO: 
Optimizing 36-686 + 72-494 using differential_evolution...
2025-11-07 21:51:33 INFO: Orientation=SfccfF, Coupling=0.0040, Length=28.89mm, z_l1=10.08, z_l2=20.59
2025-11-07 21:51:33 INFO: 
Optimizing 36-686 + 72-514 using differential_evolution...
2025-11-07 21:51:36 INFO: Orientation=SfccfF, Coupling=0.0040, Length=28.40mm, z_l1=9.86, z_l2=20.10
2025-11-07 21:51:36 INFO: 
Optimizing 36-686 + 36-686 using differential_evolution...
2025-11-07 21:51:41 INFO: Orientation=SfccfF, Coupling=0.3340, Length=44.37mm, z_l1=11.26, z_l2=17.37
2025-11-07 21:51:41 INFO: 
Optimizing 36-686 + 36-687 using differential_evolution...
2025-11-07 21:51:45 INFO: Orientation=SfccfF, Coupling=0.4965, Length=54.35mm, z_l1=12.25, z_l2=18.35
2025-11-07 21:51:45 INFO: 
Optimizing 36-686 + 84-882 using differential_evolution...
2025-11-07 21:51:48 INFO: Orientation=SfccfF, Coupling=0.0280, Length=28.33mm, z_l1=10.12, z_l2=16.33
2025-11-07 21:51:48 INFO: 
Optimizing 36-686 + 15-532 using differential_evolution...
2025-11-07 21:51:50 INFO: Orientation=SfccfF, Coupling=0.0265, Length=27.73mm, z_l1=9.72, z_l2=15.73
2025-11-07 21:51:50 INFO: 
Optimizing 36-686 + 49-959 using differential_evolution...
2025-11-07 21:51:56 INFO: Orientation=SfccfF, Coupling=0.3780, Length=47.76mm, z_l1=11.73, z_l2=17.76
2025-11-07 21:51:56 INFO: 
Optimizing 36-686 + 49-960 using differential_evolution...
2025-11-07 21:51:59 INFO: Orientation=SfccfF, Coupling=0.4825, Length=53.21mm, z_l1=12.19, z_l2=18.21
2025-11-07 21:51:59 INFO: 
Optimizing 36-686 + 36-689 using differential_evolution...
2025-11-07 21:52:02 INFO: Orientation=SfccfF, Coupling=0.4420, Length=53.77mm, z_l1=12.47, z_l2=18.77
2025-11-07 21:52:02 INFO: 
Optimizing 36-686 + 48-273 using differential_evolution...
2025-11-07 21:52:05 INFO: Orientation=SfccfF, Coupling=0.5045, Length=56.60mm, z_l1=12.59, z_l2=18.60
2025-11-07 21:52:05 INFO: 
Optimizing 36-686 + LA4021 using differential_evolution...
2025-11-07 21:52:08 INFO: Orientation=SfccfF, Coupling=0.3255, Length=48.40mm, z_l1=12.30, z_l2=18.40
2025-11-07 21:52:08 INFO: 
Optimizing 36-686 + LA4052 using differential_evolution...
2025-11-07 21:52:12 INFO: Orientation=SfccfF, Coupling=0.4150, Length=53.58mm, z_l1=12.46, z_l2=18.48
2025-11-07 21:52:12 INFO: 
Optimizing 36-686 + 72-487 using differential_evolution...
2025-11-07 21:52:15 INFO: Orientation=SfccfF, Coupling=0.0630, Length=35.76mm, z_l1=13.69, z_l2=19.76
2025-11-07 21:52:15 INFO: 
Optimizing 36-686 + 72-507 using differential_evolution...
2025-11-07 21:52:18 INFO: Orientation=SfccfF, Coupling=0.0665, Length=37.49mm, z_l1=13.61, z_l2=19.61
2025-11-07 21:52:18 INFO: 
Optimizing 36-686 + 19-518 using differential_evolution...
2025-11-07 21:52:21 INFO: Orientation=SfccfF, Coupling=0.0595, Length=37.46mm, z_l1=13.55, z_l2=19.58
2025-11-07 21:52:21 INFO: 
Optimizing 36-686 + 21-199 using differential_evolution...
2025-11-07 21:52:23 INFO: Orientation=SfccfF, Coupling=0.0495, Length=37.83mm, z_l1=13.87, z_l2=21.83
2025-11-07 21:52:23 INFO: 
Optimizing 36-687 + 22-842 using differential_evolution...
2025-11-07 21:52:30 INFO: Orientation=SfccfF, Coupling=0.0205, Length=31.63mm, z_l1=9.92, z_l2=19.28
2025-11-07 21:52:30 INFO: 
Optimizing 36-687 + 23-813 using differential_evolution...
2025-11-07 21:52:33 INFO: Orientation=SfccfF, Coupling=0.0255, Length=31.21mm, z_l1=9.72, z_l2=18.87
2025-11-07 21:52:33 INFO: 
Optimizing 36-687 + 72-494 using differential_evolution...
2025-11-07 21:52:36 INFO: Orientation=SfccfF, Coupling=0.0020, Length=26.39mm, z_l1=9.89, z_l2=19.07
2025-11-07 21:52:36 INFO: 
Optimizing 36-687 + 72-514 using differential_evolution...
2025-11-07 21:52:42 INFO: Orientation=SfccfF, Coupling=0.0045, Length=27.12mm, z_l1=10.01, z_l2=19.98
2025-11-07 21:52:42 INFO: 
Optimizing 36-687 + 36-686 using differential_evolution...
2025-11-07 21:52:45 INFO: Orientation=SfccfF, Coupling=0.1925, Length=48.37mm, z_l1=16.31, z_l2=21.37
2025-11-07 21:52:45 INFO: 
Optimizing 36-687 + 36-687 using differential_evolution...
2025-11-07 21:52:51 INFO: Orientation=SfccfF, Coupling=0.2825, Length=59.08mm, z_l1=17.97, z_l2=23.08
2025-11-07 21:52:51 INFO: 
Optimizing 36-687 + 84-882 using differential_evolution...
2025-11-07 21:52:55 INFO: Orientation=SfccfF, Coupling=0.0230, Length=27.05mm, z_l1=9.81, z_l2=15.05
2025-11-07 21:52:55 INFO: 
Optimizing 36-687 + 15-532 using differential_evolution...
2025-11-07 21:53:00 INFO: Orientation=SfccfF, Coupling=0.0310, Length=26.79mm, z_l1=9.74, z_l2=14.79
2025-11-07 21:53:00 INFO: 
Optimizing 36-687 + 49-959 using differential_evolution...
2025-11-07 21:53:05 INFO: Orientation=SfccfF, Coupling=0.2390, Length=52.19mm, z_l1=17.16, z_l2=22.19
2025-11-07 21:53:05 INFO: 
Optimizing 36-687 + 49-960 using differential_evolution...
2025-11-07 21:53:09 INFO: Orientation=SfccfF, Coupling=0.2700, Length=57.87mm, z_l1=17.84, z_l2=22.87
2025-11-07 21:53:10 INFO: 
Optimizing 36-687 + 36-689 using differential_evolution...
2025-11-07 21:53:13 INFO: Orientation=SfccfF, Coupling=0.2570, Length=58.49mm, z_l1=18.47, z_l2=23.49
2025-11-07 21:53:13 INFO: 
Optimizing 36-687 + 48-273 using differential_evolution...
2025-11-07 21:53:16 INFO: Orientation=SfccfF, Coupling=0.3080, Length=61.61mm, z_l1=18.57, z_l2=23.61
2025-11-07 21:53:16 INFO: 
Optimizing 36-687 + LA4021 using differential_evolution...
2025-11-07 21:53:17 INFO: Orientation=SfccfF, Coupling=0.2150, Length=53.10mm, z_l1=18.01, z_l2=23.10
2025-11-07 21:53:17 INFO: 
Optimizing 36-687 + LA4052 using differential_evolution...
2025-11-07 21:53:19 INFO: Orientation=SfccfF, Coupling=0.2665, Length=58.78mm, z_l1=18.30, z_l2=23.68
2025-11-07 21:53:19 INFO: 
Optimizing 36-687 + 72-487 using differential_evolution...
2025-11-07 21:53:23 INFO: Orientation=SfccfF, Coupling=0.1500, Length=35.53mm, z_l1=10.11, z_l2=15.30
2025-11-07 21:53:23 INFO: 
Optimizing 36-687 + 72-507 using differential_evolution...
2025-11-07 21:53:25 INFO: Orientation=SfccfF, Coupling=0.1330, Length=36.93mm, z_l1=9.83, z_l2=15.26
2025-11-07 21:53:25 INFO: 
Optimizing 36-687 + 19-518 using differential_evolution...
2025-11-07 21:53:26 INFO: Orientation=SfccfF, Coupling=0.1480, Length=36.37mm, z_l1=9.70, z_l2=14.70
2025-11-07 21:53:26 INFO: 
Optimizing 36-687 + 21-199 using differential_evolution...
2025-11-07 21:53:28 INFO: Orientation=SfccfF, Coupling=0.1340, Length=36.06mm, z_l1=10.53, z_l2=15.84
2025-11-07 21:53:28 INFO: 
Optimizing 84-882 + 22-842 using differential_evolution...
2025-11-07 21:53:32 INFO: Orientation=SfccfF, Coupling=0.0000, Length=36.18mm, z_l1=9.83, z_l2=27.88
2025-11-07 21:53:32 INFO: 
Optimizing 84-882 + 23-813 using differential_evolution...
2025-11-07 21:53:33 INFO: Orientation=SfccfF, Coupling=0.0000, Length=36.09mm, z_l1=9.90, z_l2=27.79
2025-11-07 21:53:33 INFO: 
Optimizing 84-882 + 72-494 using differential_evolution...
2025-11-07 21:53:34 INFO: Orientation=SfccfF, Coupling=0.0000, Length=35.55mm, z_l1=9.76, z_l2=27.25
2025-11-07 21:53:34 INFO: 
Optimizing 84-882 + 72-514 using differential_evolution...
2025-11-07 21:53:36 INFO: Orientation=SfccfF, Coupling=0.0000, Length=35.55mm, z_l1=9.70, z_l2=27.25
2025-11-07 21:53:36 INFO: 
Optimizing 84-882 + 36-686 using differential_evolution...
2025-11-07 21:53:38 INFO: Orientation=SfccfF, Coupling=0.0000, Length=50.04mm, z_l1=9.72, z_l2=23.04
2025-11-07 21:53:38 INFO: 
Optimizing 84-882 + 36-687 using differential_evolution...
2025-11-07 21:53:41 INFO: Orientation=SfccfF, Coupling=0.0000, Length=59.73mm, z_l1=10.24, z_l2=23.73
2025-11-07 21:53:41 INFO: 
Optimizing 84-882 + 84-882 using differential_evolution...
2025-11-07 21:53:42 INFO: Orientation=SfccfF, Coupling=0.0000, Length=35.26mm, z_l1=9.93, z_l2=23.26
2025-11-07 21:53:42 INFO: 
Optimizing 84-882 + 15-532 using differential_evolution...
2025-11-07 21:53:44 INFO: Orientation=SfccfF, Coupling=0.0000, Length=36.08mm, z_l1=9.85, z_l2=24.08
2025-11-07 21:53:44 INFO: 
Optimizing 84-882 + 49-959 using differential_evolution...
2025-11-07 21:53:46 INFO: Orientation=SfccfF, Coupling=0.0000, Length=53.59mm, z_l1=10.11, z_l2=23.59
2025-11-07 21:53:46 INFO: 
Optimizing 84-882 + 49-960 using differential_evolution...
2025-11-07 21:53:49 INFO: Orientation=SfccfF, Coupling=0.0000, Length=58.07mm, z_l1=9.70, z_l2=23.07
2025-11-07 21:53:49 INFO: 
Optimizing 84-882 + 36-689 using differential_evolution...
2025-11-07 21:53:51 INFO: Orientation=SfccfF, Coupling=0.0000, Length=58.66mm, z_l1=9.81, z_l2=23.66
2025-11-07 21:53:51 INFO: 
Optimizing 84-882 + 48-273 using differential_evolution...
2025-11-07 21:53:52 INFO: Orientation=SfccfF, Coupling=0.0000, Length=61.38mm, z_l1=9.81, z_l2=23.38
2025-11-07 21:53:52 INFO: 
Optimizing 84-882 + LA4021 using differential_evolution...
2025-11-07 21:53:53 INFO: Orientation=SfccfF, Coupling=0.0000, Length=53.67mm, z_l1=9.95, z_l2=23.67
2025-11-07 21:53:53 INFO: 
Optimizing 84-882 + LA4052 using differential_evolution...
2025-11-07 21:53:58 INFO: Orientation=SfccfF, Coupling=0.0000, Length=58.59mm, z_l1=10.03, z_l2=23.49
2025-11-07 21:53:58 INFO: 
Optimizing 84-882 + 72-487 using differential_evolution...
2025-11-07 21:53:59 INFO: Orientation=SfccfF, Coupling=0.0000, Length=39.60mm, z_l1=10.22, z_l2=23.60
2025-11-07 21:53:59 INFO: 
Optimizing 84-882 + 72-507 using differential_evolution...
2025-11-07 21:54:01 INFO: Orientation=SfccfF, Coupling=0.0000, Length=39.12mm, z_l1=9.72, z_l2=23.12
2025-11-07 21:54:01 INFO: 
Optimizing 84-882 + 19-518 using differential_evolution...
2025-11-07 21:54:03 INFO: Orientation=SfccfF, Coupling=0.0000, Length=39.15mm, z_l1=9.81, z_l2=23.15
2025-11-07 21:54:03 INFO: 
Optimizing 84-882 + 21-199 using differential_evolution...
2025-11-07 21:54:07 INFO: Orientation=SfccfF, Coupling=0.0000, Length=39.28mm, z_l1=9.93, z_l2=23.28
2025-11-07 21:54:07 INFO: 
Optimizing 15-532 + 22-842 using differential_evolution...
2025-11-07 21:54:08 INFO: Orientation=SfccfF, Coupling=0.0000, Length=35.70mm, z_l1=9.81, z_l2=27.40
2025-11-07 21:54:08 INFO: 
Optimizing 15-532 + 23-813 using differential_evolution...
2025-11-07 21:54:10 INFO: Orientation=SfccfF, Coupling=0.0000, Length=35.57mm, z_l1=9.78, z_l2=27.27
2025-11-07 21:54:10 INFO: 
Optimizing 15-532 + 72-494 using differential_evolution...
2025-11-07 21:54:13 INFO: Orientation=SfccfF, Coupling=0.0000, Length=35.49mm, z_l1=9.72, z_l2=27.19
2025-11-07 21:54:13 INFO: 
Optimizing 15-532 + 72-514 using differential_evolution...
2025-11-07 21:54:16 INFO: Orientation=SfccfF, Coupling=0.0000, Length=35.74mm, z_l1=9.76, z_l2=27.44
2025-11-07 21:54:16 INFO: 
Optimizing 15-532 + 36-686 using differential_evolution...
2025-11-07 21:54:17 INFO: Orientation=SfccfF, Coupling=0.0000, Length=50.86mm, z_l1=10.24, z_l2=23.86
2025-11-07 21:54:17 INFO: 
Optimizing 15-532 + 36-687 using differential_evolution...
2025-11-07 21:54:19 INFO: Orientation=SfccfF, Coupling=0.0000, Length=59.19mm, z_l1=9.85, z_l2=23.19
2025-11-07 21:54:19 INFO: 
Optimizing 15-532 + 84-882 using differential_evolution...
2025-11-07 21:54:23 INFO: Orientation=SfccfF, Coupling=0.0000, Length=35.17mm, z_l1=9.82, z_l2=23.17
2025-11-07 21:54:23 INFO: 
Optimizing 15-532 + 15-532 using differential_evolution...
2025-11-07 21:54:25 INFO: Orientation=SfccfF, Coupling=0.0000, Length=35.30mm, z_l1=9.96, z_l2=23.30
2025-11-07 21:54:25 INFO: 
Optimizing 15-532 + 49-959 using differential_evolution...
2025-11-07 21:54:26 INFO: Orientation=SfccfF, Coupling=0.0000, Length=53.11mm, z_l1=9.80, z_l2=23.11
2025-11-07 21:54:26 INFO: 
Optimizing 15-532 + 49-960 using differential_evolution...
2025-11-07 21:54:30 INFO: Orientation=SfccfF, Coupling=0.0000, Length=58.19mm, z_l1=9.86, z_l2=23.19
2025-11-07 21:54:30 INFO: 
Optimizing 15-532 + 36-689 using differential_evolution...
2025-11-07 21:54:33 INFO: Orientation=SfccfF, Coupling=0.0000, Length=59.25mm, z_l1=10.58, z_l2=24.25
2025-11-07 21:54:33 INFO: 
Optimizing 15-532 + 48-273 using differential_evolution...
2025-11-07 21:54:34 INFO: Orientation=SfccfF, Coupling=0.0000, Length=61.08mm, z_l1=9.74, z_l2=23.08
2025-11-07 21:54:34 INFO: 
Optimizing 15-532 + LA4021 using differential_evolution...
2025-11-07 21:54:36 INFO: Orientation=SfccfF, Coupling=0.0000, Length=53.25mm, z_l1=9.87, z_l2=23.25
2025-11-07 21:54:36 INFO: 
Optimizing 15-532 + LA4052 using differential_evolution...
2025-11-07 21:54:40 INFO: Orientation=SfccfF, Coupling=0.0000, Length=58.79mm, z_l1=10.15, z_l2=23.69
2025-11-07 21:54:40 INFO: 
Optimizing 15-532 + 72-487 using differential_evolution...
2025-11-07 21:54:42 INFO: Orientation=SfccfF, Coupling=0.0000, Length=39.32mm, z_l1=9.79, z_l2=23.32
2025-11-07 21:54:42 INFO: 
Optimizing 15-532 + 72-507 using differential_evolution...
2025-11-07 21:54:44 INFO: Orientation=SfccfF, Coupling=0.0000, Length=40.39mm, z_l1=10.26, z_l2=24.39
2025-11-07 21:54:44 INFO: 
Optimizing 15-532 + 19-518 using differential_evolution...
2025-11-07 21:54:48 INFO: Orientation=SfccfF, Coupling=0.0000, Length=39.36mm, z_l1=9.94, z_l2=23.36
2025-11-07 21:54:48 INFO: 
Optimizing 15-532 + 21-199 using differential_evolution...
2025-11-07 21:54:50 INFO: Orientation=SfccfF, Coupling=0.0000, Length=39.24mm, z_l1=9.76, z_l2=23.24
2025-11-07 21:54:50 INFO: 
Optimizing 49-959 + 22-842 using differential_evolution...
2025-11-07 21:54:52 INFO: Orientation=SfccfF, Coupling=0.0385, Length=33.03mm, z_l1=10.07, z_l2=20.87
2025-11-07 21:54:52 INFO: 
Optimizing 49-959 + 23-813 using differential_evolution...
2025-11-07 21:54:57 INFO: Orientation=SfccfF, Coupling=0.0425, Length=33.02mm, z_l1=9.92, z_l2=20.75
2025-11-07 21:54:57 INFO: 
Optimizing 49-959 + 72-494 using differential_evolution...
2025-11-07 21:54:59 INFO: Orientation=SfccfF, Coupling=0.0015, Length=29.44mm, z_l1=9.92, z_l2=21.14
2025-11-07 21:54:59 INFO: 
Optimizing 49-959 + 72-514 using differential_evolution...
2025-11-07 21:55:01 INFO: Orientation=SfccfF, Coupling=0.0030, Length=27.91mm, z_l1=9.78, z_l2=20.59
2025-11-07 21:55:01 INFO: 
Optimizing 49-959 + 36-686 using differential_evolution...
2025-11-07 21:55:06 INFO: Orientation=SfccfF, Coupling=0.2825, Length=46.10mm, z_l1=12.57, z_l2=19.10
2025-11-07 21:55:06 INFO: 
Optimizing 49-959 + 36-687 using differential_evolution...
2025-11-07 21:55:09 INFO: Orientation=SfccfF, Coupling=0.4095, Length=56.17mm, z_l1=13.66, z_l2=20.17
2025-11-07 21:55:09 INFO: 
Optimizing 49-959 + 84-882 using differential_evolution...
2025-11-07 21:55:13 INFO: Orientation=SfccfF, Coupling=0.0230, Length=28.46mm, z_l1=9.90, z_l2=16.46
2025-11-07 21:55:13 INFO: 
Optimizing 49-959 + 15-532 using differential_evolution...
2025-11-07 21:55:16 INFO: Orientation=SfccfF, Coupling=0.0215, Length=28.65mm, z_l1=9.80, z_l2=16.65
2025-11-07 21:55:16 INFO: 
Optimizing 49-959 + 49-959 using differential_evolution...
2025-11-07 21:55:18 INFO: Orientation=SfccfF, Coupling=0.3140, Length=49.56mm, z_l1=13.05, z_l2=19.56
2025-11-07 21:55:18 INFO: 
Optimizing 49-959 + 49-960 using differential_evolution...
2025-11-07 21:55:24 INFO: Orientation=SfccfF, Coupling=0.3845, Length=55.22mm, z_l1=13.58, z_l2=20.22
2025-11-07 21:55:24 INFO: 
Optimizing 49-959 + 36-689 using differential_evolution...
2025-11-07 21:55:26 INFO: Orientation=SfccfF, Coupling=0.3780, Length=55.57mm, z_l1=14.04, z_l2=20.57
2025-11-07 21:55:26 INFO: 
Optimizing 49-959 + 48-273 using differential_evolution...
2025-11-07 21:55:32 INFO: Orientation=SfccfF, Coupling=0.4355, Length=58.66mm, z_l1=14.15, z_l2=20.66
2025-11-07 21:55:32 INFO: 
Optimizing 49-959 + LA4021 using differential_evolution...
2025-11-07 21:55:34 INFO: Orientation=SfccfF, Coupling=0.2810, Length=50.44mm, z_l1=13.76, z_l2=20.44
2025-11-07 21:55:34 INFO: 
Optimizing 49-959 + LA4052 using differential_evolution...
2025-11-07 21:55:39 INFO: Orientation=SfccfF, Coupling=0.3595, Length=55.56mm, z_l1=13.96, z_l2=20.46
2025-11-07 21:55:39 INFO: 
Optimizing 49-959 + 72-487 using differential_evolution...
2025-11-07 21:55:42 INFO: Orientation=SfccfF, Coupling=0.0590, Length=39.13mm, z_l1=14.39, z_l2=21.24
2025-11-07 21:55:42 INFO: 
Optimizing 49-959 + 72-507 using differential_evolution...
2025-11-07 21:55:44 INFO: Orientation=SfccfF, Coupling=0.1170, Length=36.91mm, z_l1=9.82, z_l2=16.68
2025-11-07 21:55:44 INFO: 
Optimizing 49-959 + 19-518 using differential_evolution...
2025-11-07 21:55:49 INFO: Orientation=SfccfF, Coupling=0.0445, Length=39.89mm, z_l1=15.25, z_l2=22.00
2025-11-07 21:55:49 INFO: 
Optimizing 49-959 + 21-199 using differential_evolution...
2025-11-07 21:55:51 INFO: Orientation=SfccfF, Coupling=0.0560, Length=38.21mm, z_l1=15.31, z_l2=22.21
2025-11-07 21:55:51 INFO: 
Optimizing 49-960 + 22-842 using differential_evolution...
2025-11-07 21:55:56 INFO: Orientation=SfccfF, Coupling=0.0295, Length=32.04mm, z_l1=9.95, z_l2=19.61
2025-11-07 21:55:56 INFO: 
Optimizing 49-960 + 23-813 using differential_evolution...
2025-11-07 21:55:59 INFO: Orientation=SfccfF, Coupling=0.0290, Length=32.40mm, z_l1=10.15, z_l2=19.98
2025-11-07 21:55:59 INFO: 
Optimizing 49-960 + 72-494 using differential_evolution...
2025-11-07 21:56:02 INFO: Orientation=SfccfF, Coupling=0.0015, Length=27.72mm, z_l1=9.70, z_l2=19.42
2025-11-07 21:56:02 INFO: 
Optimizing 49-960 + 72-514 using differential_evolution...
2025-11-07 21:56:06 INFO: Orientation=SfccfF, Coupling=0.0045, Length=27.11mm, z_l1=9.88, z_l2=19.97
2025-11-07 21:56:06 INFO: 
Optimizing 49-960 + 36-686 using differential_evolution...
2025-11-07 21:56:08 INFO: Orientation=SfccfF, Coupling=0.2060, Length=48.61mm, z_l1=15.60, z_l2=21.61
2025-11-07 21:56:08 INFO: 
Optimizing 49-960 + 36-687 using differential_evolution...
2025-11-07 21:56:14 INFO: Orientation=SfccfF, Coupling=0.3110, Length=58.78mm, z_l1=17.16, z_l2=22.78
2025-11-07 21:56:14 INFO: 
Optimizing 49-960 + 84-882 using differential_evolution...
2025-11-07 21:56:16 INFO: Orientation=SfccfF, Coupling=0.0210, Length=28.30mm, z_l1=9.98, z_l2=16.30
2025-11-07 21:56:16 INFO: 
Optimizing 49-960 + 15-532 using differential_evolution...
2025-11-07 21:56:21 INFO: Orientation=SfccfF, Coupling=0.0230, Length=28.21mm, z_l1=9.88, z_l2=16.21
2025-11-07 21:56:21 INFO: 
Optimizing 49-960 + 49-959 using differential_evolution...
2025-11-07 21:56:24 INFO: Orientation=SfccfF, Coupling=0.2375, Length=51.78mm, z_l1=16.26, z_l2=21.78
2025-11-07 21:56:24 INFO: 
Optimizing 49-960 + 49-960 using differential_evolution...
2025-11-07 21:56:29 INFO: Orientation=SfccfF, Coupling=0.3135, Length=57.50mm, z_l1=16.99, z_l2=22.50
2025-11-07 21:56:29 INFO: 
Optimizing 49-960 + 36-689 using differential_evolution...
2025-11-07 21:56:33 INFO: Orientation=SfccfF, Coupling=0.2730, Length=58.01mm, z_l1=17.47, z_l2=23.01
2025-11-07 21:56:33 INFO: 
Optimizing 49-960 + 48-273 using differential_evolution...
2025-11-07 21:56:36 INFO: Orientation=SfccfF, Coupling=0.3420, Length=61.17mm, z_l1=17.67, z_l2=23.17
2025-11-07 21:56:36 INFO: 
Optimizing 49-960 + LA4021 using differential_evolution...
2025-11-07 21:56:41 INFO: Orientation=SfccfF, Coupling=0.2055, Length=52.72mm, z_l1=17.18, z_l2=22.72
2025-11-07 21:56:41 INFO: 
Optimizing 49-960 + LA4052 using differential_evolution...
2025-11-07 21:56:44 INFO: Orientation=SfccfF, Coupling=0.2950, Length=58.18mm, z_l1=17.46, z_l2=23.08
2025-11-07 21:56:44 INFO: 
Optimizing 49-960 + 72-487 using differential_evolution...
2025-11-07 21:56:49 INFO: Orientation=SfccfF, Coupling=0.1360, Length=35.72mm, z_l1=9.81, z_l2=15.50
2025-11-07 21:56:49 INFO: 
Optimizing 49-960 + 72-507 using differential_evolution...
2025-11-07 21:56:52 INFO: Orientation=SfccfF, Coupling=0.1385, Length=35.60mm, z_l1=9.79, z_l2=15.38
2025-11-07 21:56:52 INFO: 
Optimizing 49-960 + 19-518 using differential_evolution...
2025-11-07 21:56:57 INFO: Orientation=SfccfF, Coupling=0.0455, Length=41.39mm, z_l1=17.71, z_l2=23.50
2025-11-07 21:56:57 INFO: 
Optimizing 49-960 + 21-199 using differential_evolution...
2025-11-07 21:57:00 INFO: Orientation=SfccfF, Coupling=0.1195, Length=36.03mm, z_l1=9.84, z_l2=15.81
2025-11-07 21:57:00 INFO: 
Optimizing 36-689 + 22-842 using differential_evolution...
2025-11-07 21:57:05 INFO: Orientation=SfccfF, Coupling=0.0305, Length=35.81mm, z_l1=10.43, z_l2=23.65
2025-11-07 21:57:05 INFO: 
Optimizing 36-689 + 23-813 using differential_evolution...
2025-11-07 21:57:08 INFO: Orientation=SfccfF, Coupling=0.0265, Length=35.33mm, z_l1=9.80, z_l2=23.05
2025-11-07 21:57:08 INFO: 
Optimizing 36-689 + 72-494 using differential_evolution...
2025-11-07 21:57:13 INFO: Orientation=SfccfF, Coupling=0.0030, Length=31.85mm, z_l1=10.11, z_l2=23.55
2025-11-07 21:57:13 INFO: 
Optimizing 36-689 + 72-514 using differential_evolution...
2025-11-07 21:57:16 INFO: Orientation=SfccfF, Coupling=0.0010, Length=31.60mm, z_l1=9.87, z_l2=23.30
2025-11-07 21:57:16 INFO: 
Optimizing 36-689 + 36-686 using differential_evolution...
2025-11-07 21:57:22 INFO: Orientation=SfccfF, Coupling=0.2120, Length=49.47mm, z_l1=13.34, z_l2=22.47
2025-11-07 21:57:22 INFO: 
Optimizing 36-689 + 36-687 using differential_evolution...
2025-11-07 21:57:25 INFO: Orientation=SfccfF, Coupling=0.3080, Length=59.97mm, z_l1=14.87, z_l2=23.97
2025-11-07 21:57:25 INFO: 
Optimizing 36-689 + 84-882 using differential_evolution...
2025-11-07 21:57:31 INFO: Orientation=SfccfF, Coupling=0.0180, Length=31.87mm, z_l1=10.71, z_l2=19.87
2025-11-07 21:57:31 INFO: 
Optimizing 36-689 + 15-532 using differential_evolution...
2025-11-07 21:57:33 INFO: Orientation=SfccfF, Coupling=0.0200, Length=31.03mm, z_l1=9.72, z_l2=19.03
2025-11-07 21:57:33 INFO: 
Optimizing 36-689 + 49-959 using differential_evolution...
2025-11-07 21:57:36 INFO: Orientation=SfccfF, Coupling=0.2455, Length=53.09mm, z_l1=14.08, z_l2=23.09
2025-11-07 21:57:36 INFO: 
Optimizing 36-689 + 49-960 using differential_evolution...
2025-11-07 21:57:42 INFO: Orientation=SfccfF, Coupling=0.3170, Length=58.78mm, z_l1=14.75, z_l2=23.78
2025-11-07 21:57:42 INFO: 
Optimizing 36-689 + 36-689 using differential_evolution...
2025-11-07 21:57:46 INFO: Orientation=SfccfF, Coupling=0.2900, Length=59.32mm, z_l1=15.25, z_l2=24.32
2025-11-07 21:57:46 INFO: 
Optimizing 36-689 + 48-273 using differential_evolution...
2025-11-07 21:57:49 INFO: Orientation=SfccfF, Coupling=0.3175, Length=62.75mm, z_l1=15.55, z_l2=24.75
2025-11-07 21:57:49 INFO: 
Optimizing 36-689 + LA4021 using differential_evolution...
2025-11-07 21:57:55 INFO: Orientation=SfccfF, Coupling=0.2190, Length=54.18mm, z_l1=15.06, z_l2=24.18
2025-11-07 21:57:55 INFO: 
Optimizing 36-689 + LA4052 using differential_evolution...
2025-11-07 21:57:58 INFO: Orientation=SfccfF, Coupling=0.2865, Length=59.33mm, z_l1=15.21, z_l2=24.23
2025-11-07 21:57:58 INFO: 
Optimizing 36-689 + 72-487 using differential_evolution...
2025-11-07 21:58:03 INFO: Orientation=SfccfF, Coupling=0.0975, Length=39.51mm, z_l1=9.87, z_l2=19.28
2025-11-07 21:58:03 INFO: 
Optimizing 36-689 + 72-507 using differential_evolution...
2025-11-07 21:58:06 INFO: Orientation=SfccfF, Coupling=0.0850, Length=39.50mm, z_l1=9.80, z_l2=19.28
2025-11-07 21:58:06 INFO: 
Optimizing 36-689 + 19-518 using differential_evolution...
2025-11-07 21:58:08 INFO: Orientation=SfccfF, Coupling=0.0870, Length=39.81mm, z_l1=10.54, z_l2=19.59
2025-11-07 21:58:08 INFO: 
Optimizing 36-689 + 21-199 using differential_evolution...
2025-11-07 21:58:11 INFO: Orientation=SfccfF, Coupling=0.0975, Length=39.24mm, z_l1=9.90, z_l2=19.01
2025-11-07 21:58:11 INFO: 
Optimizing 48-273 + 22-842 using differential_evolution...
2025-11-07 21:58:17 INFO: Orientation=SfccfF, Coupling=0.0215, Length=34.42mm, z_l1=9.86, z_l2=22.07
2025-11-07 21:58:17 INFO: 
Optimizing 48-273 + 23-813 using differential_evolution...
2025-11-07 21:58:20 INFO: Orientation=SfccfF, Coupling=0.0210, Length=37.24mm, z_l1=12.35, z_l2=25.08
2025-11-07 21:58:20 INFO: 
Optimizing 48-273 + 72-494 using differential_evolution...
2025-11-07 21:58:23 INFO: Orientation=SfccfF, Coupling=0.0025, Length=29.78mm, z_l1=9.89, z_l2=22.46
2025-11-07 21:58:23 INFO: 
Optimizing 48-273 + 72-514 using differential_evolution...
2025-11-07 21:58:25 INFO: Orientation=SfccfF, Coupling=0.0030, Length=29.60mm, z_l1=9.80, z_l2=22.28
2025-11-07 21:58:25 INFO: 
Optimizing 48-273 + 36-686 using differential_evolution...
2025-11-07 21:58:27 INFO: Orientation=SfccfF, Coupling=0.1770, Length=50.30mm, z_l1=15.44, z_l2=23.30
2025-11-07 21:58:27 INFO: 
Optimizing 48-273 + 36-687 using differential_evolution...
2025-11-07 21:58:28 INFO: Orientation=SfccfF, Coupling=0.2855, Length=61.11mm, z_l1=17.26, z_l2=25.11
2025-11-07 21:58:28 INFO: 
Optimizing 48-273 + 84-882 using differential_evolution...
2025-11-07 21:58:30 INFO: Orientation=SfccfF, Coupling=0.0175, Length=30.03mm, z_l1=10.17, z_l2=18.03
2025-11-07 21:58:30 INFO: 
Optimizing 48-273 + 15-532 using differential_evolution...
2025-11-07 21:58:31 INFO: Orientation=SfccfF, Coupling=0.0210, Length=29.63mm, z_l1=9.82, z_l2=17.63
2025-11-07 21:58:31 INFO: 
Optimizing 48-273 + 49-959 using differential_evolution...
2025-11-07 21:58:33 INFO: Orientation=SfccfF, Coupling=0.2020, Length=54.32mm, z_l1=16.29, z_l2=24.32
2025-11-07 21:58:33 INFO: 
Optimizing 48-273 + 49-960 using differential_evolution...
2025-11-07 21:58:37 INFO: Orientation=SfccfF, Coupling=0.2645, Length=60.00mm, z_l1=17.22, z_l2=25.00
2025-11-07 21:58:37 INFO: 
Optimizing 48-273 + 36-689 using differential_evolution...
2025-11-07 21:58:39 INFO: Orientation=SfccfF, Coupling=0.2550, Length=60.45mm, z_l1=17.69, z_l2=25.45
2025-11-07 21:58:39 INFO: 
Optimizing 48-273 + 48-273 using differential_evolution...
2025-11-07 21:58:40 INFO: Orientation=SfccfF, Coupling=0.2840, Length=63.93mm, z_l1=17.98, z_l2=25.93
2025-11-07 21:58:40 INFO: 
Optimizing 48-273 + LA4021 using differential_evolution...
2025-11-07 21:58:44 INFO: Orientation=SfccfF, Coupling=0.1860, Length=55.09mm, z_l1=17.30, z_l2=25.09
2025-11-07 21:58:44 INFO: 
Optimizing 48-273 + LA4052 using differential_evolution...
2025-11-07 21:58:47 INFO: Orientation=SfccfF, Coupling=0.2495, Length=60.54mm, z_l1=17.65, z_l2=25.44
2025-11-07 21:58:47 INFO: 
Optimizing 48-273 + 72-487 using differential_evolution...
2025-11-07 21:58:48 INFO: Orientation=SfccfF, Coupling=0.1060, Length=38.05mm, z_l1=9.71, z_l2=17.83
2025-11-07 21:58:48 INFO: 
Optimizing 48-273 + 72-507 using differential_evolution...
2025-11-07 21:58:50 INFO: Orientation=SfccfF, Coupling=0.1200, Length=38.34mm, z_l1=9.70, z_l2=18.11
2025-11-07 21:58:50 INFO: 
Optimizing 48-273 + 19-518 using differential_evolution...
2025-11-07 21:58:52 INFO: Orientation=SfccfF, Coupling=0.1075, Length=37.88mm, z_l1=9.88, z_l2=17.66
2025-11-07 21:58:52 INFO: 
Optimizing 48-273 + 21-199 using differential_evolution...
2025-11-07 21:58:53 INFO: Orientation=SfccfF, Coupling=0.1095, Length=38.05mm, z_l1=10.05, z_l2=17.83
2025-11-07 21:58:53 INFO: 
Optimizing LA4021 + 22-842 using differential_evolution...
2025-11-07 21:58:55 INFO: Orientation=SfccfF, Coupling=0.0265, Length=36.73mm, z_l1=9.82, z_l2=25.03
2025-11-07 21:58:55 INFO: 
Optimizing LA4021 + 23-813 using differential_evolution...
2025-11-07 21:58:56 INFO: Orientation=SfccfF, Coupling=0.0260, Length=37.23mm, z_l1=10.07, z_l2=25.53
2025-11-07 21:58:56 INFO: 
Optimizing LA4021 + 72-494 using differential_evolution...
2025-11-07 21:58:59 INFO: Orientation=SfccfF, Coupling=0.0020, Length=33.39mm, z_l1=9.73, z_l2=25.09
2025-11-07 21:58:59 INFO: 
Optimizing LA4021 + 72-514 using differential_evolution...
2025-11-07 21:59:03 INFO: Orientation=SfccfF, Coupling=0.0055, Length=33.31mm, z_l1=9.72, z_l2=25.01
2025-11-07 21:59:03 INFO: 
Optimizing LA4021 + 36-686 using differential_evolution...
2025-11-07 21:59:04 INFO: Orientation=SfccfF, Coupling=0.2745, Length=47.98mm, z_l1=9.70, z_l2=20.98
2025-11-07 21:59:04 INFO: 
Optimizing LA4021 + 36-687 using differential_evolution...
2025-11-07 21:59:06 INFO: Orientation=SfccfF, Coupling=0.4165, Length=58.07mm, z_l1=10.88, z_l2=22.07
2025-11-07 21:59:06 INFO: 
Optimizing LA4021 + 84-882 using differential_evolution...
2025-11-07 21:59:11 INFO: Orientation=SfccfF, Coupling=0.0150, Length=32.92mm, z_l1=9.86, z_l2=20.92
2025-11-07 21:59:11 INFO: 
Optimizing LA4021 + 15-532 using differential_evolution...
2025-11-07 21:59:12 INFO: Orientation=SfccfF, Coupling=0.0175, Length=33.48mm, z_l1=9.77, z_l2=21.48
2025-11-07 21:59:12 INFO: 
Optimizing LA4021 + 49-959 using differential_evolution...
2025-11-07 21:59:14 INFO: Orientation=SfccfF, Coupling=0.3195, Length=51.31mm, z_l1=10.24, z_l2=21.31
2025-11-07 21:59:14 INFO: 
Optimizing LA4021 + 49-960 using differential_evolution...
2025-11-07 21:59:17 INFO: Orientation=SfccfF, Coupling=0.3865, Length=56.86mm, z_l1=10.78, z_l2=21.86
2025-11-07 21:59:17 INFO: 
Optimizing LA4021 + 36-689 using differential_evolution...
2025-11-07 21:59:21 INFO: Orientation=SfccfF, Coupling=0.3560, Length=57.19mm, z_l1=11.17, z_l2=22.19
2025-11-07 21:59:21 INFO: 
Optimizing LA4021 + 48-273 using differential_evolution...
2025-11-07 21:59:23 INFO: Orientation=SfccfF, Coupling=0.4390, Length=60.45mm, z_l1=11.28, z_l2=22.45
2025-11-07 21:59:23 INFO: 
Optimizing LA4021 + LA4021 using differential_evolution...
2025-11-07 21:59:28 INFO: Orientation=SfccfF, Coupling=0.2685, Length=51.99mm, z_l1=10.92, z_l2=21.99
2025-11-07 21:59:28 INFO: 
Optimizing LA4021 + LA4052 using differential_evolution...
2025-11-07 21:59:30 INFO: Orientation=SfccfF, Coupling=0.3665, Length=57.24mm, z_l1=11.14, z_l2=22.14
2025-11-07 21:59:30 INFO: 
Optimizing LA4021 + 72-487 using differential_evolution...
2025-11-07 21:59:31 INFO: Orientation=SfccfF, Coupling=0.0655, Length=39.52mm, z_l1=10.55, z_l2=21.63
2025-11-07 21:59:31 INFO: 
Optimizing LA4021 + 72-507 using differential_evolution...
2025-11-07 21:59:36 INFO: Orientation=SfccfF, Coupling=0.0575, Length=41.43mm, z_l1=12.33, z_l2=23.54
2025-11-07 21:59:36 INFO: 
Optimizing LA4021 + 19-518 using differential_evolution...
2025-11-07 21:59:37 INFO: Orientation=SfccfF, Coupling=0.0470, Length=41.60mm, z_l1=12.42, z_l2=23.71
2025-11-07 21:59:37 INFO: 
Optimizing LA4021 + 21-199 using differential_evolution...
2025-11-07 21:59:39 INFO: Orientation=SfccfF, Coupling=0.0480, Length=41.96mm, z_l1=12.48, z_l2=24.07
2025-11-07 21:59:39 INFO: 
Optimizing LA4052 + 22-842 using differential_evolution...
2025-11-07 21:59:42 INFO: Orientation=SfccfF, Coupling=0.0270, Length=35.32mm, z_l1=10.12, z_l2=23.05
2025-11-07 21:59:42 INFO: 
Optimizing LA4052 + 23-813 using differential_evolution...
2025-11-07 21:59:45 INFO: Orientation=SfccfF, Coupling=0.0345, Length=35.19mm, z_l1=9.75, z_l2=22.85
2025-11-07 21:59:45 INFO: 
Optimizing LA4052 + 72-494 using differential_evolution...
2025-11-07 21:59:47 INFO: Orientation=SfccfF, Coupling=0.0045, Length=31.72mm, z_l1=10.38, z_l2=23.42
2025-11-07 21:59:47 INFO: 
Optimizing LA4052 + 72-514 using differential_evolution...
2025-11-07 21:59:49 INFO: Orientation=SfccfF, Coupling=0.0020, Length=30.19mm, z_l1=9.74, z_l2=22.87
2025-11-07 21:59:49 INFO: 
Optimizing LA4052 + 36-686 using differential_evolution...
2025-11-07 21:59:54 INFO: Orientation=SfccfF, Coupling=0.2020, Length=49.31mm, z_l1=13.58, z_l2=22.31
2025-11-07 21:59:54 INFO: 
Optimizing LA4052 + 36-687 using differential_evolution...
2025-11-07 21:59:56 INFO: Orientation=SfccfF, Coupling=0.3175, Length=59.96mm, z_l1=15.20, z_l2=23.96
2025-11-07 21:59:56 INFO: 
Optimizing LA4052 + 84-882 using differential_evolution...
2025-11-07 21:59:58 INFO: Orientation=SfccfF, Coupling=0.0250, Length=30.56mm, z_l1=9.81, z_l2=18.56
2025-11-07 21:59:58 INFO: 
Optimizing LA4052 + 15-532 using differential_evolution...
2025-11-07 22:00:02 INFO: Orientation=SfccfF, Coupling=0.0205, Length=30.62mm, z_l1=9.84, z_l2=18.62
2025-11-07 22:00:02 INFO: 
Optimizing LA4052 + 49-959 using differential_evolution...
2025-11-07 22:00:04 INFO: Orientation=SfccfF, Coupling=0.2395, Length=53.06mm, z_l1=14.27, z_l2=23.06
2025-11-07 22:00:04 INFO: 
Optimizing LA4052 + 49-960 using differential_evolution...
2025-11-07 22:00:10 INFO: Orientation=SfccfF, Coupling=0.3025, Length=58.74mm, z_l1=15.02, z_l2=23.74
2025-11-07 22:00:10 INFO: 
Optimizing LA4052 + 36-689 using differential_evolution...
2025-11-07 22:00:12 INFO: Orientation=SfccfF, Coupling=0.2960, Length=59.26mm, z_l1=15.48, z_l2=24.26
2025-11-07 22:00:12 INFO: 
Optimizing LA4052 + 48-273 using differential_evolution...
2025-11-07 22:00:14 INFO: Orientation=SfccfF, Coupling=0.3230, Length=62.68mm, z_l1=15.71, z_l2=24.68
2025-11-07 22:00:14 INFO: 
Optimizing LA4052 + LA4021 using differential_evolution...
2025-11-07 22:00:19 INFO: Orientation=SfccfF, Coupling=0.2175, Length=53.98mm, z_l1=15.18, z_l2=23.98
2025-11-07 22:00:19 INFO: 
Optimizing LA4052 + LA4052 using differential_evolution...
2025-11-07 22:00:21 INFO: Orientation=SfccfF, Coupling=0.2870, Length=59.86mm, z_l1=15.44, z_l2=24.76
2025-11-07 22:00:21 INFO: 
Optimizing LA4052 + 72-487 using differential_evolution...
2025-11-07 22:00:24 INFO: Orientation=SfccfF, Coupling=0.0995, Length=38.67mm, z_l1=9.73, z_l2=18.45
2025-11-07 22:00:24 INFO: 
Optimizing LA4052 + 72-507 using differential_evolution...
2025-11-07 22:00:29 INFO: Orientation=SfccfF, Coupling=0.0960, Length=39.12mm, z_l1=10.15, z_l2=18.90
2025-11-07 22:00:29 INFO: 
Optimizing LA4052 + 19-518 using differential_evolution...
2025-11-07 22:00:31 INFO: Orientation=SfccfF, Coupling=0.0970, Length=38.98mm, z_l1=9.82, z_l2=18.75
2025-11-07 22:00:31 INFO: 
Optimizing LA4052 + 21-199 using differential_evolution...
2025-11-07 22:00:36 INFO: Orientation=SfccfF, Coupling=0.0935, Length=39.14mm, z_l1=9.95, z_l2=18.91
2025-11-07 22:00:36 INFO: 
Optimizing 72-487 + 22-842 using differential_evolution...
2025-11-07 22:00:38 INFO: Orientation=SfccfF, Coupling=0.0995, Length=47.72mm, z_l1=9.71, z_l2=39.42
2025-11-07 22:00:38 INFO: 
Optimizing 72-487 + 23-813 using differential_evolution...
2025-11-07 22:00:41 INFO: Orientation=SfccfF, Coupling=0.1065, Length=46.92mm, z_l1=9.71, z_l2=38.62
2025-11-07 22:00:41 INFO: 
Optimizing 72-487 + 72-494 using differential_evolution...
2025-11-07 22:00:45 INFO: Orientation=SfccfF, Coupling=0.1010, Length=42.81mm, z_l1=9.70, z_l2=34.51
2025-11-07 22:00:45 INFO: 
Optimizing 72-487 + 72-514 using differential_evolution...
2025-11-07 22:00:47 INFO: Orientation=SfccfF, Coupling=0.0970, Length=42.82mm, z_l1=9.77, z_l2=34.52
2025-11-07 22:00:47 INFO: 
Optimizing 72-487 + 36-686 using differential_evolution...
2025-11-07 22:00:50 INFO: Orientation=SfccfF, Coupling=0.0560, Length=40.16mm, z_l1=10.06, z_l2=25.73
2025-11-07 22:00:50 INFO: 
Optimizing 72-487 + 36-687 using differential_evolution...
2025-11-07 22:00:53 INFO: Orientation=SfccfF, Coupling=0.0345, Length=43.85mm, z_l1=9.97, z_l2=25.74
2025-11-07 22:00:53 INFO: 
Optimizing 72-487 + 84-882 using differential_evolution...
2025-11-07 22:00:55 INFO: Orientation=SfccfF, Coupling=0.0125, Length=34.54mm, z_l1=10.04, z_l2=25.71
2025-11-07 22:00:55 INFO: 
Optimizing 72-487 + 15-532 using differential_evolution...
2025-11-07 22:01:00 INFO: Orientation=SfccfF, Coupling=0.0135, Length=34.23mm, z_l1=9.72, z_l2=25.40
2025-11-07 22:01:00 INFO: 
Optimizing 72-487 + 49-959 using differential_evolution...
2025-11-07 22:01:02 INFO: Orientation=SfccfF, Coupling=0.0600, Length=41.17mm, z_l1=9.86, z_l2=25.77
2025-11-07 22:01:02 INFO: 
Optimizing 72-487 + 49-960 using differential_evolution...
2025-11-07 22:01:04 INFO: Orientation=SfccfF, Coupling=0.0440, Length=42.99mm, z_l1=9.79, z_l2=25.45
2025-11-07 22:01:04 INFO: 
Optimizing 72-487 + 36-689 using differential_evolution...
2025-11-07 22:01:09 INFO: Orientation=SfccfF, Coupling=0.0585, Length=43.20mm, z_l1=9.88, z_l2=25.66
2025-11-07 22:01:09 INFO: 
Optimizing 72-487 + 48-273 using differential_evolution...
2025-11-07 22:01:14 INFO: Orientation=SfccfF, Coupling=0.0370, Length=44.61mm, z_l1=9.81, z_l2=25.60
2025-11-07 22:01:14 INFO: 
Optimizing 72-487 + LA4021 using differential_evolution...
2025-11-07 22:01:16 INFO: Orientation=SfccfF, Coupling=0.0685, Length=41.53mm, z_l1=9.78, z_l2=25.50
2025-11-07 22:01:16 INFO: 
Optimizing 72-487 + LA4052 using differential_evolution...
2025-11-07 22:01:19 INFO: Orientation=SfccfF, Coupling=0.0570, Length=43.26mm, z_l1=9.88, z_l2=25.65
2025-11-07 22:01:19 INFO: 
Optimizing 72-487 + 72-487 using differential_evolution...
2025-11-07 22:01:23 INFO: Orientation=SfccfF, Coupling=0.0290, Length=39.89mm, z_l1=9.85, z_l2=25.78
2025-11-07 22:01:23 INFO: 
Optimizing 72-487 + 72-507 using differential_evolution...
2025-11-07 22:01:25 INFO: Orientation=SfccfF, Coupling=0.0300, Length=39.76mm, z_l1=9.77, z_l2=25.65
2025-11-07 22:01:25 INFO: 
Optimizing 72-487 + 19-518 using differential_evolution...
2025-11-07 22:01:31 INFO: Orientation=SfccfF, Coupling=0.0340, Length=39.51mm, z_l1=9.71, z_l2=25.40
2025-11-07 22:01:31 INFO: 
Optimizing 72-487 + 21-199 using differential_evolution...
2025-11-07 22:01:33 INFO: Orientation=SfccfF, Coupling=0.0360, Length=39.50mm, z_l1=9.72, z_l2=25.39
2025-11-07 22:01:33 INFO: 
Optimizing 72-507 + 22-842 using differential_evolution...
2025-11-07 22:01:35 INFO: Orientation=SfccfF, Coupling=0.0985, Length=47.32mm, z_l1=9.95, z_l2=39.02
2025-11-07 22:01:35 INFO: 
Optimizing 72-507 + 23-813 using differential_evolution...
2025-11-07 22:01:40 INFO: Orientation=SfccfF, Coupling=0.1065, Length=47.19mm, z_l1=9.78, z_l2=38.89
2025-11-07 22:01:40 INFO: 
Optimizing 72-507 + 72-494 using differential_evolution...
2025-11-07 22:01:43 INFO: Orientation=SfccfF, Coupling=0.1050, Length=42.77mm, z_l1=9.81, z_l2=34.47
2025-11-07 22:01:43 INFO: 
Optimizing 72-507 + 72-514 using differential_evolution...
2025-11-07 22:01:46 INFO: Orientation=SfccfF, Coupling=0.0965, Length=42.59mm, z_l1=10.16, z_l2=34.29
2025-11-07 22:01:46 INFO: 
Optimizing 72-507 + 36-686 using differential_evolution...
2025-11-07 22:01:48 INFO: Orientation=SfccfF, Coupling=0.0550, Length=41.10mm, z_l1=9.74, z_l2=27.02
2025-11-07 22:01:48 INFO: 
Optimizing 72-507 + 36-687 using differential_evolution...
2025-11-07 22:01:51 INFO: Orientation=SfccfF, Coupling=0.0315, Length=44.57mm, z_l1=10.55, z_l2=26.39
2025-11-07 22:01:51 INFO: 
Optimizing 72-507 + 84-882 using differential_evolution...
2025-11-07 22:01:56 INFO: Orientation=SfccfF, Coupling=0.0105, Length=34.37mm, z_l1=9.86, z_l2=25.54
2025-11-07 22:01:56 INFO: 
Optimizing 72-507 + 15-532 using differential_evolution...
2025-11-07 22:01:59 INFO: Orientation=SfccfF, Coupling=0.0095, Length=34.26mm, z_l1=9.71, z_l2=25.43
2025-11-07 22:01:59 INFO: 
Optimizing 72-507 + 49-959 using differential_evolution...
2025-11-07 22:02:04 INFO: Orientation=SfccfF, Coupling=0.0615, Length=41.12mm, z_l1=9.91, z_l2=25.72
2025-11-07 22:02:04 INFO: 
Optimizing 72-507 + 49-960 using differential_evolution...
2025-11-07 22:02:06 INFO: Orientation=SfccfF, Coupling=0.0010, Length=60.46mm, z_l1=9.77, z_l2=25.46
2025-11-07 22:02:06 INFO: 
Optimizing 72-507 + 36-689 using differential_evolution...
2025-11-07 22:02:10 INFO: Orientation=SfccfF, Coupling=0.0675, Length=43.04mm, z_l1=9.71, z_l2=25.51
2025-11-07 22:02:10 INFO: 
Optimizing 72-507 + 48-273 using differential_evolution...
2025-11-07 22:02:14 INFO: Orientation=SfccfF, Coupling=0.0000, Length=63.55mm, z_l1=9.71, z_l2=25.55
2025-11-07 22:02:14 INFO: 
Optimizing 72-507 + LA4021 using differential_evolution...
2025-11-07 22:02:17 INFO: Orientation=SfccfF, Coupling=0.0685, Length=41.49mm, z_l1=9.75, z_l2=25.46
2025-11-07 22:02:17 INFO: 
Optimizing 72-507 + LA4052 using differential_evolution...
2025-11-07 22:02:22 INFO: Orientation=SfccfF, Coupling=0.0590, Length=43.14mm, z_l1=9.74, z_l2=25.55
2025-11-07 22:02:22 INFO: 
Optimizing 72-507 + 72-487 using differential_evolution...
2025-11-07 22:02:25 INFO: Orientation=SfccfF, Coupling=0.0315, Length=39.75mm, z_l1=9.94, z_l2=25.64
2025-11-07 22:02:25 INFO: 
Optimizing 72-507 + 72-507 using differential_evolution...
2025-11-07 22:02:30 INFO: Orientation=SfccfF, Coupling=0.0300, Length=39.85mm, z_l1=9.91, z_l2=25.73
2025-11-07 22:02:30 INFO: 
Optimizing 72-507 + 19-518 using differential_evolution...
2025-11-07 22:02:33 INFO: Orientation=SfccfF, Coupling=0.0275, Length=39.63mm, z_l1=9.83, z_l2=25.52
2025-11-07 22:02:33 INFO: 
Optimizing 72-507 + 21-199 using differential_evolution...
2025-11-07 22:02:39 INFO: Orientation=SfccfF, Coupling=0.0325, Length=39.48mm, z_l1=9.70, z_l2=25.37
2025-11-07 22:02:39 INFO: 
Optimizing 19-518 + 22-842 using differential_evolution...
2025-11-07 22:02:42 INFO: Orientation=SfccfF, Coupling=0.1100, Length=46.98mm, z_l1=9.86, z_l2=38.68
2025-11-07 22:02:42 INFO: 
Optimizing 19-518 + 23-813 using differential_evolution...
2025-11-07 22:02:48 INFO: Orientation=SfccfF, Coupling=0.0895, Length=47.23mm, z_l1=10.50, z_l2=38.93
2025-11-07 22:02:48 INFO: 
Optimizing 19-518 + 72-494 using differential_evolution...
2025-11-07 22:02:51 INFO: Orientation=SfccfF, Coupling=0.1120, Length=43.16mm, z_l1=9.73, z_l2=34.86
2025-11-07 22:02:51 INFO: 
Optimizing 19-518 + 72-514 using differential_evolution...
2025-11-07 22:02:54 INFO: Orientation=SfccfF, Coupling=0.0990, Length=42.93mm, z_l1=9.77, z_l2=34.63
2025-11-07 22:02:54 INFO: 
Optimizing 19-518 + 36-686 using differential_evolution...
2025-11-07 22:03:00 INFO: Orientation=SfccfF, Coupling=0.0510, Length=40.01mm, z_l1=9.82, z_l2=25.58
2025-11-07 22:03:00 INFO: 
Optimizing 19-518 + 36-687 using differential_evolution...
2025-11-07 22:03:02 INFO: Orientation=SfccfF, Coupling=0.0015, Length=61.67mm, z_l1=9.96, z_l2=25.67
2025-11-07 22:03:02 INFO: 
Optimizing 19-518 + 84-882 using differential_evolution...
2025-11-07 22:03:08 INFO: Orientation=SfccfF, Coupling=0.0085, Length=34.57mm, z_l1=9.96, z_l2=25.74
2025-11-07 22:03:08 INFO: 
Optimizing 19-518 + 15-532 using differential_evolution...
2025-11-07 22:03:10 INFO: Orientation=SfccfF, Coupling=0.0110, Length=35.07mm, z_l1=10.50, z_l2=26.24
2025-11-07 22:03:10 INFO: 
Optimizing 19-518 + 49-959 using differential_evolution...
2025-11-07 22:03:14 INFO: Orientation=SfccfF, Coupling=0.0675, Length=40.77mm, z_l1=9.73, z_l2=25.45
2025-11-07 22:03:14 INFO: 
Optimizing 19-518 + 49-960 using differential_evolution...
2025-11-07 22:03:18 INFO: Orientation=SfccfF, Coupling=0.0360, Length=43.08mm, z_l1=9.73, z_l2=25.42
2025-11-07 22:03:18 INFO: 
Optimizing 19-518 + 36-689 using differential_evolution...
2025-11-07 22:03:20 INFO: Orientation=SfccfF, Coupling=0.0665, Length=43.00mm, z_l1=9.73, z_l2=25.43
2025-11-07 22:03:20 INFO: 
Optimizing 19-518 + 48-273 using differential_evolution...
2025-11-07 22:03:26 INFO: Orientation=SfccfF, Coupling=0.0465, Length=44.88mm, z_l1=9.71, z_l2=25.80
2025-11-07 22:03:26 INFO: 
Optimizing 19-518 + LA4021 using differential_evolution...
2025-11-07 22:03:28 INFO: Orientation=SfccfF, Coupling=0.0650, Length=41.48mm, z_l1=9.72, z_l2=25.45
2025-11-07 22:03:28 INFO: 
Optimizing 19-518 + LA4052 using differential_evolution...
2025-11-07 22:03:29 INFO: Orientation=SfccfF, Coupling=0.0640, Length=43.21mm, z_l1=9.71, z_l2=25.49
2025-11-07 22:03:29 INFO: 
Optimizing 19-518 + 72-487 using differential_evolution...
2025-11-07 22:03:33 INFO: Orientation=SfccfF, Coupling=0.0315, Length=40.06mm, z_l1=10.26, z_l2=25.95
2025-11-07 22:03:33 INFO: 
Optimizing 19-518 + 72-507 using differential_evolution...
2025-11-07 22:03:34 INFO: Orientation=SfccfF, Coupling=0.0280, Length=39.55mm, z_l1=9.76, z_l2=25.44
2025-11-07 22:03:34 INFO: 
Optimizing 19-518 + 19-518 using differential_evolution...
2025-11-07 22:03:36 INFO: Orientation=SfccfF, Coupling=0.0350, Length=39.66mm, z_l1=9.72, z_l2=25.55
2025-11-07 22:03:36 INFO: 
Optimizing 19-518 + 21-199 using differential_evolution...
2025-11-07 22:03:37 INFO: Orientation=SfccfF, Coupling=0.0325, Length=40.49mm, z_l1=10.17, z_l2=26.38
2025-11-07 22:03:37 INFO: 
Optimizing 21-199 + 22-842 using differential_evolution...
2025-11-07 22:03:39 INFO: Orientation=SfccfF, Coupling=0.1110, Length=47.72mm, z_l1=9.75, z_l2=39.42
2025-11-07 22:03:40 INFO: 
Optimizing 21-199 + 23-813 using differential_evolution...
2025-11-07 22:03:42 INFO: Orientation=SfccfF, Coupling=0.1085, Length=47.03mm, z_l1=9.71, z_l2=38.73
2025-11-07 22:03:42 INFO: 
Optimizing 21-199 + 72-494 using differential_evolution...
2025-11-07 22:03:44 INFO: Orientation=SfccfF, Coupling=0.1035, Length=42.73mm, z_l1=9.71, z_l2=34.43
2025-11-07 22:03:44 INFO: 
Optimizing 21-199 + 72-514 using differential_evolution...
2025-11-07 22:03:45 INFO: Orientation=SfccfF, Coupling=0.1050, Length=43.12mm, z_l1=9.88, z_l2=34.82
2025-11-07 22:03:45 INFO: 
Optimizing 21-199 + 36-686 using differential_evolution...
2025-11-07 22:03:47 INFO: Orientation=SfccfF, Coupling=0.0540, Length=39.89mm, z_l1=9.80, z_l2=25.46
2025-11-07 22:03:47 INFO: 
Optimizing 21-199 + 36-687 using differential_evolution...
2025-11-07 22:03:51 INFO: Orientation=SfccfF, Coupling=0.0450, Length=43.54mm, z_l1=9.79, z_l2=25.47
2025-11-07 22:03:51 INFO: 
Optimizing 21-199 + 84-882 using differential_evolution...
2025-11-07 22:03:52 INFO: Orientation=SfccfF, Coupling=0.0085, Length=34.28mm, z_l1=9.77, z_l2=25.45
2025-11-07 22:03:52 INFO: 
Optimizing 21-199 + 15-532 using differential_evolution...
2025-11-07 22:03:53 INFO: Orientation=SfccfF, Coupling=0.0125, Length=35.37mm, z_l1=9.79, z_l2=26.54
2025-11-07 22:03:53 INFO: 
Optimizing 21-199 + 49-959 using differential_evolution...
2025-11-07 22:03:54 INFO: Orientation=SfccfF, Coupling=0.0630, Length=41.55mm, z_l1=10.05, z_l2=26.19
2025-11-07 22:03:54 INFO: 
Optimizing 21-199 + 49-960 using differential_evolution...
2025-11-07 22:03:58 INFO: Orientation=SfccfF, Coupling=0.0385, Length=43.75mm, z_l1=10.07, z_l2=26.18
2025-11-07 22:03:58 INFO: 
Optimizing 21-199 + 36-689 using differential_evolution...
2025-11-07 22:04:00 INFO: Orientation=SfccfF, Coupling=0.0535, Length=43.24mm, z_l1=9.96, z_l2=25.72
2025-11-07 22:04:00 INFO: 
Optimizing 21-199 + 48-273 using differential_evolution...
2025-11-07 22:04:01 INFO: Orientation=SfccfF, Coupling=0.0005, Length=63.40mm, z_l1=9.72, z_l2=25.40
2025-11-07 22:04:01 INFO: 
Optimizing 21-199 + LA4021 using differential_evolution...
2025-11-07 22:04:02 INFO: Orientation=SfccfF, Coupling=0.0610, Length=42.02mm, z_l1=9.92, z_l2=25.98
2025-11-07 22:04:02 INFO: 
Optimizing 21-199 + LA4052 using differential_evolution...
2025-11-07 22:04:07 INFO: Orientation=SfccfF, Coupling=0.0580, Length=42.95mm, z_l1=9.70, z_l2=25.38
2025-11-07 22:04:07 INFO: 
Optimizing 21-199 + 72-487 using differential_evolution...
2025-11-07 22:04:08 INFO: Orientation=SfccfF, Coupling=0.0255, Length=39.97mm, z_l1=9.88, z_l2=25.86
2025-11-07 22:04:08 INFO: 
Optimizing 21-199 + 72-507 using differential_evolution...
2025-11-07 22:04:10 INFO: Orientation=SfccfF, Coupling=0.0305, Length=39.51mm, z_l1=9.71, z_l2=25.40
2025-11-07 22:04:10 INFO: 
Optimizing 21-199 + 19-518 using differential_evolution...
2025-11-07 22:04:11 INFO: Orientation=SfccfF, Coupling=0.0260, Length=40.59mm, z_l1=9.87, z_l2=26.48
2025-11-07 22:04:11 INFO: 
Optimizing 21-199 + 21-199 using differential_evolution...
2025-11-07 22:04:16 INFO: Orientation=SfccfF, Coupling=0.0250, Length=39.92mm, z_l1=10.11, z_l2=25.81
