2025-10-17 03:29:21 INFO: Loading results from results/2025-10-16_select_powell/results_select_2025-10-16_select_powell.csv
2025-10-17 03:29:21 INFO: Found 10 combinations with coupling >= 0.23
2025-10-17 03:29:21 INFO: 
Starting differential_evolution optimization on 10 combinations
2025-10-17 03:29:21 INFO: Optimizing 36-681 + LA4647 using differential_evolution
2025-10-17 03:29:38 INFO: Coupling=0.2089, Length=32.87mm, Time=15.24s
2025-10-17 03:29:38 INFO: Optimizing 36-681 + 36-683 using differential_evolution
2025-10-17 03:29:57 INFO: Coupling=0.2129, Length=38.33mm, Time=17.85s
2025-10-17 03:29:57 INFO: Optimizing 36-681 + 84-277 using differential_evolution
2025-10-17 03:30:18 INFO: Coupling=0.2220, Length=38.48mm, Time=20.12s
2025-10-17 03:30:18 INFO: Optimizing 36-682 + LA4021 using differential_evolution
2025-10-17 03:30:44 INFO: Coupling=0.2069, Length=43.29mm, Time=24.29s
2025-10-17 03:30:44 INFO: Optimizing 36-681 + LA4002 using differential_evolution
2025-10-17 03:31:12 INFO: Coupling=0.1974, Length=38.64mm, Time=26.80s
2025-10-17 03:31:12 INFO: Optimizing 36-682 + 48-024 using differential_evolution
2025-10-17 03:31:39 INFO: Coupling=0.2084, Length=37.55mm, Time=25.94s
2025-10-17 03:31:39 INFO: Optimizing 36-682 + 84-277 using differential_evolution
2025-10-17 03:32:10 INFO: Coupling=0.2213, Length=37.56mm, Time=29.56s
2025-10-17 03:32:10 INFO: Optimizing 36-682 + LA4002 using differential_evolution
2025-10-17 03:32:34 INFO: Coupling=0.2032, Length=37.53mm, Time=22.69s
2025-10-17 03:32:34 INFO: Optimizing 36-682 + 49-959 using differential_evolution
2025-10-17 03:33:02 INFO: Coupling=0.1988, Length=43.11mm, Time=27.21s
2025-10-17 03:33:02 INFO: Optimizing 36-681 + 48-024 using differential_evolution
2025-10-17 03:33:27 INFO: Coupling=0.2170, Length=38.64mm, Time=22.69s
2025-10-17 03:33:27 INFO: Completed differential_evolution: 10 successful optimizations
2025-10-17 03:33:27 INFO: 
Starting dual_annealing optimization on 10 combinations
2025-10-17 03:33:27 INFO: Optimizing 36-681 + LA4647 using dual_annealing
2025-10-17 03:34:55 INFO: Coupling=0.2148, Length=32.86mm, Time=86.96s
2025-10-17 03:34:55 INFO: Optimizing 36-681 + 36-683 using dual_annealing
2025-10-17 03:36:04 INFO: Coupling=0.1987, Length=38.34mm, Time=67.57s
2025-10-17 03:36:04 INFO: Optimizing 36-681 + 84-277 using dual_annealing
2025-10-17 03:37:19 INFO: Coupling=0.2106, Length=38.45mm, Time=74.06s
2025-10-17 03:37:19 INFO: Optimizing 36-682 + LA4021 using dual_annealing
2025-10-17 03:38:36 INFO: Coupling=0.1896, Length=43.33mm, Time=75.63s
2025-10-17 03:38:36 INFO: Optimizing 36-681 + LA4002 using dual_annealing
2025-10-17 03:40:23 INFO: Coupling=0.2057, Length=38.51mm, Time=106.06s
2025-10-17 03:40:23 INFO: Optimizing 36-682 + 48-024 using dual_annealing
2025-10-17 03:41:52 INFO: Coupling=0.2271, Length=37.58mm, Time=86.66s
2025-10-17 03:41:52 INFO: Optimizing 36-682 + 84-277 using dual_annealing
2025-10-17 03:43:14 INFO: Coupling=0.2248, Length=37.57mm, Time=81.60s
2025-10-17 03:43:14 INFO: Optimizing 36-682 + LA4002 using dual_annealing
2025-10-17 03:44:29 INFO: Coupling=0.2103, Length=37.62mm, Time=73.37s
2025-10-17 03:44:29 INFO: Optimizing 36-682 + 49-959 using dual_annealing
2025-10-17 03:46:10 INFO: Coupling=0.2099, Length=43.03mm, Time=98.96s
2025-10-17 03:46:10 INFO: Optimizing 36-681 + 48-024 using dual_annealing
2025-10-17 03:47:32 INFO: Coupling=0.2106, Length=38.46mm, Time=81.17s
2025-10-17 03:47:32 INFO: Completed dual_annealing: 10 successful optimizations
2025-10-17 03:47:32 INFO: 
Starting nelder_mead optimization on 10 combinations
2025-10-17 03:47:32 INFO: Optimizing 36-681 + LA4647 using nelder_mead
2025-10-17 03:47:36 INFO: Coupling=0.2352, Length=32.87mm, Time=3.01s
2025-10-17 03:47:36 INFO: Optimizing 36-681 + 36-683 using nelder_mead
2025-10-17 03:47:40 INFO: Coupling=0.0095, Length=34.92mm, Time=2.41s
2025-10-17 03:47:40 INFO: Optimizing 36-681 + 84-277 using nelder_mead
2025-10-17 03:47:46 INFO: Coupling=0.2118, Length=38.48mm, Time=5.51s
2025-10-17 03:47:46 INFO: Optimizing 36-682 + LA4021 using nelder_mead
2025-10-17 03:47:51 INFO: Coupling=0.2033, Length=43.36mm, Time=3.13s
2025-10-17 03:47:51 INFO: Optimizing 36-681 + LA4002 using nelder_mead
2025-10-17 03:47:55 INFO: Coupling=0.0047, Length=34.92mm, Time=2.51s
2025-10-17 03:47:55 INFO: Optimizing 36-682 + 48-024 using nelder_mead
2025-10-17 03:48:00 INFO: Coupling=0.2267, Length=37.54mm, Time=3.39s
2025-10-17 03:48:00 INFO: Optimizing 36-682 + 84-277 using nelder_mead
2025-10-17 03:48:04 INFO: Coupling=0.2142, Length=37.53mm, Time=3.42s
2025-10-17 03:48:04 INFO: Optimizing 36-682 + LA4002 using nelder_mead
2025-10-17 03:48:10 INFO: Coupling=0.2308, Length=37.52mm, Time=4.24s
2025-10-17 03:48:10 INFO: Optimizing 36-682 + 49-959 using nelder_mead
2025-10-17 03:48:17 INFO: Coupling=0.1985, Length=43.06mm, Time=6.26s
2025-10-17 03:48:17 INFO: Optimizing 36-681 + 48-024 using nelder_mead
2025-10-17 03:48:24 INFO: Coupling=0.1965, Length=38.43mm, Time=5.16s
2025-10-17 03:48:24 INFO: Completed nelder_mead: 10 successful optimizations
2025-10-17 03:48:24 INFO: 
Starting powell optimization on 10 combinations
2025-10-17 03:48:24 INFO: Optimizing 36-681 + LA4647 using powell
2025-10-17 03:48:28 INFO: Coupling=0.2175, Length=32.93mm, Time=2.61s
2025-10-17 03:48:28 INFO: Optimizing 36-681 + 36-683 using powell
2025-10-17 03:48:32 INFO: Coupling=0.2252, Length=38.35mm, Time=3.03s
2025-10-17 03:48:32 INFO: Optimizing 36-681 + 84-277 using powell
2025-10-17 03:48:36 INFO: Coupling=0.2041, Length=38.53mm, Time=2.80s
2025-10-17 03:48:36 INFO: Optimizing 36-682 + LA4021 using powell
2025-10-17 03:48:42 INFO: Coupling=0.2015, Length=43.34mm, Time=5.11s
2025-10-17 03:48:42 INFO: Optimizing 36-681 + LA4002 using powell
2025-10-17 03:48:48 INFO: Coupling=0.2271, Length=38.42mm, Time=4.10s
2025-10-17 03:48:48 INFO: Optimizing 36-682 + 48-024 using powell
2025-10-17 03:48:53 INFO: Coupling=0.2219, Length=37.51mm, Time=4.19s
2025-10-17 03:48:53 INFO: Optimizing 36-682 + 84-277 using powell
2025-10-17 03:48:59 INFO: Coupling=0.2306, Length=37.59mm, Time=4.13s
2025-10-17 03:48:59 INFO: Optimizing 36-682 + LA4002 using powell
2025-10-17 03:49:05 INFO: Coupling=0.2173, Length=37.51mm, Time=4.28s
2025-10-17 03:49:05 INFO: Optimizing 36-682 + 49-959 using powell
2025-10-17 03:49:09 INFO: Coupling=0.2051, Length=45.46mm, Time=2.40s
2025-10-17 03:49:09 INFO: Optimizing 36-681 + 48-024 using powell
2025-10-17 03:49:12 INFO: Coupling=0.2183, Length=57.98mm, Time=1.99s
2025-10-17 03:49:12 INFO: Completed powell: 10 successful optimizations
2025-10-17 03:49:12 INFO: 
Starting grid_search optimization on 10 combinations
2025-10-17 03:49:12 INFO: Optimizing 36-681 + LA4647 using grid_search
2025-10-17 03:49:16 INFO: Coupling=0.2091, Length=39.85mm, Time=3.06s
2025-10-17 03:49:16 INFO: Optimizing 36-681 + 36-683 using grid_search
2025-10-17 03:49:21 INFO: Coupling=0.1987, Length=47.20mm, Time=3.53s
2025-10-17 03:49:21 INFO: Optimizing 36-681 + 84-277 using grid_search
2025-10-17 03:49:25 INFO: Coupling=0.1971, Length=47.20mm, Time=3.41s
2025-10-17 03:49:25 INFO: Optimizing 36-682 + LA4021 using grid_search
2025-10-17 03:49:31 INFO: Coupling=0.2456, Length=94.70mm, Time=4.12s
2025-10-17 03:49:31 INFO: Optimizing 36-681 + LA4002 using grid_search
2025-10-17 03:49:36 INFO: Coupling=0.2040, Length=47.20mm, Time=3.79s
2025-10-17 03:49:36 INFO: Optimizing 36-682 + 48-024 using grid_search
2025-10-17 03:49:40 INFO: Coupling=0.2178, Length=47.20mm, Time=3.69s
2025-10-17 03:49:40 INFO: Optimizing 36-682 + 84-277 using grid_search
2025-10-17 03:49:46 INFO: Coupling=0.2134, Length=38.43mm, Time=3.49s
2025-10-17 03:49:46 INFO: Optimizing 36-682 + LA4002 using grid_search
2025-10-17 03:49:51 INFO: Coupling=0.2160, Length=47.20mm, Time=3.58s
2025-10-17 03:49:51 INFO: Optimizing 36-682 + 49-959 using grid_search
2025-10-17 03:49:56 INFO: Coupling=0.2294, Length=74.70mm, Time=3.73s
2025-10-17 03:49:56 INFO: Optimizing 36-681 + 48-024 using grid_search
2025-10-17 03:50:01 INFO: Coupling=0.2162, Length=63.87mm, Time=3.93s
2025-10-17 03:50:01 INFO: Completed grid_search: 10 successful optimizations
2025-10-17 03:50:01 INFO: 
Starting bayesian optimization on 10 combinations
2025-10-17 03:50:01 INFO: Optimizing 36-681 + LA4647 using bayesian
2025-10-17 03:50:01 ERROR: Error optimizing 36-681 + LA4647 with bayesian: scikit-optimize not installed. Run: pip install scikit-optimize
2025-10-17 03:50:01 INFO: Optimizing 36-681 + 36-683 using bayesian
2025-10-17 03:50:01 ERROR: Error optimizing 36-681 + 36-683 with bayesian: scikit-optimize not installed. Run: pip install scikit-optimize
2025-10-17 03:50:01 INFO: Optimizing 36-681 + 84-277 using bayesian
2025-10-17 03:50:01 ERROR: Error optimizing 36-681 + 84-277 with bayesian: scikit-optimize not installed. Run: pip install scikit-optimize
2025-10-17 03:50:01 INFO: Optimizing 36-682 + LA4021 using bayesian
2025-10-17 03:50:01 ERROR: Error optimizing 36-682 + LA4021 with bayesian: scikit-optimize not installed. Run: pip install scikit-optimize
2025-10-17 03:50:01 INFO: Optimizing 36-681 + LA4002 using bayesian
2025-10-17 03:50:01 ERROR: Error optimizing 36-681 + LA4002 with bayesian: scikit-optimize not installed. Run: pip install scikit-optimize
2025-10-17 03:50:01 INFO: Optimizing 36-682 + 48-024 using bayesian
2025-10-17 03:50:01 ERROR: Error optimizing 36-682 + 48-024 with bayesian: scikit-optimize not installed. Run: pip install scikit-optimize
2025-10-17 03:50:01 INFO: Optimizing 36-682 + 84-277 using bayesian
2025-10-17 03:50:01 ERROR: Error optimizing 36-682 + 84-277 with bayesian: scikit-optimize not installed. Run: pip install scikit-optimize
2025-10-17 03:50:01 INFO: Optimizing 36-682 + LA4002 using bayesian
2025-10-17 03:50:01 ERROR: Error optimizing 36-682 + LA4002 with bayesian: scikit-optimize not installed. Run: pip install scikit-optimize
2025-10-17 03:50:01 INFO: Optimizing 36-682 + 49-959 using bayesian
2025-10-17 03:50:01 ERROR: Error optimizing 36-682 + 49-959 with bayesian: scikit-optimize not installed. Run: pip install scikit-optimize
2025-10-17 03:50:01 INFO: Optimizing 36-681 + 48-024 using bayesian
2025-10-17 03:50:01 ERROR: Error optimizing 36-681 + 48-024 with bayesian: scikit-optimize not installed. Run: pip install scikit-optimize
2025-10-17 03:50:01 INFO: Completed bayesian: 0 successful optimizations
2025-10-17 03:50:01 INFO: Generating combined method comparison plots
2025-10-17 03:50:01 INFO: Creating combined plot for 36-681 + LA4647 (5 methods)
2025-10-17 03:50:04 INFO: Creating combined plot for 36-681 + 36-683 (5 methods)
2025-10-17 03:50:07 INFO: Creating combined plot for 36-681 + 84-277 (5 methods)
2025-10-17 03:50:12 INFO: Creating combined plot for 36-682 + LA4021 (5 methods)
2025-10-17 03:50:16 INFO: Creating combined plot for 36-681 + LA4002 (5 methods)
2025-10-17 03:50:19 INFO: Creating combined plot for 36-682 + 48-024 (5 methods)
2025-10-17 03:50:22 INFO: Creating combined plot for 36-682 + 84-277 (5 methods)
2025-10-17 03:50:26 INFO: Creating combined plot for 36-682 + LA4002 (5 methods)
2025-10-17 03:50:31 INFO: Creating combined plot for 36-682 + 49-959 (5 methods)
2025-10-17 03:50:35 INFO: Creating combined plot for 36-681 + 48-024 (5 methods)
2025-10-17 03:50:38 INFO: Generated 10 combined plots
2025-10-17 03:50:38 INFO: Writing results CSV files by lens combination
2025-10-17 03:50:38 INFO: Wrote 36-681+LA4647.csv with 5 methods
2025-10-17 03:50:38 INFO: Wrote 36-681+36-683.csv with 5 methods
2025-10-17 03:50:38 INFO: Wrote 36-681+84-277.csv with 5 methods
2025-10-17 03:50:38 INFO: Wrote 36-682+LA4021.csv with 5 methods
2025-10-17 03:50:38 INFO: Wrote 36-681+LA4002.csv with 5 methods
2025-10-17 03:50:38 INFO: Wrote 36-682+48-024.csv with 5 methods
2025-10-17 03:50:38 INFO: Wrote 36-682+84-277.csv with 5 methods
2025-10-17 03:50:38 INFO: Wrote 36-682+LA4002.csv with 5 methods
2025-10-17 03:50:38 INFO: Wrote 36-682+49-959.csv with 5 methods
2025-10-17 03:50:38 INFO: Wrote 36-681+48-024.csv with 5 methods
2025-10-17 03:50:38 INFO: Wrote 10 CSV files
