2025-10-21 12:34:42 INFO: Loading results from results/2025-10-20_select_powell_argon/results_select_2025-10-20_select_powell_argon.csv
2025-10-21 12:34:42 INFO: Found 26 combinations with coupling >= 0.24
2025-10-21 12:34:45 INFO: 
Starting differential_evolution optimization on 26 combinations
2025-10-21 12:34:45 INFO: Optimizing LA4647 + LA4002 using differential_evolution
2025-10-21 12:35:47 INFO: Coupling=0.2375, Length=39.52mm, Time=57.24s
2025-10-21 12:35:47 INFO: Optimizing 84-277 + 48-024 using differential_evolution
2025-10-21 12:36:35 INFO: Coupling=0.2405, Length=41.88mm, Time=44.29s
2025-10-21 12:36:35 INFO: Optimizing 36-681 + 36-681 using differential_evolution
2025-10-21 12:37:12 INFO: Coupling=0.2610, Length=35.60mm, Time=32.87s
2025-10-21 12:37:12 INFO: Optimizing 36-682 + 48-024 using differential_evolution
2025-10-21 12:37:46 INFO: Coupling=0.2455, Length=38.23mm, Time=30.78s
2025-10-21 12:37:46 INFO: Optimizing LA4647 + 84-277 using differential_evolution
2025-10-21 12:38:52 INFO: Coupling=0.2430, Length=39.60mm, Time=62.35s
2025-10-21 12:38:52 INFO: Optimizing LA4647 + 48-024 using differential_evolution
2025-10-21 12:39:46 INFO: Coupling=0.2475, Length=39.52mm, Time=49.54s
2025-10-21 12:39:46 INFO: Optimizing 84-277 + LA4002 using differential_evolution
2025-10-21 12:40:26 INFO: Coupling=0.2465, Length=42.24mm, Time=35.90s
2025-10-21 12:40:26 INFO: Optimizing 36-681 + 36-683 using differential_evolution
2025-10-21 12:41:06 INFO: Coupling=0.2495, Length=39.66mm, Time=35.67s
2025-10-21 12:41:06 INFO: Optimizing 36-683 + 48-024 using differential_evolution
2025-10-21 12:41:41 INFO: Coupling=0.2265, Length=40.69mm, Time=30.79s
2025-10-21 12:41:41 INFO: Optimizing LA4002 + 48-024 using differential_evolution
2025-10-21 12:42:27 INFO: Coupling=0.2490, Length=41.41mm, Time=41.51s
2025-10-21 12:42:27 INFO: Optimizing LA4647 + LA4936 using differential_evolution
2025-10-21 12:43:33 INFO: Coupling=0.2265, Length=45.63mm, Time=61.81s
2025-10-21 12:43:33 INFO: Optimizing LA4647 + 36-683 using differential_evolution
2025-10-21 12:44:21 INFO: Coupling=0.2450, Length=39.86mm, Time=43.09s
2025-10-21 12:44:21 INFO: Optimizing LA4002 + 84-277 using differential_evolution
2025-10-21 12:45:10 INFO: Coupling=0.2365, Length=41.40mm, Time=44.90s
2025-10-21 12:45:10 INFO: Optimizing 36-682 + 84-277 using differential_evolution
2025-10-21 12:45:44 INFO: Coupling=0.2430, Length=38.47mm, Time=30.10s
2025-10-21 12:45:44 INFO: Optimizing 36-682 + 48-025 using differential_evolution
2025-10-21 12:46:27 INFO: Coupling=0.2320, Length=43.64mm, Time=37.31s
2025-10-21 12:46:27 INFO: Optimizing LA4021 + 84-278 using differential_evolution
2025-10-21 12:47:27 INFO: Coupling=0.2325, Length=56.42mm, Time=55.45s
2025-10-21 12:47:27 INFO: Optimizing 36-686 + LA4003 using differential_evolution
2025-10-21 12:48:15 INFO: Coupling=0.2070, Length=55.36mm, Time=44.10s
2025-10-21 12:48:15 INFO: Optimizing LA4002 + 48-025 using differential_evolution
2025-10-21 12:49:01 INFO: Coupling=0.2280, Length=47.18mm, Time=41.54s
2025-10-21 12:49:01 INFO: Optimizing 36-686 + 84-278 using differential_evolution
2025-10-21 12:49:59 INFO: Coupling=0.2280, Length=50.68mm, Time=52.10s
2025-10-21 12:49:59 INFO: Optimizing 48-024 + LA4002 using differential_evolution
2025-10-21 12:50:46 INFO: Coupling=0.2565, Length=41.54mm, Time=42.64s
2025-10-21 12:50:46 INFO: Optimizing 36-681 + LA4002 using differential_evolution
2025-10-21 12:51:20 INFO: Coupling=0.2290, Length=39.16mm, Time=30.11s
2025-10-21 12:51:20 INFO: Optimizing 84-277 + 84-277 using differential_evolution
2025-10-21 12:52:18 INFO: Coupling=0.2530, Length=42.01mm, Time=51.33s
2025-10-21 12:52:18 INFO: Optimizing 36-682 + LA4936 using differential_evolution
2025-10-21 12:53:00 INFO: Coupling=0.2315, Length=43.70mm, Time=35.80s
2025-10-21 12:53:00 INFO: Optimizing 48-025 + 48-025 using differential_evolution
2025-10-21 12:53:38 INFO: Coupling=0.2225, Length=49.52mm, Time=33.05s
2025-10-21 12:53:38 INFO: Optimizing 36-681 + 36-682 using differential_evolution
2025-10-21 12:54:18 INFO: Coupling=0.2360, Length=33.26mm, Time=31.74s
2025-10-21 12:54:18 INFO: Optimizing 36-682 + LA4002 using differential_evolution
2025-10-21 12:55:03 INFO: Coupling=0.2515, Length=38.27mm, Time=36.73s
2025-10-21 12:55:03 INFO: Completed differential_evolution: 26 successful optimizations
2025-10-21 12:55:04 INFO: 
Starting dual_annealing optimization on 26 combinations
2025-10-21 12:55:04 INFO: Optimizing LA4647 + LA4002 using dual_annealing
2025-10-21 12:58:07 INFO: Coupling=0.2495, Length=39.52mm, Time=179.27s
2025-10-21 12:58:08 INFO: Optimizing 84-277 + 48-024 using dual_annealing
2025-10-21 13:01:22 INFO: Coupling=0.2470, Length=41.92mm, Time=189.63s
2025-10-21 13:01:22 INFO: Optimizing 36-681 + 36-681 using dual_annealing
2025-10-21 13:03:25 INFO: Coupling=0.2325, Length=35.61mm, Time=119.76s
2025-10-21 13:03:25 INFO: Optimizing 36-682 + 48-024 using dual_annealing
2025-10-21 13:06:03 INFO: Coupling=0.2315, Length=38.22mm, Time=151.72s
2025-10-21 13:06:04 INFO: Optimizing LA4647 + 84-277 using dual_annealing
2025-10-21 13:10:03 INFO: Coupling=0.2535, Length=39.52mm, Time=231.53s
2025-10-21 13:10:03 INFO: Optimizing LA4647 + 48-024 using dual_annealing
2025-10-21 13:14:41 INFO: Coupling=0.2490, Length=39.51mm, Time=186.81s
2025-10-21 13:14:41 INFO: Optimizing 84-277 + LA4002 using dual_annealing
2025-10-21 13:18:44 INFO: Coupling=0.2270, Length=42.28mm, Time=236.46s
2025-10-21 13:18:45 INFO: Optimizing 36-681 + 36-683 using dual_annealing
2025-10-21 13:20:20 INFO: Coupling=0.2385, Length=39.07mm, Time=89.57s
2025-10-21 13:20:21 INFO: Optimizing 36-683 + 48-024 using dual_annealing
2025-10-21 13:24:11 INFO: Coupling=0.2265, Length=40.63mm, Time=224.05s
2025-10-21 13:24:11 INFO: Optimizing LA4002 + 48-024 using dual_annealing
2025-10-21 13:28:11 INFO: Coupling=0.2510, Length=41.37mm, Time=229.87s
2025-10-21 13:28:12 INFO: Optimizing LA4647 + LA4936 using dual_annealing
2025-10-21 13:31:44 INFO: Coupling=0.2040, Length=44.96mm, Time=199.22s
2025-10-21 13:31:44 INFO: Optimizing LA4647 + 36-683 using dual_annealing
2025-10-21 13:35:05 INFO: Coupling=0.2375, Length=39.96mm, Time=189.51s
2025-10-21 13:35:05 INFO: Optimizing LA4002 + 84-277 using dual_annealing
2025-10-21 13:42:42 INFO: Coupling=0.2410, Length=46.78mm, Time=150.55s
2025-10-21 13:42:42 INFO: Optimizing 36-682 + 84-277 using dual_annealing
2025-10-21 13:44:52 INFO: Coupling=0.2495, Length=38.21mm, Time=121.45s
2025-10-21 13:44:52 INFO: Optimizing 36-682 + 48-025 using dual_annealing
2025-10-21 13:47:33 INFO: Coupling=0.2290, Length=44.02mm, Time=156.23s
2025-10-21 13:47:33 INFO: Optimizing LA4021 + 84-278 using dual_annealing
2025-10-21 13:52:19 INFO: Coupling=0.2305, Length=56.46mm, Time=274.65s
2025-10-21 13:52:19 INFO: Optimizing 36-686 + LA4003 using dual_annealing
2025-10-21 13:55:52 INFO: Coupling=0.2055, Length=55.37mm, Time=205.64s
2025-10-21 13:55:52 INFO: Optimizing LA4002 + 48-025 using dual_annealing
2025-10-21 13:58:47 INFO: Coupling=0.2220, Length=49.00mm, Time=162.60s
2025-10-21 13:58:47 INFO: Optimizing 36-686 + 84-278 using dual_annealing
2025-10-21 14:03:31 INFO: Coupling=0.2415, Length=53.18mm, Time=272.56s
2025-10-21 14:03:31 INFO: Optimizing 48-024 + LA4002 using dual_annealing
2025-10-21 14:06:12 INFO: Coupling=0.2570, Length=43.12mm, Time=145.74s
2025-10-21 14:06:12 INFO: Optimizing 36-681 + LA4002 using dual_annealing
2025-10-21 14:17:32 INFO: Coupling=0.2490, Length=39.09mm, Time=160.97s
2025-10-21 14:17:32 INFO: Optimizing 84-277 + 84-277 using dual_annealing
2025-10-21 14:21:47 INFO: Coupling=0.2620, Length=41.85mm, Time=248.28s
2025-10-21 14:21:47 INFO: Optimizing 36-682 + LA4936 using dual_annealing
2025-10-21 14:24:15 INFO: Coupling=0.2255, Length=43.59mm, Time=140.85s
2025-10-21 14:24:15 INFO: Optimizing 48-025 + 48-025 using dual_annealing
2025-10-21 14:27:02 INFO: Coupling=0.2275, Length=50.45mm, Time=161.02s
2025-10-21 14:27:03 INFO: Optimizing 36-681 + 36-682 using dual_annealing
2025-10-21 14:29:39 INFO: Coupling=0.2385, Length=33.25mm, Time=147.53s
2025-10-21 14:29:39 INFO: Optimizing 36-682 + LA4002 using dual_annealing
2025-10-21 14:31:37 INFO: Coupling=0.2445, Length=38.62mm, Time=108.57s
2025-10-21 14:31:40 INFO: Completed dual_annealing: 26 successful optimizations
2025-10-21 14:31:40 INFO: 
Starting nelder_mead optimization on 26 combinations
2025-10-21 14:31:41 INFO: Optimizing LA4647 + LA4002 using nelder_mead
2025-10-21 14:31:58 INFO: Coupling=0.2535, Length=39.51mm, Time=10.43s
2025-10-21 14:31:58 INFO: Optimizing 84-277 + 48-024 using nelder_mead
2025-10-21 14:32:15 INFO: Coupling=0.2230, Length=41.84mm, Time=10.64s
2025-10-21 14:32:15 INFO: Optimizing 36-681 + 36-681 using nelder_mead
2025-10-21 14:32:29 INFO: Coupling=0.2430, Length=35.59mm, Time=7.03s
2025-10-21 14:32:29 INFO: Optimizing 36-682 + 48-024 using nelder_mead
2025-10-21 14:32:38 INFO: Coupling=0.2600, Length=46.13mm, Time=5.91s
2025-10-21 14:32:38 INFO: Optimizing LA4647 + 84-277 using nelder_mead
2025-10-21 14:32:53 INFO: Coupling=0.2505, Length=39.51mm, Time=9.12s
2025-10-21 14:32:54 INFO: Optimizing LA4647 + 48-024 using nelder_mead
2025-10-21 14:36:53 INFO: Coupling=0.2420, Length=39.52mm, Time=9.51s
2025-10-21 14:36:54 INFO: Optimizing 84-277 + LA4002 using nelder_mead
2025-10-21 14:37:21 INFO: Coupling=0.2590, Length=41.85mm, Time=20.58s
2025-10-21 14:37:21 INFO: Optimizing 36-681 + 36-683 using nelder_mead
2025-10-21 14:37:33 INFO: Coupling=0.2410, Length=39.11mm, Time=6.32s
2025-10-21 14:37:33 INFO: Optimizing 36-683 + 48-024 using nelder_mead
2025-10-21 14:37:44 INFO: Coupling=0.2475, Length=40.62mm, Time=7.07s
2025-10-21 14:37:44 INFO: Optimizing LA4002 + 48-024 using nelder_mead
2025-10-21 14:37:59 INFO: Coupling=0.2560, Length=41.34mm, Time=9.30s
2025-10-21 14:38:00 INFO: Optimizing LA4647 + LA4936 using nelder_mead
2025-10-21 14:38:19 INFO: Coupling=0.2325, Length=45.04mm, Time=12.86s
2025-10-21 14:38:19 INFO: Optimizing LA4647 + 36-683 using nelder_mead
2025-10-21 14:38:31 INFO: Coupling=0.2570, Length=39.51mm, Time=6.61s
2025-10-21 14:38:31 INFO: Optimizing LA4002 + 84-277 using nelder_mead
2025-10-21 14:38:48 INFO: Coupling=0.2320, Length=41.36mm, Time=10.74s
2025-10-21 14:38:49 INFO: Optimizing 36-682 + 84-277 using nelder_mead
2025-10-21 14:39:02 INFO: Coupling=0.2275, Length=38.27mm, Time=6.49s
2025-10-21 14:39:02 INFO: Optimizing 36-682 + 48-025 using nelder_mead
2025-10-21 14:39:21 INFO: Coupling=0.2510, Length=44.13mm, Time=10.63s
2025-10-21 14:39:22 INFO: Optimizing LA4021 + 84-278 using nelder_mead
2025-10-21 14:39:38 INFO: Coupling=0.2310, Length=57.55mm, Time=10.72s
2025-10-21 14:39:38 INFO: Optimizing 36-686 + LA4003 using nelder_mead
2025-10-21 14:40:05 INFO: Coupling=0.2015, Length=56.19mm, Time=18.25s
2025-10-21 14:40:05 INFO: Optimizing LA4002 + 48-025 using nelder_mead
2025-10-21 14:40:30 INFO: Coupling=0.2440, Length=47.01mm, Time=12.37s
2025-10-21 14:40:30 INFO: Optimizing 36-686 + 84-278 using nelder_mead
2025-10-21 14:40:55 INFO: Coupling=0.2255, Length=50.43mm, Time=15.45s
2025-10-21 14:40:55 INFO: Optimizing 48-024 + LA4002 using nelder_mead
2025-10-21 14:41:13 INFO: Coupling=0.2500, Length=41.55mm, Time=8.42s
2025-10-21 14:41:14 INFO: Optimizing 36-681 + LA4002 using nelder_mead
2025-10-21 14:41:33 INFO: Coupling=0.2305, Length=39.17mm, Time=9.49s
2025-10-21 14:41:33 INFO: Optimizing 84-277 + 84-277 using nelder_mead
2025-10-21 14:41:48 INFO: Coupling=0.2475, Length=46.70mm, Time=8.90s
2025-10-21 14:41:48 INFO: Optimizing 36-682 + LA4936 using nelder_mead
2025-10-21 14:42:00 INFO: Coupling=0.2245, Length=43.97mm, Time=6.86s
2025-10-21 14:42:00 INFO: Optimizing 48-025 + 48-025 using nelder_mead
2025-10-21 14:42:11 INFO: Coupling=0.2430, Length=49.53mm, Time=6.62s
2025-10-21 14:42:11 INFO: Optimizing 36-681 + 36-682 using nelder_mead
2025-10-21 14:42:22 INFO: Coupling=0.2355, Length=33.21mm, Time=5.88s
2025-10-21 14:42:23 INFO: Optimizing 36-682 + LA4002 using nelder_mead
2025-10-21 14:42:37 INFO: Coupling=0.2665, Length=38.24mm, Time=8.97s
2025-10-21 14:42:39 INFO: Completed nelder_mead: 26 successful optimizations
2025-10-21 14:42:39 INFO: 
Starting powell optimization on 26 combinations
2025-10-21 14:42:39 INFO: Optimizing LA4647 + LA4002 using powell
2025-10-21 14:42:55 INFO: Coupling=0.2500, Length=39.53mm, Time=10.63s
2025-10-21 14:42:55 INFO: Optimizing 84-277 + 48-024 using powell
2025-10-21 14:43:10 INFO: Coupling=0.2160, Length=54.48mm, Time=11.35s
2025-10-21 14:43:10 INFO: Optimizing 36-681 + 36-681 using powell
2025-10-21 14:43:19 INFO: Coupling=0.2575, Length=35.59mm, Time=4.93s
2025-10-21 14:43:20 INFO: Optimizing 36-682 + 48-024 using powell
2025-10-21 14:43:30 INFO: Coupling=0.2375, Length=38.23mm, Time=6.32s
2025-10-21 14:43:31 INFO: Optimizing LA4647 + 84-277 using powell
2025-10-21 14:43:47 INFO: Coupling=0.2575, Length=39.56mm, Time=11.66s
2025-10-21 14:43:47 INFO: Optimizing LA4647 + 48-024 using powell
2025-10-21 14:44:02 INFO: Coupling=0.2300, Length=39.59mm, Time=10.12s
2025-10-21 14:44:02 INFO: Optimizing 84-277 + LA4002 using powell
2025-10-21 14:44:16 INFO: Coupling=0.2290, Length=55.77mm, Time=4.25s
2025-10-21 14:44:16 INFO: Optimizing 36-681 + 36-683 using powell
2025-10-21 14:44:29 INFO: Coupling=0.2400, Length=39.02mm, Time=8.98s
2025-10-21 14:44:29 INFO: Optimizing 36-683 + 48-024 using powell
2025-10-21 14:44:39 INFO: Coupling=0.2340, Length=40.67mm, Time=6.45s
2025-10-21 14:44:39 INFO: Optimizing LA4002 + 48-024 using powell
2025-10-21 14:44:55 INFO: Coupling=0.2195, Length=41.35mm, Time=11.88s
2025-10-21 14:44:55 INFO: Optimizing LA4647 + LA4936 using powell
2025-10-21 14:45:15 INFO: Coupling=0.2280, Length=45.00mm, Time=13.79s
2025-10-21 14:45:15 INFO: Optimizing LA4647 + 36-683 using powell
2025-10-21 14:45:33 INFO: Coupling=0.2425, Length=39.51mm, Time=10.37s
2025-10-21 14:45:34 INFO: Optimizing LA4002 + 84-277 using powell
2025-10-21 14:45:48 INFO: Coupling=0.2265, Length=41.46mm, Time=9.22s
2025-10-21 14:45:48 INFO: Optimizing 36-682 + 84-277 using powell
2025-10-21 14:46:02 INFO: Coupling=0.2480, Length=38.23mm, Time=7.40s
2025-10-21 14:46:02 INFO: Optimizing 36-682 + 48-025 using powell
2025-10-21 14:46:17 INFO: Coupling=0.2060, Length=43.51mm, Time=8.96s
2025-10-21 14:46:18 INFO: Optimizing LA4021 + 84-278 using powell
2025-10-21 14:46:38 INFO: Coupling=0.2220, Length=57.58mm, Time=11.96s
2025-10-21 14:46:38 INFO: Optimizing 36-686 + LA4003 using powell
2025-10-21 14:46:53 INFO: Coupling=0.2555, Length=92.61mm, Time=9.30s
2025-10-21 14:46:53 INFO: Optimizing LA4002 + 48-025 using powell
2025-10-21 14:47:08 INFO: Coupling=0.2230, Length=47.99mm, Time=9.25s
2025-10-21 14:47:08 INFO: Optimizing 36-686 + 84-278 using powell
2025-10-21 14:47:32 INFO: Coupling=0.2180, Length=49.78mm, Time=15.31s
2025-10-21 14:47:32 INFO: Optimizing 48-024 + LA4002 using powell
2025-10-21 14:47:45 INFO: Coupling=0.2575, Length=41.58mm, Time=6.69s
2025-10-21 14:47:45 INFO: Optimizing 36-681 + LA4002 using powell
2025-10-21 14:48:03 INFO: Coupling=0.2335, Length=39.09mm, Time=9.83s
2025-10-21 14:48:03 INFO: Optimizing 84-277 + 84-277 using powell
2025-10-21 14:48:20 INFO: Coupling=0.2540, Length=42.05mm, Time=9.66s
2025-10-21 14:48:20 INFO: Optimizing 36-682 + LA4936 using powell
2025-10-21 14:48:35 INFO: Coupling=0.2265, Length=43.60mm, Time=8.19s
2025-10-21 14:48:35 INFO: Optimizing 48-025 + 48-025 using powell
2025-10-21 14:48:47 INFO: Coupling=0.2205, Length=49.45mm, Time=5.33s
2025-10-21 14:48:48 INFO: Optimizing 36-681 + 36-682 using powell
2025-10-21 14:49:40 INFO: Coupling=0.2610, Length=33.42mm, Time=4.87s
2025-10-21 14:49:40 INFO: Optimizing 36-682 + LA4002 using powell
2025-10-21 14:49:54 INFO: Coupling=0.2325, Length=38.23mm, Time=5.18s
2025-10-21 14:49:56 INFO: Completed powell: 26 successful optimizations
2025-10-21 14:49:56 INFO: 
Starting grid_search optimization on 26 combinations
2025-10-21 14:49:56 INFO: Optimizing LA4647 + LA4002 using grid_search
2025-10-21 14:50:10 INFO: Coupling=0.2680, Length=47.20mm, Time=10.04s
2025-10-21 14:50:10 INFO: Optimizing 84-277 + 48-024 using grid_search
2025-10-21 14:50:23 INFO: Coupling=0.2240, Length=56.00mm, Time=8.48s
2025-10-21 14:50:23 INFO: Optimizing 36-681 + 36-681 using grid_search
2025-10-21 14:50:32 INFO: Coupling=0.2360, Length=38.19mm, Time=5.60s
2025-10-21 14:50:32 INFO: Optimizing 36-682 + 48-024 using grid_search
2025-10-21 14:50:42 INFO: Coupling=0.2760, Length=47.20mm, Time=6.77s
2025-10-21 14:50:42 INFO: Optimizing LA4647 + 84-277 using grid_search
2025-10-21 14:50:57 INFO: Coupling=0.2720, Length=47.20mm, Time=9.56s
2025-10-21 14:50:57 INFO: Optimizing LA4647 + 48-024 using grid_search
2025-10-21 14:51:11 INFO: Coupling=0.2500, Length=47.20mm, Time=9.02s
2025-10-21 14:51:11 INFO: Optimizing 84-277 + LA4002 using grid_search
2025-10-21 14:51:24 INFO: Coupling=0.1960, Length=60.17mm, Time=8.42s
2025-10-21 14:51:24 INFO: Optimizing 36-681 + 36-683 using grid_search
2025-10-21 14:51:39 INFO: Coupling=0.2350, Length=47.20mm, Time=6.87s
2025-10-21 14:51:39 INFO: Optimizing 36-683 + 48-024 using grid_search
2025-10-21 14:51:51 INFO: Coupling=0.2230, Length=56.00mm, Time=5.80s
2025-10-21 14:51:51 INFO: Optimizing LA4002 + 48-024 using grid_search
2025-10-21 14:52:04 INFO: Coupling=0.2160, Length=60.17mm, Time=7.39s
2025-10-21 14:52:04 INFO: Optimizing LA4647 + LA4936 using grid_search
2025-10-21 14:52:24 INFO: Coupling=0.2700, Length=64.88mm, Time=11.27s
2025-10-21 14:52:24 INFO: Optimizing LA4647 + 36-683 using grid_search
2025-10-21 14:52:37 INFO: Coupling=0.2600, Length=47.20mm, Time=8.84s
2025-10-21 14:52:38 INFO: Optimizing LA4002 + 84-277 using grid_search
2025-10-21 14:52:50 INFO: Coupling=0.1980, Length=60.17mm, Time=7.77s
2025-10-21 14:52:50 INFO: Optimizing 36-682 + 84-277 using grid_search
2025-10-21 14:53:00 INFO: Coupling=0.2540, Length=47.20mm, Time=6.50s
2025-10-21 14:53:00 INFO: Optimizing 36-682 + 48-025 using grid_search
2025-10-21 14:53:16 INFO: Coupling=0.2560, Length=64.70mm, Time=8.11s
2025-10-21 14:53:16 INFO: Optimizing LA4021 + 84-278 using grid_search
2025-10-21 14:53:30 INFO: Coupling=0.1780, Length=60.58mm, Time=10.07s
2025-10-21 14:53:31 INFO: Optimizing 36-686 + LA4003 using grid_search
2025-10-21 14:53:44 INFO: Coupling=0.2440, Length=84.93mm, Time=10.00s
2025-10-21 14:53:44 INFO: Optimizing LA4002 + 48-025 using grid_search
2025-10-21 14:53:56 INFO: Coupling=0.1900, Length=49.68mm, Time=7.45s
2025-10-21 14:53:56 INFO: Optimizing 36-686 + 84-278 using grid_search
2025-10-21 14:54:09 INFO: Coupling=0.2200, Length=59.83mm, Time=9.98s
2025-10-21 14:54:09 INFO: Optimizing 48-024 + LA4002 using grid_search
2025-10-21 14:54:22 INFO: Coupling=0.2150, Length=60.17mm, Time=6.90s
2025-10-21 14:54:22 INFO: Optimizing 36-681 + LA4002 using grid_search
2025-10-21 14:54:42 INFO: Coupling=0.2410, Length=63.87mm, Time=7.22s
2025-10-21 14:54:42 INFO: Optimizing 84-277 + 84-277 using grid_search
2025-10-21 14:54:55 INFO: Coupling=0.2340, Length=60.17mm, Time=8.69s
2025-10-21 14:54:55 INFO: Optimizing 36-682 + LA4936 using grid_search
2025-10-21 14:55:08 INFO: Coupling=0.2620, Length=59.87mm, Time=8.15s
2025-10-21 14:55:08 INFO: Optimizing 48-025 + 48-025 using grid_search
2025-10-21 14:55:21 INFO: Coupling=0.2120, Length=60.58mm, Time=5.97s
2025-10-21 14:55:21 INFO: Optimizing 36-681 + 36-682 using grid_search
2025-10-21 14:55:30 INFO: Coupling=0.2140, Length=35.61mm, Time=4.91s
2025-10-21 14:55:30 INFO: Optimizing 36-682 + LA4002 using grid_search
2025-10-21 14:55:41 INFO: Coupling=0.2500, Length=38.43mm, Time=6.66s
2025-10-21 14:55:41 INFO: Completed grid_search: 26 successful optimizations
2025-10-21 14:55:41 INFO: 
Starting bayesian optimization on 26 combinations
2025-10-21 14:55:41 INFO: Optimizing LA4647 + LA4002 using bayesian
2025-10-21 14:56:35 INFO: Coupling=0.2290, Length=43.36mm, Time=49.29s
2025-10-21 14:56:36 INFO: Optimizing 84-277 + 48-024 using bayesian
2025-10-21 14:57:29 INFO: Coupling=0.1935, Length=59.81mm, Time=47.99s
2025-10-21 14:57:29 INFO: Optimizing 36-681 + 36-681 using bayesian
2025-10-21 14:58:20 INFO: Coupling=0.2340, Length=40.00mm, Time=47.00s
2025-10-21 14:58:20 INFO: Optimizing 36-682 + 48-024 using bayesian
2025-10-21 14:59:18 INFO: Coupling=0.2470, Length=46.37mm, Time=53.75s
2025-10-21 14:59:18 INFO: Optimizing LA4647 + 84-277 using bayesian
2025-10-21 15:02:47 INFO: Coupling=0.2575, Length=43.36mm, Time=200.35s
2025-10-21 15:02:48 INFO: Optimizing LA4647 + 48-024 using bayesian
2025-10-21 15:03:29 INFO: Coupling=0.2485, Length=43.36mm, Time=30.68s
2025-10-21 15:03:29 INFO: Optimizing 84-277 + LA4002 using bayesian
2025-10-21 15:09:01 INFO: Coupling=0.1920, Length=59.81mm, Time=327.52s
2025-10-21 15:09:01 INFO: Optimizing 36-681 + 36-683 using bayesian
2025-10-21 15:09:32 INFO: Coupling=0.2490, Length=53.72mm, Time=27.44s
2025-10-21 15:09:32 INFO: Optimizing 36-683 + 48-024 using bayesian
2025-10-21 15:10:03 INFO: Coupling=0.1955, Length=59.81mm, Time=27.43s
2025-10-21 15:10:03 INFO: Optimizing LA4002 + 48-024 using bayesian
2025-10-21 15:10:36 INFO: Coupling=0.2115, Length=59.81mm, Time=28.80s
2025-10-21 15:10:36 INFO: Optimizing LA4647 + LA4936 using bayesian
2025-10-21 15:11:09 INFO: Coupling=0.2475, Length=48.54mm, Time=28.62s
2025-10-21 15:11:09 INFO: Optimizing LA4647 + 36-683 using bayesian
2025-10-21 15:11:42 INFO: Coupling=0.2250, Length=43.36mm, Time=29.28s
2025-10-21 15:11:42 INFO: Optimizing LA4002 + 84-277 using bayesian
2025-10-21 15:12:27 INFO: Coupling=0.2120, Length=59.81mm, Time=40.76s
2025-10-21 15:12:27 INFO: Optimizing 36-682 + 84-277 using bayesian
2025-10-21 15:13:18 INFO: Coupling=0.2375, Length=46.37mm, Time=47.07s
2025-10-21 15:13:18 INFO: Optimizing 36-682 + 48-025 using bayesian
2025-10-21 15:14:15 INFO: Coupling=0.2455, Length=48.39mm, Time=52.98s
2025-10-21 15:14:15 INFO: Optimizing LA4021 + 84-278 using bayesian
2025-10-21 15:15:18 INFO: Coupling=0.2010, Length=72.61mm, Time=51.47s
2025-10-21 15:15:18 INFO: Optimizing 36-686 + LA4003 using bayesian
2025-10-21 15:16:12 INFO: Coupling=0.2205, Length=76.31mm, Time=49.79s
2025-10-21 15:16:12 INFO: Optimizing LA4002 + 48-025 using bayesian
2025-10-21 15:17:07 INFO: Coupling=0.2460, Length=66.36mm, Time=51.21s
2025-10-21 15:17:07 INFO: Optimizing 36-686 + 84-278 using bayesian
2025-10-21 15:18:05 INFO: Coupling=0.1995, Length=69.69mm, Time=53.37s
2025-10-21 15:18:05 INFO: Optimizing 48-024 + LA4002 using bayesian
2025-10-21 15:19:01 INFO: Coupling=0.2120, Length=59.81mm, Time=50.67s
2025-10-21 15:19:01 INFO: Optimizing 36-681 + LA4002 using bayesian
2025-10-21 15:19:56 INFO: Coupling=0.2325, Length=53.72mm, Time=49.31s
2025-10-21 15:19:56 INFO: Optimizing 84-277 + 84-277 using bayesian
2025-10-21 15:20:55 INFO: Coupling=0.2165, Length=59.81mm, Time=53.53s
2025-10-21 15:20:55 INFO: Optimizing 36-682 + LA4936 using bayesian
2025-10-21 15:21:54 INFO: Coupling=0.2375, Length=48.50mm, Time=52.37s
2025-10-21 15:21:55 INFO: Optimizing 48-025 + 48-025 using bayesian
2025-10-21 15:23:10 INFO: Coupling=0.1815, Length=72.61mm, Time=67.37s
2025-10-21 15:23:10 INFO: Optimizing 36-681 + 36-682 using bayesian
2025-10-21 15:24:26 INFO: Coupling=0.2220, Length=38.44mm, Time=71.21s
2025-10-21 15:24:26 INFO: Optimizing 36-682 + LA4002 using bayesian
2025-10-21 15:29:10 INFO: Coupling=0.2460, Length=46.37mm, Time=278.52s
2025-10-21 15:29:11 INFO: Completed bayesian: 26 successful optimizations
2025-10-21 15:29:11 INFO: Generating combined method comparison plots
2025-10-21 15:29:11 INFO: Creating combined plot for LA4647 + LA4002 (6 methods)
2025-10-21 15:29:29 INFO: Creating combined plot for 84-277 + 48-024 (6 methods)
2025-10-21 15:29:47 INFO: Creating combined plot for 36-681 + 36-681 (6 methods)
2025-10-21 15:30:11 INFO: Creating combined plot for 36-682 + 48-024 (6 methods)
2025-10-21 15:30:32 INFO: Creating combined plot for LA4647 + 84-277 (6 methods)
2025-10-21 15:30:54 INFO: Creating combined plot for LA4647 + 48-024 (6 methods)
2025-10-21 15:31:16 INFO: Creating combined plot for 84-277 + LA4002 (6 methods)
2025-10-21 15:31:35 INFO: Creating combined plot for 36-681 + 36-683 (6 methods)
2025-10-21 15:31:59 INFO: Creating combined plot for 36-683 + 48-024 (6 methods)
2025-10-21 15:32:14 INFO: Creating combined plot for LA4002 + 48-024 (6 methods)
2025-10-21 15:43:17 INFO: Creating combined plot for LA4647 + LA4936 (6 methods)
2025-10-21 15:43:39 INFO: Creating combined plot for LA4647 + 36-683 (6 methods)
2025-10-21 15:43:58 INFO: Creating combined plot for LA4002 + 84-277 (6 methods)
2025-10-21 15:44:17 INFO: Creating combined plot for 36-682 + 84-277 (6 methods)
2025-10-21 15:44:38 INFO: Creating combined plot for 36-682 + 48-025 (6 methods)
2025-10-21 15:44:55 INFO: Creating combined plot for LA4021 + 84-278 (6 methods)
2025-10-21 15:45:18 INFO: Creating combined plot for 36-686 + LA4003 (6 methods)
2025-10-21 15:45:38 INFO: Creating combined plot for LA4002 + 48-025 (6 methods)
2025-10-21 15:45:55 INFO: Creating combined plot for 36-686 + 84-278 (6 methods)
2025-10-21 15:46:13 INFO: Creating combined plot for 48-024 + LA4002 (6 methods)
2025-10-21 15:46:32 INFO: Creating combined plot for 36-681 + LA4002 (6 methods)
2025-10-21 15:46:51 INFO: Creating combined plot for 84-277 + 84-277 (6 methods)
2025-10-21 15:47:11 INFO: Creating combined plot for 36-682 + LA4936 (6 methods)
2025-10-21 15:56:45 INFO: Creating combined plot for 48-025 + 48-025 (6 methods)
2025-10-21 15:57:06 INFO: Creating combined plot for 36-681 + 36-682 (6 methods)
2025-10-21 15:57:27 INFO: Creating combined plot for 36-682 + LA4002 (6 methods)
2025-10-21 15:57:51 INFO: Generated 26 combined plots
2025-10-21 15:57:51 INFO: Writing results CSV files by lens combination
2025-10-21 15:57:54 INFO: Wrote LA4647+LA4002.csv with 6 methods
2025-10-21 15:57:54 INFO: Wrote 84-277+48-024.csv with 6 methods
2025-10-21 15:57:54 INFO: Wrote 36-681+36-681.csv with 6 methods
2025-10-21 15:57:54 INFO: Wrote 36-682+48-024.csv with 6 methods
2025-10-21 15:57:54 INFO: Wrote LA4647+84-277.csv with 6 methods
2025-10-21 15:57:54 INFO: Wrote LA4647+48-024.csv with 6 methods
2025-10-21 15:57:54 INFO: Wrote 84-277+LA4002.csv with 6 methods
2025-10-21 15:57:54 INFO: Wrote 36-681+36-683.csv with 6 methods
2025-10-21 15:57:54 INFO: Wrote 36-683+48-024.csv with 6 methods
2025-10-21 15:57:54 INFO: Wrote LA4002+48-024.csv with 6 methods
2025-10-21 15:57:54 INFO: Wrote LA4647+LA4936.csv with 6 methods
2025-10-21 15:57:54 INFO: Wrote LA4647+36-683.csv with 6 methods
2025-10-21 15:57:54 INFO: Wrote LA4002+84-277.csv with 6 methods
2025-10-21 15:57:54 INFO: Wrote 36-682+84-277.csv with 6 methods
2025-10-21 15:57:54 INFO: Wrote 36-682+48-025.csv with 6 methods
2025-10-21 15:57:54 INFO: Wrote LA4021+84-278.csv with 6 methods
2025-10-21 15:57:54 INFO: Wrote 36-686+LA4003.csv with 6 methods
2025-10-21 15:57:54 INFO: Wrote LA4002+48-025.csv with 6 methods
2025-10-21 15:57:54 INFO: Wrote 36-686+84-278.csv with 6 methods
2025-10-21 15:57:54 INFO: Wrote 48-024+LA4002.csv with 6 methods
2025-10-21 15:57:54 INFO: Wrote 36-681+LA4002.csv with 6 methods
2025-10-21 15:57:54 INFO: Wrote 84-277+84-277.csv with 6 methods
2025-10-21 15:57:54 INFO: Wrote 36-682+LA4936.csv with 6 methods
2025-10-21 15:57:54 INFO: Wrote 48-025+48-025.csv with 6 methods
2025-10-21 15:57:54 INFO: Wrote 36-681+36-682.csv with 6 methods
2025-10-21 15:57:54 INFO: Wrote 36-682+LA4002.csv with 6 methods
2025-10-21 15:57:54 INFO: Wrote 26 CSV files
