2025-11-05 21:29:22 INFO: Loading results from results/2025-11-05_select_powell_argon/results_select_2025-11-05_select_powell_argon.csv
2025-11-05 21:29:22 INFO: Found 21 combinations with coupling >= 0.35
2025-11-05 21:29:23 INFO: 
Starting differential_evolution optimization on 21 combinations
2025-11-05 21:29:23 INFO: Optimizing 84-277 + 84-279 using differential_evolution
2025-11-05 21:29:26 INFO: Coupling=0.3825, Length=62.27mm, Time=0.73s
2025-11-05 21:29:26 INFO: Optimizing 36-686 + 84-279 using differential_evolution
2025-11-05 21:29:28 INFO: Coupling=0.3456, Length=64.02mm, Time=0.70s
2025-11-05 21:29:28 INFO: Optimizing LA4002 + LA4936 using differential_evolution
2025-11-05 21:29:30 INFO: Coupling=0.3638, Length=45.99mm, Time=0.57s
2025-11-05 21:29:30 INFO: Optimizing 84-277 + 84-278 using differential_evolution
2025-11-05 21:29:32 INFO: Coupling=0.3731, Length=45.97mm, Time=0.81s
2025-11-05 21:29:32 INFO: Optimizing LA4002 + 84-278 using differential_evolution
2025-11-05 21:29:35 INFO: Coupling=0.3859, Length=45.84mm, Time=0.71s
2025-11-05 21:29:35 INFO: Optimizing 84-277 + LA4936 using differential_evolution
2025-11-05 21:29:37 INFO: Coupling=0.3849, Length=46.06mm, Time=0.51s
2025-11-05 21:29:37 INFO: Optimizing 84-277 + LA4003 using differential_evolution
2025-11-05 21:29:39 INFO: Coupling=0.3679, Length=51.41mm, Time=0.73s
2025-11-05 21:29:39 INFO: Optimizing LA4002 + 84-279 using differential_evolution
2025-11-05 21:29:41 INFO: Coupling=0.3277, Length=62.26mm, Time=0.64s
2025-11-05 21:29:41 INFO: Optimizing LA4002 + LA4130 using differential_evolution
2025-11-05 21:29:44 INFO: Coupling=0.3504, Length=56.90mm, Time=0.63s
2025-11-05 21:29:44 INFO: Optimizing 84-277 + LA4765 using differential_evolution
2025-11-05 21:29:46 INFO: Coupling=0.3301, Length=67.61mm, Time=0.81s
2025-11-05 21:29:46 INFO: Optimizing LA4002 + 84-280 using differential_evolution
2025-11-05 21:29:49 INFO: Coupling=0.2981, Length=77.57mm, Time=0.63s
2025-11-05 21:29:49 INFO: Optimizing LA4002 + LA4003 using differential_evolution
2025-11-05 21:29:51 INFO: Coupling=0.3749, Length=51.33mm, Time=0.76s
2025-11-05 21:29:51 INFO: Optimizing 36-686 + 84-278 using differential_evolution
2025-11-05 21:29:54 INFO: Coupling=0.3133, Length=48.21mm, Time=0.63s
2025-11-05 21:29:54 INFO: Optimizing LA4002 + LA4765 using differential_evolution
2025-11-05 21:29:56 INFO: Coupling=0.3113, Length=67.58mm, Time=0.69s
2025-11-05 21:29:56 INFO: Optimizing LA4002 + LA4042 using differential_evolution
2025-11-05 21:29:59 INFO: Coupling=0.3009, Length=78.30mm, Time=0.66s
2025-11-05 21:29:59 INFO: Optimizing 36-686 + 84-280 using differential_evolution
2025-11-05 21:30:02 INFO: Coupling=0.2918, Length=79.77mm, Time=0.83s
2025-11-05 21:30:02 INFO: Optimizing 84-277 + 84-280 using differential_evolution
2025-11-05 21:30:04 INFO: Coupling=0.3014, Length=77.69mm, Time=0.54s
2025-11-05 21:30:04 INFO: Optimizing 36-686 + LA4936 using differential_evolution
2025-11-05 21:30:07 INFO: Coupling=0.3196, Length=47.72mm, Time=0.72s
2025-11-05 21:30:07 INFO: Optimizing 48-024 + 84-278 using differential_evolution
2025-11-05 21:30:10 INFO: Coupling=0.3062, Length=45.97mm, Time=0.62s
2025-11-05 21:30:10 INFO: Optimizing 48-024 + LA4936 using differential_evolution
2025-11-05 21:30:12 INFO: Coupling=0.2954, Length=46.09mm, Time=0.90s
2025-11-05 21:30:12 INFO: Optimizing 36-686 + LA4003 using differential_evolution
2025-11-05 21:30:15 INFO: Coupling=0.3225, Length=53.11mm, Time=0.72s
2025-11-05 21:30:15 INFO: Completed differential_evolution: 21 successful optimizations
2025-11-05 21:30:15 INFO: 
Starting dual_annealing optimization on 21 combinations
2025-11-05 21:30:16 INFO: Optimizing 84-277 + 84-279 using dual_annealing
2025-11-05 21:30:20 INFO: Coupling=0.3976, Length=63.34mm, Time=2.87s
2025-11-05 21:30:20 INFO: Optimizing 36-686 + 84-279 using dual_annealing
2025-11-05 21:30:24 INFO: Coupling=0.3608, Length=63.92mm, Time=2.76s
2025-11-05 21:30:24 INFO: Optimizing LA4002 + LA4936 using dual_annealing
2025-11-05 21:30:29 INFO: Coupling=0.3437, Length=46.12mm, Time=3.34s
2025-11-05 21:30:29 INFO: Optimizing 84-277 + 84-278 using dual_annealing
2025-11-05 21:30:33 INFO: Coupling=0.3757, Length=45.95mm, Time=2.01s
2025-11-05 21:30:33 INFO: Optimizing LA4002 + 84-278 using dual_annealing
2025-11-05 21:30:39 INFO: Coupling=0.3681, Length=45.79mm, Time=3.98s
2025-11-05 21:30:39 INFO: Optimizing 84-277 + LA4936 using dual_annealing
2025-11-05 21:30:42 INFO: Coupling=0.3485, Length=48.70mm, Time=1.84s
2025-11-05 21:30:42 INFO: Optimizing 84-277 + LA4003 using dual_annealing
2025-11-05 21:30:47 INFO: Coupling=0.3652, Length=51.46mm, Time=2.48s
2025-11-05 21:30:47 INFO: Optimizing LA4002 + 84-279 using dual_annealing
2025-11-05 21:30:53 INFO: Coupling=0.3173, Length=62.00mm, Time=3.98s
2025-11-05 21:30:53 INFO: Optimizing LA4002 + LA4130 using dual_annealing
2025-11-05 21:30:58 INFO: Coupling=0.3323, Length=57.44mm, Time=3.84s
2025-11-05 21:30:58 INFO: Optimizing 84-277 + LA4765 using dual_annealing
2025-11-05 21:31:04 INFO: Coupling=0.3067, Length=67.52mm, Time=3.65s
2025-11-05 21:31:04 INFO: Optimizing LA4002 + 84-280 using dual_annealing
2025-11-05 21:31:09 INFO: Coupling=0.2943, Length=79.92mm, Time=3.92s
2025-11-05 21:31:09 INFO: Optimizing LA4002 + LA4003 using dual_annealing
2025-11-05 21:31:15 INFO: Coupling=0.3635, Length=51.25mm, Time=3.71s
2025-11-05 21:31:15 INFO: Optimizing 36-686 + 84-278 using dual_annealing
2025-11-05 21:31:20 INFO: Coupling=0.3165, Length=47.60mm, Time=2.65s
2025-11-05 21:31:20 INFO: Optimizing LA4002 + LA4765 using dual_annealing
2025-11-05 21:31:25 INFO: Coupling=0.3183, Length=67.42mm, Time=2.92s
2025-11-05 21:31:25 INFO: Optimizing LA4002 + LA4042 using dual_annealing
2025-11-05 21:31:30 INFO: Coupling=0.2958, Length=77.54mm, Time=3.10s
2025-11-05 21:31:30 INFO: Optimizing 36-686 + 84-280 using dual_annealing
2025-11-05 21:31:35 INFO: Coupling=0.3091, Length=79.54mm, Time=3.47s
2025-11-05 21:31:35 INFO: Optimizing 84-277 + 84-280 using dual_annealing
2025-11-05 21:31:47 INFO: Coupling=0.3011, Length=77.70mm, Time=6.08s
2025-11-05 21:31:47 INFO: Optimizing 36-686 + LA4936 using dual_annealing
2025-11-05 21:31:56 INFO: Coupling=0.3279, Length=47.65mm, Time=7.46s
2025-11-05 21:31:56 INFO: Optimizing 48-024 + 84-278 using dual_annealing
2025-11-05 21:32:00 INFO: Coupling=0.3049, Length=45.93mm, Time=2.04s
2025-11-05 21:32:00 INFO: Optimizing 48-024 + LA4936 using dual_annealing
2025-11-05 21:32:08 INFO: Coupling=0.3129, Length=45.98mm, Time=5.03s
2025-11-05 21:32:08 INFO: Optimizing 36-686 + LA4003 using dual_annealing
2025-11-05 21:32:12 INFO: Coupling=0.3255, Length=53.08mm, Time=2.00s
2025-11-05 21:32:12 INFO: Completed dual_annealing: 21 successful optimizations
2025-11-05 21:32:12 INFO: 
Starting nelder_mead optimization on 21 combinations
2025-11-05 21:32:12 INFO: Optimizing 84-277 + 84-279 using nelder_mead
2025-11-05 21:32:14 INFO: Coupling=0.0008, Length=74.50mm, Time=0.09s
2025-11-05 21:32:14 INFO: Optimizing 36-686 + 84-279 using nelder_mead
2025-11-05 21:32:16 INFO: Coupling=0.3467, Length=63.81mm, Time=0.17s
2025-11-05 21:32:16 INFO: Optimizing LA4002 + LA4936 using nelder_mead
2025-11-05 21:32:18 INFO: Coupling=0.3843, Length=45.91mm, Time=0.16s
2025-11-05 21:32:18 INFO: Optimizing 84-277 + 84-278 using nelder_mead
2025-11-05 21:32:20 INFO: Coupling=0.3813, Length=45.94mm, Time=0.16s
2025-11-05 21:32:20 INFO: Optimizing LA4002 + 84-278 using nelder_mead
2025-11-05 21:32:22 INFO: Coupling=0.3582, Length=45.78mm, Time=0.24s
2025-11-05 21:32:22 INFO: Optimizing 84-277 + LA4936 using nelder_mead
2025-11-05 21:32:24 INFO: Coupling=0.3762, Length=46.08mm, Time=0.13s
2025-11-05 21:32:24 INFO: Optimizing 84-277 + LA4003 using nelder_mead
2025-11-05 21:32:26 INFO: Coupling=0.3632, Length=51.39mm, Time=0.17s
2025-11-05 21:32:26 INFO: Optimizing LA4002 + 84-279 using nelder_mead
2025-11-05 21:32:28 INFO: Coupling=0.0004, Length=73.70mm, Time=0.09s
2025-11-05 21:32:28 INFO: Optimizing LA4002 + LA4130 using nelder_mead
2025-11-05 21:32:30 INFO: Coupling=0.3502, Length=56.76mm, Time=0.19s
2025-11-05 21:32:30 INFO: Optimizing 84-277 + LA4765 using nelder_mead
2025-11-05 21:32:32 INFO: Coupling=0.3136, Length=67.54mm, Time=0.20s
2025-11-05 21:32:32 INFO: Optimizing LA4002 + 84-280 using nelder_mead
2025-11-05 21:32:34 INFO: Coupling=0.3029, Length=77.55mm, Time=0.23s
2025-11-05 21:32:34 INFO: Optimizing LA4002 + LA4003 using nelder_mead
2025-11-05 21:32:36 INFO: Coupling=0.0033, Length=60.51mm, Time=0.08s
2025-11-05 21:32:36 INFO: Optimizing 36-686 + 84-278 using nelder_mead
2025-11-05 21:32:38 INFO: Coupling=0.3460, Length=47.53mm, Time=0.15s
2025-11-05 21:32:38 INFO: Optimizing LA4002 + LA4765 using nelder_mead
2025-11-05 21:32:40 INFO: Coupling=0.3079, Length=67.37mm, Time=0.16s
2025-11-05 21:32:40 INFO: Optimizing LA4002 + LA4042 using nelder_mead
2025-11-05 21:32:44 INFO: Coupling=0.2981, Length=77.53mm, Time=0.17s
2025-11-05 21:32:44 INFO: Optimizing 36-686 + 84-280 using nelder_mead
2025-11-05 21:32:46 INFO: Coupling=0.3181, Length=81.81mm, Time=0.15s
2025-11-05 21:32:46 INFO: Optimizing 84-277 + 84-280 using nelder_mead
2025-11-05 21:32:48 INFO: Coupling=0.2933, Length=78.48mm, Time=0.14s
2025-11-05 21:32:48 INFO: Optimizing 36-686 + LA4936 using nelder_mead
2025-11-05 21:32:51 INFO: Coupling=0.3331, Length=47.64mm, Time=0.17s
2025-11-05 21:32:51 INFO: Optimizing 48-024 + 84-278 using nelder_mead
2025-11-05 21:32:53 INFO: Coupling=0.2907, Length=45.82mm, Time=0.18s
2025-11-05 21:32:53 INFO: Optimizing 48-024 + LA4936 using nelder_mead
2025-11-05 21:32:55 INFO: Coupling=0.2992, Length=49.70mm, Time=0.15s
2025-11-05 21:32:55 INFO: Optimizing 36-686 + LA4003 using nelder_mead
2025-11-05 21:32:58 INFO: Coupling=0.3170, Length=53.03mm, Time=0.19s
2025-11-05 21:32:58 INFO: Completed nelder_mead: 21 successful optimizations
2025-11-05 21:32:58 INFO: 
Starting powell optimization on 21 combinations
2025-11-05 21:32:58 INFO: Optimizing 84-277 + 84-279 using powell
2025-11-05 21:33:00 INFO: Coupling=0.3859, Length=67.98mm, Time=0.12s
2025-11-05 21:33:00 INFO: Optimizing 36-686 + 84-279 using powell
2025-11-05 21:33:02 INFO: Coupling=0.3432, Length=66.54mm, Time=0.13s
2025-11-05 21:33:02 INFO: Optimizing LA4002 + LA4936 using powell
2025-11-05 21:33:04 INFO: Coupling=0.3877, Length=45.92mm, Time=0.16s
2025-11-05 21:33:04 INFO: Optimizing 84-277 + 84-278 using powell
2025-11-05 21:33:06 INFO: Coupling=0.3709, Length=46.32mm, Time=0.11s
2025-11-05 21:33:06 INFO: Optimizing LA4002 + 84-278 using powell
2025-11-05 21:33:08 INFO: Coupling=0.3838, Length=45.78mm, Time=0.20s
2025-11-05 21:33:08 INFO: Optimizing 84-277 + LA4936 using powell
2025-11-05 21:33:10 INFO: Coupling=0.3688, Length=46.38mm, Time=0.17s
2025-11-05 21:33:10 INFO: Optimizing 84-277 + LA4003 using powell
2025-11-05 21:33:12 INFO: Coupling=0.3507, Length=51.47mm, Time=0.12s
2025-11-05 21:33:12 INFO: Optimizing LA4002 + 84-279 using powell
2025-11-05 21:33:14 INFO: Coupling=0.3415, Length=77.85mm, Time=0.10s
2025-11-05 21:33:14 INFO: Optimizing LA4002 + LA4130 using powell
2025-11-05 21:33:16 INFO: Coupling=0.3615, Length=56.76mm, Time=0.18s
2025-11-05 21:33:16 INFO: Optimizing 84-277 + LA4765 using powell
2025-11-05 21:33:18 INFO: Coupling=0.2948, Length=74.50mm, Time=0.18s
2025-11-05 21:33:18 INFO: Optimizing LA4002 + 84-280 using powell
2025-11-05 21:33:20 INFO: Coupling=0.2979, Length=77.79mm, Time=0.11s
2025-11-05 21:33:20 INFO: Optimizing LA4002 + LA4003 using powell
2025-11-05 21:33:22 INFO: Coupling=0.3403, Length=51.35mm, Time=0.21s
2025-11-05 21:33:22 INFO: Optimizing 36-686 + 84-278 using powell
2025-11-05 21:33:24 INFO: Coupling=0.3313, Length=47.59mm, Time=0.21s
2025-11-05 21:33:24 INFO: Optimizing LA4002 + LA4765 using powell
2025-11-05 21:33:27 INFO: Coupling=0.3062, Length=67.38mm, Time=0.15s
2025-11-05 21:33:27 INFO: Optimizing LA4002 + LA4042 using powell
2025-11-05 21:33:29 INFO: Coupling=0.3052, Length=77.54mm, Time=0.22s
2025-11-05 21:33:29 INFO: Optimizing 36-686 + 84-280 using powell
2025-11-05 21:33:32 INFO: Coupling=0.0122, Length=78.52mm, Time=0.09s
2025-11-05 21:33:32 INFO: Optimizing 84-277 + 84-280 using powell
2025-11-05 21:33:34 INFO: Coupling=0.3126, Length=98.89mm, Time=0.23s
2025-11-05 21:33:34 INFO: Optimizing 36-686 + LA4936 using powell
2025-11-05 21:33:36 INFO: Coupling=0.3178, Length=48.22mm, Time=0.11s
2025-11-05 21:33:36 INFO: Optimizing 48-024 + 84-278 using powell
2025-11-05 21:33:38 INFO: Coupling=0.2885, Length=45.90mm, Time=0.13s
2025-11-05 21:33:38 INFO: Optimizing 48-024 + LA4936 using powell
2025-11-05 21:33:41 INFO: Coupling=0.3028, Length=51.30mm, Time=0.12s
2025-11-05 21:33:41 INFO: Optimizing 36-686 + LA4003 using powell
2025-11-05 21:33:43 INFO: Coupling=0.3098, Length=53.02mm, Time=0.23s
2025-11-05 21:33:43 INFO: Completed powell: 21 successful optimizations
2025-11-05 21:33:43 INFO: 
Starting grid_search optimization on 21 combinations
2025-11-05 21:33:43 INFO: Optimizing 84-277 + 84-279 using grid_search
2025-11-05 21:33:45 INFO: Coupling=0.1282, Length=81.83mm, Time=0.36s
2025-11-05 21:33:47 INFO: Coupling=0.2406, Length=69.06mm, Time=0.36s
2025-11-05 21:33:47 INFO: Optimizing 36-686 + 84-279 using grid_search
2025-11-05 21:33:49 INFO: Coupling=0.1235, Length=82.33mm, Time=0.31s
2025-11-05 21:33:50 INFO: Coupling=0.2361, Length=69.18mm, Time=0.31s
2025-11-05 21:33:50 INFO: Optimizing LA4002 + LA4936 using grid_search
2025-11-05 21:33:52 INFO: Coupling=0.1696, Length=54.77mm, Time=0.31s
2025-11-05 21:33:54 INFO: Coupling=0.2309, Length=64.88mm, Time=0.31s
2025-11-05 21:33:54 INFO: Optimizing 84-277 + 84-278 using grid_search
2025-11-05 21:33:56 INFO: Coupling=0.1672, Length=54.62mm, Time=0.33s
2025-11-05 21:33:57 INFO: Coupling=0.2524, Length=64.70mm, Time=0.33s
2025-11-05 21:33:57 INFO: Optimizing LA4002 + 84-278 using grid_search
2025-11-05 21:34:00 INFO: Coupling=0.1663, Length=54.62mm, Time=0.33s
2025-11-05 21:34:01 INFO: Coupling=0.2342, Length=64.70mm, Time=0.33s
2025-11-05 21:34:01 INFO: Optimizing 84-277 + LA4936 using grid_search
2025-11-05 21:34:03 INFO: Coupling=0.1741, Length=49.81mm, Time=0.34s
2025-11-05 21:34:05 INFO: Coupling=0.2450, Length=64.88mm, Time=0.34s
2025-11-05 21:34:05 INFO: Optimizing 84-277 + LA4003 using grid_search
2025-11-05 21:34:07 INFO: Coupling=0.1580, Length=73.15mm, Time=0.28s
2025-11-05 21:34:09 INFO: Coupling=0.2919, Length=61.81mm, Time=0.28s
2025-11-05 21:34:09 INFO: Optimizing LA4002 + 84-279 using grid_search
2025-11-05 21:34:11 INFO: Coupling=0.1081, Length=81.83mm, Time=0.32s
2025-11-05 21:34:13 INFO: Coupling=0.2989, Length=69.06mm, Time=0.32s
2025-11-05 21:34:13 INFO: Optimizing LA4002 + LA4130 using grid_search
2025-11-05 21:34:15 INFO: Coupling=0.1564, Length=101.22mm, Time=0.29s
2025-11-05 21:34:17 INFO: Coupling=0.2725, Length=62.73mm, Time=0.29s
2025-11-05 21:34:17 INFO: Optimizing 84-277 + LA4765 using grid_search
2025-11-05 21:34:18 INFO: Coupling=0.1102, Length=75.78mm, Time=0.31s
2025-11-05 21:34:20 INFO: Coupling=0.2417, Length=75.78mm, Time=0.31s
2025-11-05 21:34:20 INFO: Optimizing LA4002 + 84-280 using grid_search
2025-11-05 21:34:22 INFO: Coupling=0.0908, Length=164.33mm, Time=0.36s
2025-11-05 21:34:24 INFO: Coupling=0.2882, Length=107.07mm, Time=0.36s
2025-11-05 21:34:24 INFO: Optimizing LA4002 + LA4003 using grid_search
2025-11-05 21:34:26 INFO: Coupling=0.1596, Length=73.15mm, Time=0.35s
2025-11-05 21:34:28 INFO: Coupling=0.2417, Length=56.14mm, Time=0.35s
2025-11-05 21:34:28 INFO: Optimizing 36-686 + 84-278 using grid_search
2025-11-05 21:34:30 INFO: Coupling=0.1313, Length=59.83mm, Time=0.32s
2025-11-05 21:34:32 INFO: Coupling=0.2284, Length=64.70mm, Time=0.32s
2025-11-05 21:34:32 INFO: Optimizing LA4002 + LA4765 using grid_search
2025-11-05 21:34:34 INFO: Coupling=0.1219, Length=89.63mm, Time=0.30s
2025-11-05 21:34:36 INFO: Coupling=0.2864, Length=67.89mm, Time=0.30s
2025-11-05 21:34:36 INFO: Optimizing LA4002 + LA4042 using grid_search
2025-11-05 21:34:38 INFO: Coupling=0.1019, Length=144.33mm, Time=0.32s
2025-11-05 21:34:40 INFO: Coupling=0.2194, Length=107.07mm, Time=0.32s
2025-11-05 21:34:40 INFO: Optimizing 36-686 + 84-280 using grid_search
2025-11-05 21:34:42 INFO: Coupling=0.1043, Length=164.83mm, Time=0.35s
2025-11-05 21:34:44 INFO: Coupling=0.2790, Length=88.56mm, Time=0.35s
2025-11-05 21:34:44 INFO: Optimizing 84-277 + 84-280 using grid_search
2025-11-05 21:34:46 INFO: Coupling=0.1084, Length=104.33mm, Time=0.41s
2025-11-05 21:34:48 INFO: Coupling=0.2748, Length=79.12mm, Time=0.41s
2025-11-05 21:34:48 INFO: Optimizing 36-686 + LA4936 using grid_search
2025-11-05 21:34:50 INFO: Coupling=0.1406, Length=75.03mm, Time=0.29s
2025-11-05 21:34:52 INFO: Coupling=0.2227, Length=64.88mm, Time=0.29s
2025-11-05 21:34:52 INFO: Optimizing 48-024 + 84-278 using grid_search
2025-11-05 21:34:55 INFO: Coupling=0.1596, Length=54.62mm, Time=0.31s
2025-11-05 21:34:56 INFO: Coupling=0.2661, Length=64.70mm, Time=0.31s
2025-11-05 21:34:56 INFO: Optimizing 48-024 + LA4936 using grid_search
2025-11-05 21:34:59 INFO: Coupling=0.1707, Length=49.81mm, Time=0.28s
2025-11-05 21:35:01 INFO: Coupling=0.2637, Length=64.88mm, Time=0.28s
2025-11-05 21:35:01 INFO: Optimizing 36-686 + LA4003 using grid_search
2025-11-05 21:35:03 INFO: Coupling=0.1365, Length=90.67mm, Time=0.27s
2025-11-05 21:35:05 INFO: Coupling=0.2481, Length=67.73mm, Time=0.27s
2025-11-05 21:35:06 INFO: Completed grid_search: 42 successful optimizations
2025-11-05 21:35:06 INFO: 
Starting bayesian optimization on 21 combinations
2025-11-05 21:35:06 INFO: Optimizing 84-277 + 84-279 using bayesian
2025-11-05 21:35:24 INFO: Coupling=0.3079, Length=86.00mm, Time=17.47s
2025-11-05 21:35:24 INFO: Optimizing 36-686 + 84-279 using bayesian
2025-11-05 21:35:42 INFO: Coupling=0.2442, Length=87.85mm, Time=16.41s
2025-11-05 21:35:42 INFO: Optimizing LA4002 + LA4936 using bayesian
2025-11-05 21:36:05 INFO: Coupling=0.2325, Length=66.49mm, Time=21.30s
2025-11-05 21:36:05 INFO: Optimizing 84-277 + 84-278 using bayesian
2025-11-05 21:36:29 INFO: Coupling=0.2209, Length=66.36mm, Time=22.67s
2025-11-05 21:36:29 INFO: Optimizing LA4002 + 84-278 using bayesian
2025-11-05 21:36:48 INFO: Coupling=0.2268, Length=66.36mm, Time=17.55s
2025-11-05 21:36:48 INFO: Optimizing 84-277 + LA4936 using bayesian
2025-11-05 21:37:05 INFO: Coupling=0.2295, Length=66.49mm, Time=15.99s
2025-11-05 21:37:05 INFO: Optimizing 84-277 + LA4003 using bayesian
2025-11-05 21:37:26 INFO: Coupling=0.2469, Length=72.90mm, Time=19.32s
2025-11-05 21:37:26 INFO: Optimizing LA4002 + 84-279 using bayesian
2025-11-05 21:37:48 INFO: Coupling=0.1900, Length=87.61mm, Time=20.00s
2025-11-05 21:37:48 INFO: Optimizing LA4002 + LA4130 using bayesian
2025-11-05 21:38:06 INFO: Coupling=0.2402, Length=79.58mm, Time=16.53s
2025-11-05 21:38:06 INFO: Optimizing 84-277 + LA4765 using bayesian
2025-11-05 21:38:31 INFO: Coupling=0.1512, Length=92.80mm, Time=23.08s
2025-11-05 21:38:31 INFO: Optimizing LA4002 + 84-280 using bayesian
2025-11-05 21:38:53 INFO: Coupling=0.2163, Length=107.50mm, Time=20.63s
2025-11-05 21:38:53 INFO: Optimizing LA4002 + LA4003 using bayesian
2025-11-05 21:39:14 INFO: Coupling=0.2364, Length=72.90mm, Time=18.72s
2025-11-05 21:39:14 INFO: Optimizing 36-686 + 84-278 using bayesian
2025-11-05 21:39:33 INFO: Coupling=0.1978, Length=68.21mm, Time=18.27s
2025-11-05 21:39:33 INFO: Optimizing LA4002 + LA4765 using bayesian
2025-11-05 21:39:52 INFO: Coupling=0.2002, Length=94.51mm, Time=17.07s
2025-11-05 21:39:52 INFO: Optimizing LA4002 + LA4042 using bayesian
2025-11-05 21:40:10 INFO: Coupling=0.2184, Length=107.50mm, Time=17.08s
2025-11-05 21:40:10 INFO: Optimizing 36-686 + 84-280 using bayesian
2025-11-05 21:40:31 INFO: Coupling=0.1873, Length=109.45mm, Time=19.61s
2025-11-05 21:40:31 INFO: Optimizing 84-277 + 84-280 using bayesian
2025-11-05 21:40:50 INFO: Coupling=0.1633, Length=107.50mm, Time=16.67s
2025-11-05 21:40:50 INFO: Optimizing 36-686 + LA4936 using bayesian
2025-11-05 21:41:06 INFO: Coupling=0.1987, Length=68.34mm, Time=15.38s
2025-11-05 21:41:06 INFO: Optimizing 48-024 + 84-278 using bayesian
2025-11-05 21:41:23 INFO: Coupling=0.2188, Length=66.36mm, Time=14.63s
2025-11-05 21:41:23 INFO: Optimizing 48-024 + LA4936 using bayesian
2025-11-05 21:41:38 INFO: Coupling=0.2257, Length=66.49mm, Time=14.31s
2025-11-05 21:41:38 INFO: Optimizing 36-686 + LA4003 using bayesian
2025-11-05 21:42:11 INFO: Coupling=0.2000, Length=74.76mm, Time=30.85s
2025-11-05 21:42:11 INFO: Completed bayesian: 21 successful optimizations
2025-11-05 21:42:11 INFO: Generating combined method comparison plots
2025-11-05 21:42:11 INFO: Creating combined plot for 84-277 + 84-279 (6 methods)
2025-11-05 21:42:14 INFO: Creating combined plot for 36-686 + 84-279 (6 methods)
2025-11-05 21:42:17 INFO: Creating combined plot for LA4002 + LA4936 (6 methods)
2025-11-05 21:42:22 INFO: Creating combined plot for 84-277 + 84-278 (6 methods)
2025-11-05 21:42:25 INFO: Creating combined plot for LA4002 + 84-278 (6 methods)
2025-11-05 21:42:27 INFO: Creating combined plot for 84-277 + LA4936 (6 methods)
2025-11-05 21:42:32 INFO: Creating combined plot for 84-277 + LA4003 (6 methods)
2025-11-05 21:42:36 INFO: Creating combined plot for LA4002 + 84-279 (6 methods)
2025-11-05 21:42:38 INFO: Creating combined plot for LA4002 + LA4130 (6 methods)
2025-11-05 21:42:40 INFO: Creating combined plot for 84-277 + LA4765 (6 methods)
2025-11-05 21:42:43 INFO: Creating combined plot for LA4002 + 84-280 (6 methods)
2025-11-05 21:42:46 INFO: Creating combined plot for LA4002 + LA4003 (6 methods)
2025-11-05 21:42:51 INFO: Creating combined plot for 36-686 + 84-278 (6 methods)
2025-11-05 21:42:54 INFO: Creating combined plot for LA4002 + LA4765 (6 methods)
2025-11-05 21:42:59 INFO: Creating combined plot for LA4002 + LA4042 (6 methods)
2025-11-05 21:43:01 INFO: Creating combined plot for 36-686 + 84-280 (6 methods)
2025-11-05 21:43:05 INFO: Creating combined plot for 84-277 + 84-280 (6 methods)
2025-11-05 21:43:09 INFO: Creating combined plot for 36-686 + LA4936 (6 methods)
2025-11-05 21:43:11 INFO: Creating combined plot for 48-024 + 84-278 (6 methods)
2025-11-05 21:43:14 INFO: Creating combined plot for 48-024 + LA4936 (6 methods)
2025-11-05 21:43:18 INFO: Creating combined plot for 36-686 + LA4003 (6 methods)
2025-11-05 21:43:21 INFO: Generated 21 combined plots
2025-11-05 21:43:21 INFO: Writing results CSV files by lens combination
2025-11-05 21:43:22 INFO: Wrote 84-277+84-279.csv with 6 methods
2025-11-05 21:43:22 INFO: Wrote 36-686+84-279.csv with 6 methods
2025-11-05 21:43:22 INFO: Wrote LA4002+LA4936.csv with 6 methods
2025-11-05 21:43:22 INFO: Wrote 84-277+84-278.csv with 6 methods
2025-11-05 21:43:22 INFO: Wrote LA4002+84-278.csv with 6 methods
2025-11-05 21:43:22 INFO: Wrote 84-277+LA4936.csv with 6 methods
2025-11-05 21:43:22 INFO: Wrote 84-277+LA4003.csv with 6 methods
2025-11-05 21:43:22 INFO: Wrote LA4002+84-279.csv with 6 methods
2025-11-05 21:43:22 INFO: Wrote LA4002+LA4130.csv with 6 methods
2025-11-05 21:43:22 INFO: Wrote 84-277+LA4765.csv with 6 methods
2025-11-05 21:43:22 INFO: Wrote LA4002+84-280.csv with 6 methods
2025-11-05 21:43:22 INFO: Wrote LA4002+LA4003.csv with 6 methods
2025-11-05 21:43:22 INFO: Wrote 36-686+84-278.csv with 6 methods
2025-11-05 21:43:22 INFO: Wrote LA4002+LA4765.csv with 6 methods
2025-11-05 21:43:22 INFO: Wrote LA4002+LA4042.csv with 6 methods
2025-11-05 21:43:22 INFO: Wrote 36-686+84-280.csv with 6 methods
2025-11-05 21:43:22 INFO: Wrote 84-277+84-280.csv with 6 methods
2025-11-05 21:43:22 INFO: Wrote 36-686+LA4936.csv with 6 methods
2025-11-05 21:43:22 INFO: Wrote 48-024+84-278.csv with 6 methods
2025-11-05 21:43:22 INFO: Wrote 48-024+LA4936.csv with 6 methods
2025-11-05 21:43:22 INFO: Wrote 36-686+LA4003.csv with 6 methods
2025-11-05 21:43:22 INFO: Wrote 21 CSV files
