2025-11-05 20:23:23 INFO: Loading results from results/2025-11-05_select_powell_argon/results_select_2025-11-05_select_powell_argon.csv
2025-11-05 20:23:23 INFO: Found 21 combinations with coupling >= 0.35
2025-11-05 20:23:24 INFO: 
Starting differential_evolution optimization on 21 combinations
2025-11-05 20:23:24 INFO: Optimizing 84-277 + 84-279 using differential_evolution
2025-11-05 20:23:26 ERROR: Error optimizing 84-277 + 84-279 with differential_evolution: list indices must be integers or slices, not str
2025-11-05 20:23:26 INFO: Optimizing 36-686 + 84-279 using differential_evolution
2025-11-05 20:23:27 ERROR: Error optimizing 36-686 + 84-279 with differential_evolution: list indices must be integers or slices, not str
2025-11-05 20:23:27 INFO: Optimizing LA4002 + LA4936 using differential_evolution
2025-11-05 20:23:28 ERROR: Error optimizing LA4002 + LA4936 with differential_evolution: list indices must be integers or slices, not str
2025-11-05 20:23:28 INFO: Optimizing 84-277 + 84-278 using differential_evolution
2025-11-05 20:23:29 ERROR: Error optimizing 84-277 + 84-278 with differential_evolution: list indices must be integers or slices, not str
2025-11-05 20:23:29 INFO: Optimizing LA4002 + 84-278 using differential_evolution
2025-11-05 20:23:30 ERROR: Error optimizing LA4002 + 84-278 with differential_evolution: list indices must be integers or slices, not str
2025-11-05 20:23:30 INFO: Optimizing 84-277 + LA4936 using differential_evolution
2025-11-05 20:23:31 ERROR: Error optimizing 84-277 + LA4936 with differential_evolution: list indices must be integers or slices, not str
2025-11-05 20:23:31 INFO: Optimizing 84-277 + LA4003 using differential_evolution
2025-11-05 20:23:32 ERROR: Error optimizing 84-277 + LA4003 with differential_evolution: list indices must be integers or slices, not str
2025-11-05 20:23:32 INFO: Optimizing LA4002 + 84-279 using differential_evolution
2025-11-05 20:23:34 ERROR: Error optimizing LA4002 + 84-279 with differential_evolution: list indices must be integers or slices, not str
2025-11-05 20:23:34 INFO: Optimizing LA4002 + LA4130 using differential_evolution
2025-11-05 20:23:35 ERROR: Error optimizing LA4002 + LA4130 with differential_evolution: list indices must be integers or slices, not str
2025-11-05 20:23:35 INFO: Optimizing 84-277 + LA4765 using differential_evolution
2025-11-05 20:23:36 ERROR: Error optimizing 84-277 + LA4765 with differential_evolution: list indices must be integers or slices, not str
2025-11-05 20:23:36 INFO: Optimizing LA4002 + 84-280 using differential_evolution
2025-11-05 20:23:37 ERROR: Error optimizing LA4002 + 84-280 with differential_evolution: list indices must be integers or slices, not str
2025-11-05 20:23:37 INFO: Optimizing LA4002 + LA4003 using differential_evolution
2025-11-05 20:23:38 ERROR: Error optimizing LA4002 + LA4003 with differential_evolution: list indices must be integers or slices, not str
2025-11-05 20:23:38 INFO: Optimizing 36-686 + 84-278 using differential_evolution
2025-11-05 20:23:39 ERROR: Error optimizing 36-686 + 84-278 with differential_evolution: list indices must be integers or slices, not str
2025-11-05 20:23:39 INFO: Optimizing LA4002 + LA4765 using differential_evolution
2025-11-05 20:23:40 ERROR: Error optimizing LA4002 + LA4765 with differential_evolution: list indices must be integers or slices, not str
2025-11-05 20:23:40 INFO: Optimizing LA4002 + LA4042 using differential_evolution
2025-11-05 20:23:42 ERROR: Error optimizing LA4002 + LA4042 with differential_evolution: list indices must be integers or slices, not str
2025-11-05 20:23:42 INFO: Optimizing 36-686 + 84-280 using differential_evolution
2025-11-05 20:23:43 ERROR: Error optimizing 36-686 + 84-280 with differential_evolution: list indices must be integers or slices, not str
2025-11-05 20:23:43 INFO: Optimizing 84-277 + 84-280 using differential_evolution
2025-11-05 20:23:44 ERROR: Error optimizing 84-277 + 84-280 with differential_evolution: list indices must be integers or slices, not str
2025-11-05 20:23:44 INFO: Optimizing 36-686 + LA4936 using differential_evolution
2025-11-05 20:23:46 ERROR: Error optimizing 36-686 + LA4936 with differential_evolution: list indices must be integers or slices, not str
2025-11-05 20:23:46 INFO: Optimizing 48-024 + 84-278 using differential_evolution
2025-11-05 20:23:47 ERROR: Error optimizing 48-024 + 84-278 with differential_evolution: list indices must be integers or slices, not str
2025-11-05 20:23:47 INFO: Optimizing 48-024 + LA4936 using differential_evolution
2025-11-05 20:23:48 ERROR: Error optimizing 48-024 + LA4936 with differential_evolution: list indices must be integers or slices, not str
2025-11-05 20:23:48 INFO: Optimizing 36-686 + LA4003 using differential_evolution
2025-11-05 20:23:49 ERROR: Error optimizing 36-686 + LA4003 with differential_evolution: list indices must be integers or slices, not str
2025-11-05 20:23:49 INFO: Completed differential_evolution: 0 successful optimizations
2025-11-05 20:23:49 INFO: 
Starting dual_annealing optimization on 21 combinations
2025-11-05 20:23:49 INFO: Optimizing 84-277 + 84-279 using dual_annealing
2025-11-05 20:23:54 ERROR: Error optimizing 84-277 + 84-279 with dual_annealing: list indices must be integers or slices, not str
2025-11-05 20:23:54 INFO: Optimizing 36-686 + 84-279 using dual_annealing
2025-11-05 20:23:58 ERROR: Error optimizing 36-686 + 84-279 with dual_annealing: list indices must be integers or slices, not str
2025-11-05 20:23:58 INFO: Optimizing LA4002 + LA4936 using dual_annealing
2025-11-05 20:24:03 ERROR: Error optimizing LA4002 + LA4936 with dual_annealing: list indices must be integers or slices, not str
2025-11-05 20:24:03 INFO: Optimizing 84-277 + 84-278 using dual_annealing
2025-11-05 20:24:07 ERROR: Error optimizing 84-277 + 84-278 with dual_annealing: list indices must be integers or slices, not str
2025-11-05 20:24:07 INFO: Optimizing LA4002 + 84-278 using dual_annealing
2025-11-05 20:24:11 ERROR: Error optimizing LA4002 + 84-278 with dual_annealing: list indices must be integers or slices, not str
2025-11-05 20:24:11 INFO: Optimizing 84-277 + LA4936 using dual_annealing
2025-11-05 20:24:16 ERROR: Error optimizing 84-277 + LA4936 with dual_annealing: list indices must be integers or slices, not str
2025-11-05 20:24:16 INFO: Optimizing 84-277 + LA4003 using dual_annealing
2025-11-05 20:24:21 ERROR: Error optimizing 84-277 + LA4003 with dual_annealing: list indices must be integers or slices, not str
2025-11-05 20:24:21 INFO: Optimizing LA4002 + 84-279 using dual_annealing
2025-11-05 20:24:25 ERROR: Error optimizing LA4002 + 84-279 with dual_annealing: list indices must be integers or slices, not str
2025-11-05 20:24:25 INFO: Optimizing LA4002 + LA4130 using dual_annealing
2025-11-05 20:24:29 ERROR: Error optimizing LA4002 + LA4130 with dual_annealing: list indices must be integers or slices, not str
2025-11-05 20:24:29 INFO: Optimizing 84-277 + LA4765 using dual_annealing
2025-11-05 20:24:33 ERROR: Error optimizing 84-277 + LA4765 with dual_annealing: list indices must be integers or slices, not str
2025-11-05 20:24:33 INFO: Optimizing LA4002 + 84-280 using dual_annealing
2025-11-05 20:24:41 ERROR: Error optimizing LA4002 + 84-280 with dual_annealing: list indices must be integers or slices, not str
2025-11-05 20:24:41 INFO: Optimizing LA4002 + LA4003 using dual_annealing
2025-11-05 20:24:45 ERROR: Error optimizing LA4002 + LA4003 with dual_annealing: list indices must be integers or slices, not str
2025-11-05 20:24:45 INFO: Optimizing 36-686 + 84-278 using dual_annealing
2025-11-05 20:24:50 ERROR: Error optimizing 36-686 + 84-278 with dual_annealing: list indices must be integers or slices, not str
2025-11-05 20:24:50 INFO: Optimizing LA4002 + LA4765 using dual_annealing
2025-11-05 20:24:56 ERROR: Error optimizing LA4002 + LA4765 with dual_annealing: list indices must be integers or slices, not str
2025-11-05 20:24:56 INFO: Optimizing LA4002 + LA4042 using dual_annealing
2025-11-05 20:25:01 ERROR: Error optimizing LA4002 + LA4042 with dual_annealing: list indices must be integers or slices, not str
2025-11-05 20:25:01 INFO: Optimizing 36-686 + 84-280 using dual_annealing
2025-11-05 20:25:05 ERROR: Error optimizing 36-686 + 84-280 with dual_annealing: list indices must be integers or slices, not str
2025-11-05 20:25:05 INFO: Optimizing 84-277 + 84-280 using dual_annealing
2025-11-05 20:25:12 ERROR: Error optimizing 84-277 + 84-280 with dual_annealing: list indices must be integers or slices, not str
2025-11-05 20:25:12 INFO: Optimizing 36-686 + LA4936 using dual_annealing
2025-11-05 20:25:15 ERROR: Error optimizing 36-686 + LA4936 with dual_annealing: list indices must be integers or slices, not str
2025-11-05 20:25:15 INFO: Optimizing 48-024 + 84-278 using dual_annealing
2025-11-05 20:25:20 ERROR: Error optimizing 48-024 + 84-278 with dual_annealing: list indices must be integers or slices, not str
2025-11-05 20:25:20 INFO: Optimizing 48-024 + LA4936 using dual_annealing
2025-11-05 20:25:24 ERROR: Error optimizing 48-024 + LA4936 with dual_annealing: list indices must be integers or slices, not str
2025-11-05 20:25:24 INFO: Optimizing 36-686 + LA4003 using dual_annealing
2025-11-05 20:25:29 ERROR: Error optimizing 36-686 + LA4003 with dual_annealing: list indices must be integers or slices, not str
2025-11-05 20:25:29 INFO: Completed dual_annealing: 0 successful optimizations
2025-11-05 20:25:29 INFO: 
Starting nelder_mead optimization on 21 combinations
2025-11-05 20:25:29 INFO: Optimizing 84-277 + 84-279 using nelder_mead
2025-11-05 20:25:29 ERROR: Error optimizing 84-277 + 84-279 with nelder_mead: list indices must be integers or slices, not str
2025-11-05 20:25:29 INFO: Optimizing 36-686 + 84-279 using nelder_mead
2025-11-05 20:25:30 ERROR: Error optimizing 36-686 + 84-279 with nelder_mead: list indices must be integers or slices, not str
2025-11-05 20:25:30 INFO: Optimizing LA4002 + LA4936 using nelder_mead
2025-11-05 20:25:30 ERROR: Error optimizing LA4002 + LA4936 with nelder_mead: list indices must be integers or slices, not str
2025-11-05 20:25:30 INFO: Optimizing 84-277 + 84-278 using nelder_mead
2025-11-05 20:25:30 ERROR: Error optimizing 84-277 + 84-278 with nelder_mead: list indices must be integers or slices, not str
2025-11-05 20:25:30 INFO: Optimizing LA4002 + 84-278 using nelder_mead
2025-11-05 20:25:30 ERROR: Error optimizing LA4002 + 84-278 with nelder_mead: list indices must be integers or slices, not str
2025-11-05 20:25:30 INFO: Optimizing 84-277 + LA4936 using nelder_mead
2025-11-05 20:25:31 ERROR: Error optimizing 84-277 + LA4936 with nelder_mead: list indices must be integers or slices, not str
2025-11-05 20:25:31 INFO: Optimizing 84-277 + LA4003 using nelder_mead
2025-11-05 20:25:31 ERROR: Error optimizing 84-277 + LA4003 with nelder_mead: list indices must be integers or slices, not str
2025-11-05 20:25:31 INFO: Optimizing LA4002 + 84-279 using nelder_mead
2025-11-05 20:25:31 ERROR: Error optimizing LA4002 + 84-279 with nelder_mead: list indices must be integers or slices, not str
2025-11-05 20:25:31 INFO: Optimizing LA4002 + LA4130 using nelder_mead
2025-11-05 20:25:31 ERROR: Error optimizing LA4002 + LA4130 with nelder_mead: list indices must be integers or slices, not str
2025-11-05 20:25:31 INFO: Optimizing 84-277 + LA4765 using nelder_mead
2025-11-05 20:25:32 ERROR: Error optimizing 84-277 + LA4765 with nelder_mead: list indices must be integers or slices, not str
2025-11-05 20:25:32 INFO: Optimizing LA4002 + 84-280 using nelder_mead
2025-11-05 20:25:32 ERROR: Error optimizing LA4002 + 84-280 with nelder_mead: list indices must be integers or slices, not str
2025-11-05 20:25:32 INFO: Optimizing LA4002 + LA4003 using nelder_mead
2025-11-05 20:25:32 ERROR: Error optimizing LA4002 + LA4003 with nelder_mead: list indices must be integers or slices, not str
2025-11-05 20:25:32 INFO: Optimizing 36-686 + 84-278 using nelder_mead
2025-11-05 20:25:32 ERROR: Error optimizing 36-686 + 84-278 with nelder_mead: list indices must be integers or slices, not str
2025-11-05 20:25:32 INFO: Optimizing LA4002 + LA4765 using nelder_mead
2025-11-05 20:25:33 ERROR: Error optimizing LA4002 + LA4765 with nelder_mead: list indices must be integers or slices, not str
2025-11-05 20:25:33 INFO: Optimizing LA4002 + LA4042 using nelder_mead
2025-11-05 20:25:33 ERROR: Error optimizing LA4002 + LA4042 with nelder_mead: list indices must be integers or slices, not str
2025-11-05 20:25:33 INFO: Optimizing 36-686 + 84-280 using nelder_mead
2025-11-05 20:25:33 ERROR: Error optimizing 36-686 + 84-280 with nelder_mead: list indices must be integers or slices, not str
2025-11-05 20:25:33 INFO: Optimizing 84-277 + 84-280 using nelder_mead
2025-11-05 20:25:34 ERROR: Error optimizing 84-277 + 84-280 with nelder_mead: list indices must be integers or slices, not str
2025-11-05 20:25:34 INFO: Optimizing 36-686 + LA4936 using nelder_mead
2025-11-05 20:25:34 ERROR: Error optimizing 36-686 + LA4936 with nelder_mead: list indices must be integers or slices, not str
2025-11-05 20:25:34 INFO: Optimizing 48-024 + 84-278 using nelder_mead
2025-11-05 20:25:34 ERROR: Error optimizing 48-024 + 84-278 with nelder_mead: list indices must be integers or slices, not str
2025-11-05 20:25:34 INFO: Optimizing 48-024 + LA4936 using nelder_mead
2025-11-05 20:25:34 ERROR: Error optimizing 48-024 + LA4936 with nelder_mead: list indices must be integers or slices, not str
2025-11-05 20:25:34 INFO: Optimizing 36-686 + LA4003 using nelder_mead
2025-11-05 20:25:35 ERROR: Error optimizing 36-686 + LA4003 with nelder_mead: list indices must be integers or slices, not str
2025-11-05 20:25:35 INFO: Completed nelder_mead: 0 successful optimizations
2025-11-05 20:25:35 INFO: 
Starting powell optimization on 21 combinations
2025-11-05 20:25:35 INFO: Optimizing 84-277 + 84-279 using powell
2025-11-05 20:25:35 ERROR: Error optimizing 84-277 + 84-279 with powell: list indices must be integers or slices, not str
2025-11-05 20:25:35 INFO: Optimizing 36-686 + 84-279 using powell
2025-11-05 20:25:35 ERROR: Error optimizing 36-686 + 84-279 with powell: list indices must be integers or slices, not str
2025-11-05 20:25:35 INFO: Optimizing LA4002 + LA4936 using powell
2025-11-05 20:25:36 ERROR: Error optimizing LA4002 + LA4936 with powell: list indices must be integers or slices, not str
2025-11-05 20:25:36 INFO: Optimizing 84-277 + 84-278 using powell
2025-11-05 20:25:36 ERROR: Error optimizing 84-277 + 84-278 with powell: list indices must be integers or slices, not str
2025-11-05 20:25:36 INFO: Optimizing LA4002 + 84-278 using powell
2025-11-05 20:25:36 ERROR: Error optimizing LA4002 + 84-278 with powell: list indices must be integers or slices, not str
2025-11-05 20:25:36 INFO: Optimizing 84-277 + LA4936 using powell
2025-11-05 20:25:36 ERROR: Error optimizing 84-277 + LA4936 with powell: list indices must be integers or slices, not str
2025-11-05 20:25:36 INFO: Optimizing 84-277 + LA4003 using powell
2025-11-05 20:25:37 ERROR: Error optimizing 84-277 + LA4003 with powell: list indices must be integers or slices, not str
2025-11-05 20:25:37 INFO: Optimizing LA4002 + 84-279 using powell
2025-11-05 20:25:37 ERROR: Error optimizing LA4002 + 84-279 with powell: list indices must be integers or slices, not str
2025-11-05 20:25:37 INFO: Optimizing LA4002 + LA4130 using powell
2025-11-05 20:25:37 ERROR: Error optimizing LA4002 + LA4130 with powell: list indices must be integers or slices, not str
2025-11-05 20:25:37 INFO: Optimizing 84-277 + LA4765 using powell
2025-11-05 20:25:38 ERROR: Error optimizing 84-277 + LA4765 with powell: list indices must be integers or slices, not str
2025-11-05 20:25:38 INFO: Optimizing LA4002 + 84-280 using powell
2025-11-05 20:25:38 ERROR: Error optimizing LA4002 + 84-280 with powell: list indices must be integers or slices, not str
2025-11-05 20:25:38 INFO: Optimizing LA4002 + LA4003 using powell
2025-11-05 20:25:38 ERROR: Error optimizing LA4002 + LA4003 with powell: list indices must be integers or slices, not str
2025-11-05 20:25:38 INFO: Optimizing 36-686 + 84-278 using powell
2025-11-05 20:25:38 ERROR: Error optimizing 36-686 + 84-278 with powell: list indices must be integers or slices, not str
2025-11-05 20:25:38 INFO: Optimizing LA4002 + LA4765 using powell
2025-11-05 20:25:38 ERROR: Error optimizing LA4002 + LA4765 with powell: list indices must be integers or slices, not str
2025-11-05 20:25:38 INFO: Optimizing LA4002 + LA4042 using powell
2025-11-05 20:25:39 ERROR: Error optimizing LA4002 + LA4042 with powell: list indices must be integers or slices, not str
2025-11-05 20:25:39 INFO: Optimizing 36-686 + 84-280 using powell
2025-11-05 20:25:39 ERROR: Error optimizing 36-686 + 84-280 with powell: list indices must be integers or slices, not str
2025-11-05 20:25:39 INFO: Optimizing 84-277 + 84-280 using powell
2025-11-05 20:25:39 ERROR: Error optimizing 84-277 + 84-280 with powell: list indices must be integers or slices, not str
2025-11-05 20:25:39 INFO: Optimizing 36-686 + LA4936 using powell
2025-11-05 20:25:40 ERROR: Error optimizing 36-686 + LA4936 with powell: list indices must be integers or slices, not str
2025-11-05 20:25:40 INFO: Optimizing 48-024 + 84-278 using powell
2025-11-05 20:25:40 ERROR: Error optimizing 48-024 + 84-278 with powell: list indices must be integers or slices, not str
2025-11-05 20:25:40 INFO: Optimizing 48-024 + LA4936 using powell
2025-11-05 20:25:40 ERROR: Error optimizing 48-024 + LA4936 with powell: list indices must be integers or slices, not str
2025-11-05 20:25:40 INFO: Optimizing 36-686 + LA4003 using powell
2025-11-05 20:25:40 ERROR: Error optimizing 36-686 + LA4003 with powell: list indices must be integers or slices, not str
2025-11-05 20:25:40 INFO: Completed powell: 0 successful optimizations
2025-11-05 20:25:40 INFO: 
Starting grid_search optimization on 21 combinations
2025-11-05 20:25:40 INFO: Optimizing 84-277 + 84-279 using grid_search
2025-11-05 20:25:41 ERROR: Error optimizing 84-277 + 84-279 with grid_search: list indices must be integers or slices, not str
2025-11-05 20:25:41 INFO: Optimizing 36-686 + 84-279 using grid_search
2025-11-05 20:25:41 ERROR: Error optimizing 36-686 + 84-279 with grid_search: list indices must be integers or slices, not str
2025-11-05 20:25:41 INFO: Optimizing LA4002 + LA4936 using grid_search
2025-11-05 20:25:41 ERROR: Error optimizing LA4002 + LA4936 with grid_search: list indices must be integers or slices, not str
2025-11-05 20:25:41 INFO: Optimizing 84-277 + 84-278 using grid_search
2025-11-05 20:25:42 ERROR: Error optimizing 84-277 + 84-278 with grid_search: list indices must be integers or slices, not str
2025-11-05 20:25:42 INFO: Optimizing LA4002 + 84-278 using grid_search
2025-11-05 20:25:42 ERROR: Error optimizing LA4002 + 84-278 with grid_search: list indices must be integers or slices, not str
2025-11-05 20:25:42 INFO: Optimizing 84-277 + LA4936 using grid_search
2025-11-05 20:25:42 ERROR: Error optimizing 84-277 + LA4936 with grid_search: list indices must be integers or slices, not str
2025-11-05 20:25:42 INFO: Optimizing 84-277 + LA4003 using grid_search
2025-11-05 20:25:42 ERROR: Error optimizing 84-277 + LA4003 with grid_search: list indices must be integers or slices, not str
2025-11-05 20:25:42 INFO: Optimizing LA4002 + 84-279 using grid_search
2025-11-05 20:25:43 ERROR: Error optimizing LA4002 + 84-279 with grid_search: list indices must be integers or slices, not str
2025-11-05 20:25:43 INFO: Optimizing LA4002 + LA4130 using grid_search
2025-11-05 20:25:43 ERROR: Error optimizing LA4002 + LA4130 with grid_search: list indices must be integers or slices, not str
2025-11-05 20:25:43 INFO: Optimizing 84-277 + LA4765 using grid_search
2025-11-05 20:25:43 ERROR: Error optimizing 84-277 + LA4765 with grid_search: list indices must be integers or slices, not str
2025-11-05 20:25:43 INFO: Optimizing LA4002 + 84-280 using grid_search
2025-11-05 20:25:44 ERROR: Error optimizing LA4002 + 84-280 with grid_search: list indices must be integers or slices, not str
2025-11-05 20:25:44 INFO: Optimizing LA4002 + LA4003 using grid_search
2025-11-05 20:25:44 ERROR: Error optimizing LA4002 + LA4003 with grid_search: list indices must be integers or slices, not str
2025-11-05 20:25:44 INFO: Optimizing 36-686 + 84-278 using grid_search
2025-11-05 20:25:44 ERROR: Error optimizing 36-686 + 84-278 with grid_search: list indices must be integers or slices, not str
2025-11-05 20:25:44 INFO: Optimizing LA4002 + LA4765 using grid_search
2025-11-05 20:25:44 ERROR: Error optimizing LA4002 + LA4765 with grid_search: list indices must be integers or slices, not str
2025-11-05 20:25:44 INFO: Optimizing LA4002 + LA4042 using grid_search
2025-11-05 20:25:45 ERROR: Error optimizing LA4002 + LA4042 with grid_search: list indices must be integers or slices, not str
2025-11-05 20:25:45 INFO: Optimizing 36-686 + 84-280 using grid_search
2025-11-05 20:25:45 ERROR: Error optimizing 36-686 + 84-280 with grid_search: list indices must be integers or slices, not str
2025-11-05 20:25:45 INFO: Optimizing 84-277 + 84-280 using grid_search
2025-11-05 20:25:45 ERROR: Error optimizing 84-277 + 84-280 with grid_search: list indices must be integers or slices, not str
2025-11-05 20:25:45 INFO: Optimizing 36-686 + LA4936 using grid_search
2025-11-05 20:25:46 ERROR: Error optimizing 36-686 + LA4936 with grid_search: list indices must be integers or slices, not str
2025-11-05 20:25:46 INFO: Optimizing 48-024 + 84-278 using grid_search
2025-11-05 20:25:46 ERROR: Error optimizing 48-024 + 84-278 with grid_search: list indices must be integers or slices, not str
2025-11-05 20:25:46 INFO: Optimizing 48-024 + LA4936 using grid_search
2025-11-05 20:25:46 ERROR: Error optimizing 48-024 + LA4936 with grid_search: list indices must be integers or slices, not str
2025-11-05 20:25:46 INFO: Optimizing 36-686 + LA4003 using grid_search
2025-11-05 20:25:46 ERROR: Error optimizing 36-686 + LA4003 with grid_search: list indices must be integers or slices, not str
2025-11-05 20:25:46 INFO: Completed grid_search: 0 successful optimizations
2025-11-05 20:25:46 INFO: 
Starting bayesian optimization on 21 combinations
2025-11-05 20:25:46 INFO: Optimizing 84-277 + 84-279 using bayesian
2025-11-05 20:26:22 ERROR: Error optimizing 84-277 + 84-279 with bayesian: list indices must be integers or slices, not str
2025-11-05 20:26:22 INFO: Optimizing 36-686 + 84-279 using bayesian
2025-11-05 20:26:58 ERROR: Error optimizing 36-686 + 84-279 with bayesian: list indices must be integers or slices, not str
2025-11-05 20:26:58 INFO: Optimizing LA4002 + LA4936 using bayesian
2025-11-05 20:27:30 ERROR: Error optimizing LA4002 + LA4936 with bayesian: list indices must be integers or slices, not str
2025-11-05 20:27:30 INFO: Optimizing 84-277 + 84-278 using bayesian
2025-11-05 20:28:04 ERROR: Error optimizing 84-277 + 84-278 with bayesian: list indices must be integers or slices, not str
2025-11-05 20:28:04 INFO: Optimizing LA4002 + 84-278 using bayesian
2025-11-05 20:29:00 ERROR: Error optimizing LA4002 + 84-278 with bayesian: list indices must be integers or slices, not str
2025-11-05 20:29:00 INFO: Optimizing 84-277 + LA4936 using bayesian
2025-11-05 20:29:32 ERROR: Error optimizing 84-277 + LA4936 with bayesian: list indices must be integers or slices, not str
2025-11-05 20:29:32 INFO: Optimizing 84-277 + LA4003 using bayesian
2025-11-05 20:30:08 ERROR: Error optimizing 84-277 + LA4003 with bayesian: list indices must be integers or slices, not str
2025-11-05 20:30:08 INFO: Optimizing LA4002 + 84-279 using bayesian
2025-11-05 20:30:45 ERROR: Error optimizing LA4002 + 84-279 with bayesian: list indices must be integers or slices, not str
2025-11-05 20:30:45 INFO: Optimizing LA4002 + LA4130 using bayesian
2025-11-05 20:30:56 INFO: Loading results from results/2025-11-05_select_powell_argon/results_select_2025-11-05_select_powell_argon.csv
2025-11-05 20:30:56 INFO: Found 21 combinations with coupling >= 0.35
2025-11-05 20:30:58 INFO: 
Starting differential_evolution optimization on 21 combinations
2025-11-05 20:30:58 INFO: Optimizing 84-277 + 84-279 using differential_evolution
2025-11-05 20:31:00 ERROR: Error optimizing 84-277 + 84-279 with differential_evolution: list indices must be integers or slices, not str
2025-11-05 20:31:00 INFO: Optimizing 36-686 + 84-279 using differential_evolution
2025-11-05 20:31:04 ERROR: Error optimizing 36-686 + 84-279 with differential_evolution: list indices must be integers or slices, not str
2025-11-05 20:31:04 INFO: Optimizing LA4002 + LA4936 using differential_evolution
2025-11-05 20:31:07 ERROR: Error optimizing LA4002 + LA4936 with differential_evolution: list indices must be integers or slices, not str
2025-11-05 20:31:07 INFO: Optimizing 84-277 + 84-278 using differential_evolution
2025-11-05 20:31:10 ERROR: Error optimizing 84-277 + 84-278 with differential_evolution: list indices must be integers or slices, not str
2025-11-05 20:31:10 INFO: Optimizing LA4002 + 84-278 using differential_evolution
2025-11-05 20:31:14 ERROR: Error optimizing LA4002 + 84-278 with differential_evolution: list indices must be integers or slices, not str
2025-11-05 20:31:14 INFO: Optimizing 84-277 + LA4936 using differential_evolution
2025-11-05 20:31:18 ERROR: Error optimizing 84-277 + LA4936 with differential_evolution: list indices must be integers or slices, not str
2025-11-05 20:31:18 INFO: Optimizing 84-277 + LA4003 using differential_evolution
2025-11-05 20:31:21 ERROR: Error optimizing 84-277 + LA4003 with differential_evolution: list indices must be integers or slices, not str
2025-11-05 20:31:21 INFO: Optimizing LA4002 + 84-279 using differential_evolution
2025-11-05 20:31:25 ERROR: Error optimizing LA4002 + 84-279 with differential_evolution: list indices must be integers or slices, not str
2025-11-05 20:31:25 INFO: Optimizing LA4002 + LA4130 using differential_evolution
2025-11-05 20:31:28 ERROR: Error optimizing LA4002 + LA4130 with differential_evolution: list indices must be integers or slices, not str
2025-11-05 20:31:28 INFO: Optimizing 84-277 + LA4765 using differential_evolution
2025-11-05 20:31:31 ERROR: Error optimizing 84-277 + LA4765 with differential_evolution: list indices must be integers or slices, not str
2025-11-05 20:31:31 INFO: Optimizing LA4002 + 84-280 using differential_evolution
2025-11-05 20:31:34 ERROR: Error optimizing LA4002 + 84-280 with differential_evolution: list indices must be integers or slices, not str
2025-11-05 20:31:34 INFO: Optimizing LA4002 + LA4003 using differential_evolution
2025-11-05 20:31:38 ERROR: Error optimizing LA4002 + LA4003 with differential_evolution: list indices must be integers or slices, not str
2025-11-05 20:31:38 INFO: Optimizing 36-686 + 84-278 using differential_evolution
2025-11-05 20:31:39 ERROR: Error optimizing 36-686 + 84-278 with differential_evolution: list indices must be integers or slices, not str
2025-11-05 20:31:39 INFO: Optimizing LA4002 + LA4765 using differential_evolution
2025-11-05 20:31:42 ERROR: Error optimizing LA4002 + LA4765 with differential_evolution: list indices must be integers or slices, not str
2025-11-05 20:31:42 INFO: Optimizing LA4002 + LA4042 using differential_evolution
2025-11-05 20:31:44 ERROR: Error optimizing LA4002 + LA4042 with differential_evolution: list indices must be integers or slices, not str
2025-11-05 20:31:44 INFO: Optimizing 36-686 + 84-280 using differential_evolution
2025-11-05 20:31:47 ERROR: Error optimizing 36-686 + 84-280 with differential_evolution: list indices must be integers or slices, not str
2025-11-05 20:31:47 INFO: Optimizing 84-277 + 84-280 using differential_evolution
2025-11-05 20:31:49 ERROR: Error optimizing 84-277 + 84-280 with differential_evolution: list indices must be integers or slices, not str
2025-11-05 20:31:49 INFO: Optimizing 36-686 + LA4936 using differential_evolution
2025-11-05 20:31:51 ERROR: Error optimizing 36-686 + LA4936 with differential_evolution: list indices must be integers or slices, not str
2025-11-05 20:31:51 INFO: Optimizing 48-024 + 84-278 using differential_evolution
2025-11-05 20:31:53 ERROR: Error optimizing 48-024 + 84-278 with differential_evolution: list indices must be integers or slices, not str
2025-11-05 20:31:53 INFO: Optimizing 48-024 + LA4936 using differential_evolution
2025-11-05 20:31:55 ERROR: Error optimizing 48-024 + LA4936 with differential_evolution: list indices must be integers or slices, not str
2025-11-05 20:31:55 INFO: Optimizing 36-686 + LA4003 using differential_evolution
2025-11-05 20:31:57 ERROR: Error optimizing 36-686 + LA4003 with differential_evolution: list indices must be integers or slices, not str
2025-11-05 20:31:57 INFO: Completed differential_evolution: 0 successful optimizations
2025-11-05 20:31:57 INFO: 
Starting dual_annealing optimization on 21 combinations
2025-11-05 20:31:57 INFO: Optimizing 84-277 + 84-279 using dual_annealing
2025-11-05 20:32:02 ERROR: Error optimizing LA4002 + LA4130 with bayesian: list indices must be integers or slices, not str
2025-11-05 20:32:02 INFO: Optimizing 84-277 + LA4765 using bayesian
2025-11-05 20:37:20 INFO: Loading results from results/2025-11-05_select_powell_argon/results_select_2025-11-05_select_powell_argon.csv
2025-11-05 20:37:20 INFO: Found 21 combinations with coupling >= 0.35
2025-11-05 20:37:20 INFO: 
Starting differential_evolution optimization on 21 combinations
2025-11-05 20:37:20 INFO: Optimizing 84-277 + 84-279 using differential_evolution
2025-11-05 20:37:23 INFO: Coupling=0.4650, Length=62.39mm, Time=1.34s
2025-11-05 20:37:23 INFO: Optimizing 36-686 + 84-279 using differential_evolution
2025-11-05 20:37:26 INFO: Coupling=0.4205, Length=63.84mm, Time=0.72s
2025-11-05 20:37:26 INFO: Optimizing LA4002 + LA4936 using differential_evolution
2025-11-05 20:37:28 INFO: Coupling=0.4310, Length=45.98mm, Time=0.67s
2025-11-05 20:37:28 INFO: Optimizing 84-277 + 84-278 using differential_evolution
2025-11-05 20:37:31 INFO: Coupling=0.4250, Length=45.93mm, Time=0.69s
2025-11-05 20:37:31 INFO: Optimizing LA4002 + 84-278 using differential_evolution
2025-11-05 20:37:33 INFO: Coupling=0.4175, Length=45.81mm, Time=0.53s
2025-11-05 20:37:33 INFO: Optimizing 84-277 + LA4936 using differential_evolution
2025-11-05 20:37:36 INFO: Coupling=0.4430, Length=46.13mm, Time=0.72s
2025-11-05 20:37:36 INFO: Optimizing 84-277 + LA4003 using differential_evolution
2025-11-05 20:37:40 INFO: Coupling=0.4025, Length=51.47mm, Time=0.65s
2025-11-05 20:37:40 INFO: Optimizing LA4002 + 84-279 using differential_evolution
2025-11-05 20:37:42 INFO: Coupling=0.4240, Length=62.27mm, Time=0.60s
2025-11-05 20:37:42 INFO: Optimizing LA4002 + LA4130 using differential_evolution
2025-11-05 20:37:44 INFO: Coupling=0.4215, Length=56.85mm, Time=0.84s
2025-11-05 20:37:44 INFO: Optimizing 84-277 + LA4765 using differential_evolution
2025-11-05 20:37:48 INFO: Coupling=0.4035, Length=67.61mm, Time=0.56s
2025-11-05 20:37:48 INFO: Optimizing LA4002 + 84-280 using differential_evolution
2025-11-05 20:37:50 INFO: Coupling=0.3880, Length=77.93mm, Time=0.46s
2025-11-05 20:37:50 INFO: Optimizing LA4002 + LA4003 using differential_evolution
2025-11-05 20:37:55 INFO: Coupling=0.4135, Length=51.60mm, Time=0.94s
2025-11-05 20:37:55 INFO: Optimizing 36-686 + 84-278 using differential_evolution
2025-11-05 20:37:57 INFO: Coupling=0.3780, Length=47.78mm, Time=0.69s
2025-11-05 20:37:57 INFO: Optimizing LA4002 + LA4765 using differential_evolution
2025-11-05 20:37:59 INFO: Coupling=0.3820, Length=67.45mm, Time=0.63s
2025-11-05 20:37:59 INFO: Optimizing LA4002 + LA4042 using differential_evolution
2025-11-05 20:38:04 INFO: Coupling=0.3780, Length=77.58mm, Time=0.70s
2025-11-05 20:38:04 INFO: Optimizing 36-686 + 84-280 using differential_evolution
2025-11-05 20:38:07 INFO: Coupling=0.3780, Length=79.84mm, Time=0.59s
2025-11-05 20:38:07 INFO: Optimizing 84-277 + 84-280 using differential_evolution
2025-11-05 20:38:09 INFO: Coupling=0.3745, Length=77.77mm, Time=0.81s
2025-11-05 20:38:09 INFO: Optimizing 36-686 + LA4936 using differential_evolution
2025-11-05 20:38:12 INFO: Coupling=0.3940, Length=47.64mm, Time=0.76s
2025-11-05 20:38:12 INFO: Optimizing 48-024 + 84-278 using differential_evolution
2025-11-05 20:38:18 INFO: Coupling=0.3425, Length=45.95mm, Time=0.62s
2025-11-05 20:38:18 INFO: Optimizing 48-024 + LA4936 using differential_evolution
2025-11-05 20:38:20 INFO: Coupling=0.3330, Length=46.09mm, Time=0.63s
2025-11-05 20:38:20 INFO: Optimizing 36-686 + LA4003 using differential_evolution
2025-11-05 20:38:23 INFO: Coupling=0.3930, Length=53.17mm, Time=0.74s
2025-11-05 20:38:23 INFO: Completed differential_evolution: 21 successful optimizations
2025-11-05 20:38:23 INFO: 
Starting dual_annealing optimization on 21 combinations
2025-11-05 20:38:23 INFO: Optimizing 84-277 + 84-279 using dual_annealing
2025-11-05 20:38:27 INFO: Coupling=0.4700, Length=64.16mm, Time=3.12s
2025-11-05 20:38:27 INFO: Optimizing 36-686 + 84-279 using dual_annealing
2025-11-05 20:38:32 INFO: Coupling=0.4325, Length=64.08mm, Time=3.77s
2025-11-05 20:38:32 INFO: Optimizing LA4002 + LA4936 using dual_annealing
2025-11-05 20:38:41 INFO: Coupling=0.4135, Length=46.08mm, Time=2.37s
2025-11-05 20:38:41 INFO: Optimizing 84-277 + 84-278 using dual_annealing
2025-11-05 20:38:44 INFO: Coupling=0.4340, Length=45.98mm, Time=2.21s
2025-11-05 20:38:44 INFO: Optimizing LA4002 + 84-278 using dual_annealing
2025-11-05 20:38:48 INFO: Coupling=0.4370, Length=47.73mm, Time=2.47s
2025-11-05 20:38:48 INFO: Optimizing 84-277 + LA4936 using dual_annealing
2025-11-05 20:38:53 INFO: Coupling=0.4260, Length=46.05mm, Time=3.42s
2025-11-05 20:38:53 INFO: Optimizing 84-277 + LA4003 using dual_annealing
2025-11-05 20:38:57 INFO: Coupling=0.4230, Length=51.95mm, Time=2.30s
2025-11-05 20:38:57 INFO: Optimizing LA4002 + 84-279 using dual_annealing
2025-11-05 20:39:02 INFO: Coupling=0.4060, Length=61.93mm, Time=3.27s
2025-11-05 20:39:02 INFO: Optimizing LA4002 + LA4130 using dual_annealing
2025-11-05 20:39:12 INFO: Coupling=0.3975, Length=56.79mm, Time=2.29s
2025-11-05 20:39:12 INFO: Optimizing 84-277 + LA4765 using dual_annealing
2025-11-05 20:39:16 INFO: Coupling=0.3960, Length=67.52mm, Time=2.41s
2025-11-05 20:39:16 INFO: Optimizing LA4002 + 84-280 using dual_annealing
2025-11-05 20:41:47 INFO: Loading results from results/2025-11-05_select_powell_argon/results_select_2025-11-05_select_powell_argon.csv
2025-11-05 20:41:47 INFO: Found 21 combinations with coupling >= 0.35
2025-11-05 20:41:48 INFO: 
Starting differential_evolution optimization on 21 combinations
2025-11-05 20:41:48 INFO: Optimizing 84-277 + 84-279 using differential_evolution
2025-11-05 20:41:51 INFO: Coupling=0.4795, Length=62.39mm, Time=0.63s
2025-11-05 20:41:51 INFO: Optimizing 36-686 + 84-279 using differential_evolution
2025-11-05 20:41:53 INFO: Coupling=0.4200, Length=63.92mm, Time=0.78s
2025-11-05 20:41:53 INFO: Optimizing LA4002 + LA4936 using differential_evolution
2025-11-05 20:41:55 INFO: Coupling=0.4265, Length=45.97mm, Time=0.86s
2025-11-05 20:41:55 INFO: Optimizing 84-277 + 84-278 using differential_evolution
2025-11-05 20:41:58 INFO: Coupling=0.4205, Length=46.12mm, Time=0.70s
2025-11-05 20:41:58 INFO: Optimizing LA4002 + 84-278 using differential_evolution
2025-11-05 20:42:01 INFO: Coupling=0.4305, Length=45.94mm, Time=0.64s
2025-11-05 20:42:01 INFO: Optimizing 84-277 + LA4936 using differential_evolution
2025-11-05 20:42:03 INFO: Coupling=0.4505, Length=46.07mm, Time=0.89s
2025-11-05 20:42:03 INFO: Optimizing 84-277 + LA4003 using differential_evolution
2025-11-05 20:42:06 INFO: Coupling=0.4365, Length=51.77mm, Time=0.59s
2025-11-05 20:42:06 INFO: Optimizing LA4002 + 84-279 using differential_evolution
2025-11-05 20:42:08 INFO: Coupling=0.4045, Length=62.27mm, Time=0.63s
2025-11-05 20:42:08 INFO: Optimizing LA4002 + LA4130 using differential_evolution
2025-11-05 20:42:10 INFO: Coupling=0.4020, Length=56.76mm, Time=0.63s
2025-11-05 20:42:10 INFO: Optimizing 84-277 + LA4765 using differential_evolution
2025-11-05 20:42:14 INFO: Coupling=0.3895, Length=67.57mm, Time=0.86s
2025-11-05 20:42:14 INFO: Optimizing LA4002 + 84-280 using differential_evolution
2025-11-05 20:42:17 INFO: Coupling=0.3710, Length=78.56mm, Time=1.13s
2025-11-05 20:42:17 INFO: Optimizing LA4002 + LA4003 using differential_evolution
2025-11-05 20:42:19 INFO: Coupling=0.4120, Length=51.28mm, Time=0.64s
2025-11-05 20:42:19 INFO: Optimizing 36-686 + 84-278 using differential_evolution
2025-11-05 20:42:22 INFO: Coupling=0.3860, Length=47.51mm, Time=0.74s
2025-11-05 20:42:22 INFO: Optimizing LA4002 + LA4765 using differential_evolution
2025-11-05 20:42:25 INFO: Coupling=0.3790, Length=67.53mm, Time=0.77s
2025-11-05 20:42:25 INFO: Optimizing LA4002 + LA4042 using differential_evolution
2025-11-05 20:42:27 INFO: Coupling=0.3720, Length=78.12mm, Time=0.71s
2025-11-05 20:42:27 INFO: Optimizing 36-686 + 84-280 using differential_evolution
2025-11-05 20:42:30 INFO: Coupling=0.3690, Length=79.90mm, Time=0.93s
2025-11-05 20:42:30 INFO: Optimizing 84-277 + 84-280 using differential_evolution
2025-11-05 20:42:33 INFO: Coupling=0.3880, Length=77.82mm, Time=0.86s
2025-11-05 20:42:33 INFO: Optimizing 36-686 + LA4936 using differential_evolution
2025-11-05 20:42:36 INFO: Coupling=0.3745, Length=47.65mm, Time=0.82s
2025-11-05 20:42:36 INFO: Optimizing 48-024 + 84-278 using differential_evolution
2025-11-05 20:42:39 INFO: Coupling=0.3680, Length=45.96mm, Time=0.69s
2025-11-05 20:42:39 INFO: Optimizing 48-024 + LA4936 using differential_evolution
2025-11-05 20:42:41 INFO: Coupling=0.3350, Length=46.16mm, Time=0.70s
2025-11-05 20:42:41 INFO: Optimizing 36-686 + LA4003 using differential_evolution
2025-11-05 20:42:44 INFO: Coupling=0.3785, Length=53.06mm, Time=0.74s
2025-11-05 20:42:44 INFO: Completed differential_evolution: 21 successful optimizations
2025-11-05 20:42:44 INFO: 
Starting dual_annealing optimization on 21 combinations
2025-11-05 20:42:44 INFO: Optimizing 84-277 + 84-279 using dual_annealing
2025-11-05 20:42:48 INFO: Coupling=0.4925, Length=62.43mm, Time=2.57s
2025-11-05 20:42:48 INFO: Optimizing 36-686 + 84-279 using dual_annealing
2025-11-05 20:42:52 INFO: Coupling=0.4425, Length=63.99mm, Time=2.23s
2025-11-05 20:42:52 INFO: Optimizing LA4002 + LA4936 using dual_annealing
2025-11-05 20:42:56 INFO: Coupling=0.4270, Length=45.97mm, Time=2.24s
2025-11-05 20:42:56 INFO: Optimizing 84-277 + 84-278 using dual_annealing
2025-11-05 20:43:00 INFO: Coupling=0.4255, Length=45.97mm, Time=2.74s
2025-11-05 20:43:00 INFO: Optimizing LA4002 + 84-278 using dual_annealing
2025-11-05 20:43:05 INFO: Coupling=0.4405, Length=45.80mm, Time=2.58s
2025-11-05 20:43:05 INFO: Optimizing 84-277 + LA4936 using dual_annealing
2025-11-05 20:43:09 INFO: Coupling=0.4060, Length=46.13mm, Time=2.71s
2025-11-05 20:43:09 INFO: Optimizing 84-277 + LA4003 using dual_annealing
2025-11-05 20:43:14 INFO: Coupling=0.4265, Length=51.42mm, Time=2.71s
2025-11-05 20:43:14 INFO: Optimizing LA4002 + 84-279 using dual_annealing
2025-11-05 20:43:19 INFO: Coupling=0.4110, Length=61.99mm, Time=2.81s
2025-11-05 20:43:19 INFO: Optimizing LA4002 + LA4130 using dual_annealing
2025-11-05 20:43:25 INFO: Coupling=0.4090, Length=57.23mm, Time=3.93s
2025-11-05 20:43:25 INFO: Optimizing 84-277 + LA4765 using dual_annealing
2025-11-05 20:43:30 INFO: Coupling=0.3920, Length=67.61mm, Time=3.06s
2025-11-05 20:43:30 INFO: Optimizing LA4002 + 84-280 using dual_annealing
2025-11-05 20:43:36 INFO: Coupling=0.3795, Length=78.52mm, Time=4.38s
2025-11-05 20:43:36 INFO: Optimizing LA4002 + LA4003 using dual_annealing
2025-11-05 20:43:41 INFO: Coupling=0.4175, Length=51.37mm, Time=2.69s
2025-11-05 20:43:41 INFO: Optimizing 36-686 + 84-278 using dual_annealing
2025-11-05 20:43:46 INFO: Coupling=0.3975, Length=47.49mm, Time=3.32s
2025-11-05 20:43:46 INFO: Optimizing LA4002 + LA4765 using dual_annealing
2025-11-05 20:43:51 INFO: Coupling=0.3775, Length=67.38mm, Time=3.30s
2025-11-05 20:43:51 INFO: Optimizing LA4002 + LA4042 using dual_annealing
2025-11-05 20:43:57 INFO: Coupling=0.3965, Length=77.54mm, Time=3.72s
2025-11-05 20:43:57 INFO: Optimizing 36-686 + 84-280 using dual_annealing
2025-11-05 20:44:01 INFO: Coupling=0.3945, Length=83.71mm, Time=2.61s
2025-11-05 20:44:01 INFO: Optimizing 84-277 + 84-280 using dual_annealing
2025-11-05 20:44:07 INFO: Coupling=0.3955, Length=77.85mm, Time=4.00s
2025-11-05 20:44:07 INFO: Optimizing 36-686 + LA4936 using dual_annealing
2025-11-05 20:44:12 INFO: Coupling=0.3820, Length=47.64mm, Time=2.24s
2025-11-05 20:44:12 INFO: Optimizing 48-024 + 84-278 using dual_annealing
2025-11-05 20:44:16 INFO: Coupling=0.3395, Length=46.31mm, Time=1.92s
2025-11-05 20:44:16 INFO: Optimizing 48-024 + LA4936 using dual_annealing
2025-11-05 20:44:21 INFO: Coupling=0.3585, Length=46.01mm, Time=3.11s
2025-11-05 20:44:21 INFO: Optimizing 36-686 + LA4003 using dual_annealing
2025-11-05 20:44:26 INFO: Coupling=0.3705, Length=53.09mm, Time=3.25s
2025-11-05 20:44:26 INFO: Completed dual_annealing: 21 successful optimizations
2025-11-05 20:44:26 INFO: 
Starting nelder_mead optimization on 21 combinations
2025-11-05 20:44:26 INFO: Optimizing 84-277 + 84-279 using nelder_mead
2025-11-05 20:44:29 INFO: Coupling=0.4875, Length=62.08mm, Time=0.20s
2025-11-05 20:44:29 INFO: Optimizing 36-686 + 84-279 using nelder_mead
2025-11-05 20:44:30 INFO: Coupling=0.4235, Length=63.90mm, Time=0.18s
2025-11-05 20:44:30 INFO: Optimizing LA4002 + LA4936 using nelder_mead
2025-11-05 20:44:32 INFO: Coupling=0.4380, Length=45.91mm, Time=0.15s
2025-11-05 20:44:32 INFO: Optimizing 84-277 + 84-278 using nelder_mead
2025-11-05 20:44:34 INFO: Coupling=0.4295, Length=46.04mm, Time=0.15s
2025-11-05 20:44:34 INFO: Optimizing LA4002 + 84-278 using nelder_mead
2025-11-05 20:44:36 INFO: Coupling=0.4435, Length=45.81mm, Time=0.21s
2025-11-05 20:44:36 INFO: Optimizing 84-277 + LA4936 using nelder_mead
2025-11-05 20:44:38 INFO: Coupling=0.4285, Length=46.08mm, Time=0.16s
2025-11-05 20:44:38 INFO: Optimizing 84-277 + LA4003 using nelder_mead
2025-11-05 20:44:40 INFO: Coupling=0.4315, Length=51.40mm, Time=0.13s
2025-11-05 20:44:40 INFO: Optimizing LA4002 + 84-279 using nelder_mead
2025-11-05 20:44:42 INFO: Coupling=0.4165, Length=62.46mm, Time=0.12s
2025-11-05 20:44:42 INFO: Optimizing LA4002 + LA4130 using nelder_mead
2025-11-05 20:44:43 INFO: Coupling=0.4385, Length=56.75mm, Time=0.13s
2025-11-05 20:44:43 INFO: Optimizing 84-277 + LA4765 using nelder_mead
2025-11-05 20:44:46 INFO: Coupling=0.3910, Length=67.51mm, Time=0.13s
2025-11-05 20:44:46 INFO: Optimizing LA4002 + 84-280 using nelder_mead
2025-11-05 20:44:48 INFO: Coupling=0.3845, Length=77.93mm, Time=0.39s
2025-11-05 20:44:48 INFO: Optimizing LA4002 + LA4003 using nelder_mead
2025-11-05 20:44:50 INFO: Coupling=0.0035, Length=60.51mm, Time=0.07s
2025-11-05 20:44:50 INFO: Optimizing 36-686 + 84-278 using nelder_mead
2025-11-05 20:44:52 INFO: Coupling=0.3780, Length=47.53mm, Time=0.17s
2025-11-05 20:44:52 INFO: Optimizing LA4002 + LA4765 using nelder_mead
2025-11-05 20:44:54 INFO: Coupling=0.3950, Length=67.38mm, Time=0.20s
2025-11-05 20:44:54 INFO: Optimizing LA4002 + LA4042 using nelder_mead
2025-11-05 20:44:56 INFO: Coupling=0.4110, Length=77.53mm, Time=0.18s
2025-11-05 20:44:56 INFO: Optimizing 36-686 + 84-280 using nelder_mead
2025-11-05 20:44:58 INFO: Coupling=0.3980, Length=79.50mm, Time=0.15s
2025-11-05 20:44:58 INFO: Optimizing 84-277 + 84-280 using nelder_mead
2025-11-05 20:45:00 INFO: Coupling=0.3885, Length=77.68mm, Time=0.15s
2025-11-05 20:45:00 INFO: Optimizing 36-686 + LA4936 using nelder_mead
2025-11-05 20:45:02 INFO: Coupling=0.4000, Length=47.63mm, Time=0.15s
2025-11-05 20:45:02 INFO: Optimizing 48-024 + 84-278 using nelder_mead
2025-11-05 20:45:04 INFO: Coupling=0.3760, Length=47.99mm, Time=0.18s
2025-11-05 20:45:04 INFO: Optimizing 48-024 + LA4936 using nelder_mead
2025-11-05 20:45:07 INFO: Coupling=0.3275, Length=49.35mm, Time=0.21s
2025-11-05 20:45:07 INFO: Optimizing 36-686 + LA4003 using nelder_mead
2025-11-05 20:45:09 INFO: Coupling=0.3790, Length=53.02mm, Time=0.28s
2025-11-05 20:45:09 INFO: Completed nelder_mead: 21 successful optimizations
2025-11-05 20:45:09 INFO: 
Starting powell optimization on 21 combinations
2025-11-05 20:45:09 INFO: Optimizing 84-277 + 84-279 using powell
2025-11-05 20:45:11 INFO: Coupling=0.4850, Length=64.58mm, Time=0.10s
2025-11-05 20:45:11 INFO: Optimizing 36-686 + 84-279 using powell
2025-11-05 20:45:13 INFO: Coupling=0.4235, Length=64.72mm, Time=0.15s
2025-11-05 20:45:13 INFO: Optimizing LA4002 + LA4936 using powell
2025-11-05 20:45:14 INFO: Coupling=0.4320, Length=45.97mm, Time=0.16s
2025-11-05 20:45:14 INFO: Optimizing 84-277 + 84-278 using powell
2025-11-05 20:45:16 INFO: Coupling=0.4285, Length=46.09mm, Time=0.10s
2025-11-05 20:45:16 INFO: Optimizing LA4002 + 84-278 using powell
2025-11-05 20:45:18 INFO: Coupling=0.4325, Length=46.01mm, Time=0.20s
2025-11-05 20:45:18 INFO: Optimizing 84-277 + LA4936 using powell
2025-11-05 20:45:20 INFO: Coupling=0.4455, Length=46.14mm, Time=0.11s
2025-11-05 20:45:20 INFO: Optimizing 84-277 + LA4003 using powell
2025-11-05 20:45:22 INFO: Coupling=0.4245, Length=51.41mm, Time=0.19s
2025-11-05 20:45:22 INFO: Optimizing LA4002 + 84-279 using powell
2025-11-05 20:45:24 INFO: Coupling=0.4125, Length=62.06mm, Time=0.15s
2025-11-05 20:45:24 INFO: Optimizing LA4002 + LA4130 using powell
2025-11-05 20:45:26 INFO: Coupling=0.4245, Length=56.78mm, Time=0.22s
2025-11-05 20:45:26 INFO: Optimizing 84-277 + LA4765 using powell
2025-11-05 20:45:28 INFO: Coupling=0.3995, Length=67.54mm, Time=0.16s
2025-11-05 20:45:28 INFO: Optimizing LA4002 + 84-280 using powell
2025-11-05 20:45:30 INFO: Coupling=0.3715, Length=77.55mm, Time=0.12s
2025-11-05 20:45:30 INFO: Optimizing LA4002 + LA4003 using powell
2025-11-05 20:45:33 INFO: Coupling=0.3960, Length=51.37mm, Time=0.15s
2025-11-05 20:45:33 INFO: Optimizing 36-686 + 84-278 using powell
2025-11-05 20:45:36 INFO: Coupling=0.3870, Length=47.51mm, Time=0.42s
2025-11-05 20:45:36 INFO: Optimizing LA4002 + LA4765 using powell
2025-11-05 20:45:38 INFO: Coupling=0.3875, Length=71.75mm, Time=0.22s
2025-11-05 20:45:38 INFO: Optimizing LA4002 + LA4042 using powell
2025-11-05 20:45:40 INFO: Coupling=0.3900, Length=77.55mm, Time=0.19s
2025-11-05 20:45:40 INFO: Optimizing 36-686 + 84-280 using powell
2025-11-05 20:45:43 INFO: Coupling=0.3805, Length=79.62mm, Time=0.13s
2025-11-05 20:45:43 INFO: Optimizing 84-277 + 84-280 using powell
2025-11-05 20:45:45 INFO: Coupling=0.3880, Length=77.68mm, Time=0.15s
2025-11-05 20:45:45 INFO: Optimizing 36-686 + LA4936 using powell
2025-11-05 20:45:48 INFO: Coupling=0.3850, Length=47.63mm, Time=0.16s
2025-11-05 20:45:48 INFO: Optimizing 48-024 + 84-278 using powell
2025-11-05 20:45:49 INFO: Coupling=0.3510, Length=59.76mm, Time=0.08s
2025-11-05 20:45:49 INFO: Optimizing 48-024 + LA4936 using powell
2025-11-05 20:45:52 INFO: Coupling=0.3560, Length=50.11mm, Time=0.08s
2025-11-05 20:45:52 INFO: Optimizing 36-686 + LA4003 using powell
2025-11-05 20:45:54 INFO: Coupling=0.3750, Length=53.39mm, Time=0.21s
2025-11-05 20:45:54 INFO: Completed powell: 21 successful optimizations
2025-11-05 20:45:54 INFO: 
Starting grid_search optimization on 21 combinations
2025-11-05 20:45:54 INFO: Optimizing 84-277 + 84-279 using grid_search
2025-11-05 20:45:56 INFO: Coupling=0.1760, Length=81.83mm, Time=0.32s
2025-11-05 20:45:58 INFO: Coupling=0.2750, Length=69.06mm, Time=0.32s
2025-11-05 20:45:58 INFO: Optimizing 36-686 + 84-279 using grid_search
2025-11-05 20:46:00 INFO: Coupling=0.1760, Length=112.33mm, Time=0.33s
2025-11-05 20:46:02 INFO: Coupling=0.3160, Length=69.18mm, Time=0.33s
2025-11-05 20:46:02 INFO: Optimizing LA4002 + LA4936 using grid_search
2025-11-05 20:46:04 INFO: Coupling=0.1990, Length=54.77mm, Time=0.35s
2025-11-05 20:46:05 INFO: Coupling=0.2780, Length=64.88mm, Time=0.35s
2025-11-05 20:46:05 INFO: Optimizing 84-277 + 84-278 using grid_search
2025-11-05 20:46:07 INFO: Coupling=0.1980, Length=54.62mm, Time=0.30s
2025-11-05 20:46:09 INFO: Coupling=0.3230, Length=64.70mm, Time=0.30s
2025-11-05 20:46:09 INFO: Optimizing LA4002 + 84-278 using grid_search
2025-11-05 20:46:11 INFO: Coupling=0.2210, Length=54.62mm, Time=0.38s
2025-11-05 20:46:13 INFO: Coupling=0.3100, Length=64.70mm, Time=0.38s
2025-11-05 20:46:13 INFO: Optimizing 84-277 + LA4936 using grid_search
2025-11-05 20:46:15 INFO: Coupling=0.2080, Length=49.81mm, Time=0.30s
2025-11-05 20:46:17 INFO: Coupling=0.3120, Length=64.88mm, Time=0.30s
2025-11-05 20:46:17 INFO: Optimizing 84-277 + LA4003 using grid_search
2025-11-05 20:46:19 INFO: Coupling=0.1720, Length=73.15mm, Time=0.29s
2025-11-05 20:46:21 INFO: Coupling=0.2610, Length=85.53mm, Time=0.29s
2025-11-05 20:46:21 INFO: Optimizing LA4002 + 84-279 using grid_search
2025-11-05 20:46:22 INFO: Coupling=0.1620, Length=81.83mm, Time=0.32s
2025-11-05 20:46:24 INFO: Coupling=0.3730, Length=69.06mm, Time=0.32s
2025-11-05 20:46:24 INFO: Optimizing LA4002 + LA4130 using grid_search
2025-11-05 20:46:26 INFO: Coupling=0.1810, Length=101.22mm, Time=0.28s
2025-11-05 20:46:28 INFO: Coupling=0.3360, Length=62.73mm, Time=0.28s
2025-11-05 20:46:28 INFO: Optimizing 84-277 + LA4765 using grid_search
2025-11-05 20:46:30 INFO: Coupling=0.1860, Length=89.63mm, Time=0.31s
2025-11-05 20:46:32 INFO: Coupling=0.2810, Length=75.78mm, Time=0.31s
2025-11-05 20:46:32 INFO: Optimizing LA4002 + 84-280 using grid_search
2025-11-05 20:46:34 INFO: Coupling=0.1640, Length=164.33mm, Time=0.29s
2025-11-05 20:46:36 INFO: Coupling=0.3790, Length=107.07mm, Time=0.29s
2025-11-05 20:46:36 INFO: Optimizing LA4002 + LA4003 using grid_search
2025-11-05 20:46:38 INFO: Coupling=0.2180, Length=78.82mm, Time=0.28s
2025-11-05 20:46:40 INFO: Coupling=0.2650, Length=56.14mm, Time=0.28s
2025-11-05 20:46:40 INFO: Optimizing 36-686 + 84-278 using grid_search
2025-11-05 20:46:42 INFO: Coupling=0.2040, Length=79.83mm, Time=0.31s
2025-11-05 20:46:44 INFO: Coupling=0.2660, Length=64.70mm, Time=0.31s
2025-11-05 20:46:44 INFO: Optimizing LA4002 + LA4765 using grid_search
2025-11-05 20:46:46 INFO: Coupling=0.1520, Length=89.63mm, Time=0.26s
2025-11-05 20:46:48 INFO: Coupling=0.4000, Length=67.89mm, Time=0.26s
2025-11-05 20:46:48 INFO: Optimizing LA4002 + LA4042 using grid_search
2025-11-05 20:46:50 INFO: Coupling=0.1500, Length=144.33mm, Time=0.37s
2025-11-05 20:46:52 INFO: Coupling=0.3180, Length=107.07mm, Time=0.37s
2025-11-05 20:46:52 INFO: Optimizing 36-686 + 84-280 using grid_search
2025-11-05 20:46:54 INFO: Coupling=0.1940, Length=204.83mm, Time=0.33s
2025-11-05 20:46:57 INFO: Coupling=0.3850, Length=88.56mm, Time=0.33s
2025-11-05 20:46:57 INFO: Optimizing 84-277 + 84-280 using grid_search
2025-11-05 20:46:59 INFO: Coupling=0.1780, Length=164.33mm, Time=0.36s
2025-11-05 20:47:01 INFO: Coupling=0.3400, Length=79.12mm, Time=0.36s
2025-11-05 20:47:01 INFO: Optimizing 36-686 + LA4936 using grid_search
2025-11-05 20:47:03 INFO: Coupling=0.1810, Length=75.03mm, Time=0.32s
2025-11-05 20:47:05 INFO: Coupling=0.2820, Length=64.88mm, Time=0.32s
2025-11-05 20:47:05 INFO: Optimizing 48-024 + 84-278 using grid_search
2025-11-05 20:47:08 INFO: Coupling=0.1830, Length=54.62mm, Time=0.29s
2025-11-05 20:47:10 INFO: Coupling=0.3030, Length=64.70mm, Time=0.29s
2025-11-05 20:47:10 INFO: Optimizing 48-024 + LA4936 using grid_search
2025-11-05 20:47:12 INFO: Coupling=0.1810, Length=49.81mm, Time=0.38s
2025-11-05 20:47:14 INFO: Coupling=0.3030, Length=64.88mm, Time=0.38s
2025-11-05 20:47:14 INFO: Optimizing 36-686 + LA4003 using grid_search
2025-11-05 20:47:16 INFO: Coupling=0.1850, Length=90.67mm, Time=0.30s
2025-11-05 20:47:19 INFO: Coupling=0.2250, Length=85.53mm, Time=0.30s
2025-11-05 20:47:19 INFO: Completed grid_search: 42 successful optimizations
2025-11-05 20:47:19 INFO: 
Starting bayesian optimization on 21 combinations
2025-11-05 20:47:19 INFO: Optimizing 84-277 + 84-279 using bayesian
2025-11-05 20:47:38 INFO: Coupling=0.3935, Length=86.00mm, Time=17.75s
2025-11-05 20:47:38 INFO: Optimizing 36-686 + 84-279 using bayesian
2025-11-05 20:47:55 INFO: Coupling=0.3410, Length=87.85mm, Time=16.33s
2025-11-05 20:47:55 INFO: Optimizing LA4002 + LA4936 using bayesian
2025-11-05 20:48:13 INFO: Coupling=0.2800, Length=66.49mm, Time=16.42s
2025-11-05 20:48:13 INFO: Optimizing 84-277 + 84-278 using bayesian
2025-11-05 20:48:29 INFO: Coupling=0.2735, Length=66.36mm, Time=14.28s
2025-11-05 20:48:29 INFO: Optimizing LA4002 + 84-278 using bayesian
2025-11-05 20:48:46 INFO: Coupling=0.2795, Length=66.36mm, Time=15.63s
2025-11-05 20:48:46 INFO: Optimizing 84-277 + LA4936 using bayesian
2025-11-05 20:49:05 INFO: Coupling=0.2730, Length=66.49mm, Time=17.25s
2025-11-05 20:49:05 INFO: Optimizing 84-277 + LA4003 using bayesian
2025-11-05 20:49:23 INFO: Coupling=0.3035, Length=72.90mm, Time=16.73s
2025-11-05 20:49:23 INFO: Optimizing LA4002 + 84-279 using bayesian
2025-11-05 20:49:41 INFO: Coupling=0.2365, Length=87.61mm, Time=16.94s
2025-11-05 20:49:41 INFO: Optimizing LA4002 + LA4130 using bayesian
2025-11-05 20:49:59 INFO: Coupling=0.3005, Length=79.58mm, Time=16.78s
2025-11-05 20:49:59 INFO: Optimizing 84-277 + LA4765 using bayesian
2025-11-05 20:50:19 INFO: Coupling=0.1980, Length=94.51mm, Time=18.47s
2025-11-05 20:50:19 INFO: Optimizing LA4002 + 84-280 using bayesian
2025-11-05 20:50:40 INFO: Coupling=0.3090, Length=107.50mm, Time=19.19s
2025-11-05 20:50:40 INFO: Optimizing LA4002 + LA4003 using bayesian
2025-11-05 20:51:00 INFO: Coupling=0.3210, Length=72.90mm, Time=18.22s
2025-11-05 20:51:00 INFO: Optimizing 36-686 + 84-278 using bayesian
2025-11-05 20:51:20 INFO: Coupling=0.2230, Length=68.21mm, Time=18.44s
2025-11-05 20:51:20 INFO: Optimizing LA4002 + LA4765 using bayesian
2025-11-05 20:51:55 INFO: Coupling=0.2630, Length=94.51mm, Time=32.78s
2025-11-05 20:51:55 INFO: Optimizing LA4002 + LA4042 using bayesian
2025-11-05 20:52:20 INFO: Coupling=0.2885, Length=107.50mm, Time=23.33s
2025-11-05 20:52:20 INFO: Optimizing 36-686 + 84-280 using bayesian
2025-11-05 20:52:41 INFO: Coupling=0.2485, Length=109.45mm, Time=20.09s
2025-11-05 20:52:41 INFO: Optimizing 84-277 + 84-280 using bayesian
2025-11-05 20:53:02 INFO: Coupling=0.2180, Length=107.50mm, Time=18.75s
2025-11-05 20:53:02 INFO: Optimizing 36-686 + LA4936 using bayesian
2025-11-05 20:53:19 INFO: Coupling=0.2360, Length=68.34mm, Time=15.85s
2025-11-05 20:53:19 INFO: Optimizing 48-024 + 84-278 using bayesian
2025-11-05 20:53:36 INFO: Coupling=0.2735, Length=66.36mm, Time=15.66s
2025-11-05 20:53:36 INFO: Optimizing 48-024 + LA4936 using bayesian
2025-11-05 20:53:54 INFO: Coupling=0.2790, Length=66.49mm, Time=15.42s
2025-11-05 20:53:54 INFO: Optimizing 36-686 + LA4003 using bayesian
2025-11-05 20:54:11 INFO: Coupling=0.2610, Length=74.76mm, Time=15.55s
2025-11-05 20:54:11 INFO: Completed bayesian: 21 successful optimizations
2025-11-05 20:54:11 INFO: Generating combined method comparison plots
2025-11-05 20:54:11 INFO: Creating combined plot for 84-277 + 84-279 (6 methods)
2025-11-05 20:54:14 INFO: Creating combined plot for 36-686 + 84-279 (6 methods)
2025-11-05 20:54:17 INFO: Creating combined plot for LA4002 + LA4936 (6 methods)
2025-11-05 20:54:20 INFO: Creating combined plot for 84-277 + 84-278 (6 methods)
2025-11-05 20:54:23 INFO: Creating combined plot for LA4002 + 84-278 (6 methods)
2025-11-05 20:54:26 INFO: Creating combined plot for 84-277 + LA4936 (6 methods)
2025-11-05 20:54:30 INFO: Creating combined plot for 84-277 + LA4003 (6 methods)
2025-11-05 20:54:33 INFO: Creating combined plot for LA4002 + 84-279 (6 methods)
2025-11-05 20:54:35 INFO: Creating combined plot for LA4002 + LA4130 (6 methods)
2025-11-05 20:54:39 INFO: Creating combined plot for 84-277 + LA4765 (6 methods)
2025-11-05 20:54:42 INFO: Creating combined plot for LA4002 + 84-280 (6 methods)
2025-11-05 20:54:44 INFO: Creating combined plot for LA4002 + LA4003 (6 methods)
2025-11-05 20:54:47 INFO: Creating combined plot for 36-686 + 84-278 (6 methods)
2025-11-05 20:54:51 INFO: Creating combined plot for LA4002 + LA4765 (6 methods)
2025-11-05 20:54:54 INFO: Creating combined plot for LA4002 + LA4042 (6 methods)
2025-11-05 20:54:57 INFO: Creating combined plot for 36-686 + 84-280 (6 methods)
2025-11-05 20:55:00 INFO: Creating combined plot for 84-277 + 84-280 (6 methods)
2025-11-05 20:55:03 INFO: Creating combined plot for 36-686 + LA4936 (6 methods)
2025-11-05 20:55:07 INFO: Creating combined plot for 48-024 + 84-278 (6 methods)
2025-11-05 20:55:10 INFO: Creating combined plot for 48-024 + LA4936 (6 methods)
2025-11-05 20:55:13 INFO: Creating combined plot for 36-686 + LA4003 (6 methods)
2025-11-05 20:55:16 INFO: Generated 21 combined plots
2025-11-05 20:55:16 INFO: Writing results CSV files by lens combination
2025-11-05 20:55:16 INFO: Wrote 84-277+84-279.csv with 6 methods
2025-11-05 20:55:16 INFO: Wrote 36-686+84-279.csv with 6 methods
2025-11-05 20:55:16 INFO: Wrote LA4002+LA4936.csv with 6 methods
2025-11-05 20:55:16 INFO: Wrote 84-277+84-278.csv with 6 methods
2025-11-05 20:55:16 INFO: Wrote LA4002+84-278.csv with 6 methods
2025-11-05 20:55:16 INFO: Wrote 84-277+LA4936.csv with 6 methods
2025-11-05 20:55:16 INFO: Wrote 84-277+LA4003.csv with 6 methods
2025-11-05 20:55:16 INFO: Wrote LA4002+84-279.csv with 6 methods
2025-11-05 20:55:16 INFO: Wrote LA4002+LA4130.csv with 6 methods
2025-11-05 20:55:16 INFO: Wrote 84-277+LA4765.csv with 6 methods
2025-11-05 20:55:16 INFO: Wrote LA4002+84-280.csv with 6 methods
2025-11-05 20:55:16 INFO: Wrote LA4002+LA4003.csv with 6 methods
2025-11-05 20:55:16 INFO: Wrote 36-686+84-278.csv with 6 methods
2025-11-05 20:55:16 INFO: Wrote LA4002+LA4765.csv with 6 methods
2025-11-05 20:55:16 INFO: Wrote LA4002+LA4042.csv with 6 methods
2025-11-05 20:55:16 INFO: Wrote 36-686+84-280.csv with 6 methods
2025-11-05 20:55:16 INFO: Wrote 84-277+84-280.csv with 6 methods
2025-11-05 20:55:16 INFO: Wrote 36-686+LA4936.csv with 6 methods
2025-11-05 20:55:16 INFO: Wrote 48-024+84-278.csv with 6 methods
2025-11-05 20:55:16 INFO: Wrote 48-024+LA4936.csv with 6 methods
2025-11-05 20:55:16 INFO: Wrote 36-686+LA4003.csv with 6 methods
2025-11-05 20:55:16 INFO: Wrote 21 CSV files
