2025-10-24 07:11:55 INFO: Loading results from results/2025-10-20_select_powell_air/results_select_2025-10-20_select_powell_air.csv
2025-10-24 07:11:55 INFO: Found 22 combinations with coupling >= 0.21
2025-10-24 07:11:57 INFO: 
Starting differential_evolution optimization on 22 combinations
2025-10-24 07:11:57 INFO: Optimizing 48-024 + LA4002 using differential_evolution
2025-10-24 07:13:00 INFO: Coupling=0.2173, Length=41.55mm, Time=56.55s
2025-10-24 07:13:00 INFO: Optimizing LA4647 + 48-024 using differential_evolution
2025-10-24 07:14:43 INFO: Coupling=0.2201, Length=39.56mm, Time=99.82s
2025-10-24 07:14:43 INFO: Optimizing LA4002 + LA4002 using differential_evolution
2025-10-24 07:16:06 INFO: Coupling=0.2100, Length=41.83mm, Time=79.62s
2025-10-24 07:16:06 INFO: Optimizing 84-277 + 48-024 using differential_evolution
2025-10-24 07:18:02 INFO: Coupling=0.2063, Length=42.11mm, Time=111.76s
2025-10-24 07:18:02 INFO: Optimizing LA4647 + 36-681 using differential_evolution
2025-10-24 07:19:14 INFO: Coupling=0.2176, Length=36.59mm, Time=68.73s
2025-10-24 07:19:14 INFO: Optimizing LA4647 + LA4002 using differential_evolution
2025-10-24 07:20:28 INFO: Coupling=0.2241, Length=39.57mm, Time=69.76s
2025-10-24 07:20:28 INFO: Optimizing 36-682 + LA4002 using differential_evolution
2025-10-24 07:21:31 INFO: Coupling=0.2170, Length=38.42mm, Time=59.57s
2025-10-24 07:21:31 INFO: Optimizing 36-682 + 48-024 using differential_evolution
2025-10-24 07:22:33 INFO: Coupling=0.2096, Length=38.29mm, Time=57.80s
2025-10-24 07:22:33 INFO: Optimizing 36-681 + 84-277 using differential_evolution
2025-10-24 07:23:55 INFO: Coupling=0.2213, Length=39.28mm, Time=78.94s
2025-10-24 07:23:55 INFO: Optimizing LA4647 + 36-683 using differential_evolution
2025-10-24 07:25:15 INFO: Coupling=0.2083, Length=39.62mm, Time=75.21s
2025-10-24 07:25:15 INFO: Optimizing LA4647 + 84-277 using differential_evolution
2025-10-24 07:26:42 INFO: Coupling=0.2072, Length=39.56mm, Time=83.20s
2025-10-24 07:26:42 INFO: Optimizing 84-277 + LA4002 using differential_evolution
2025-10-24 07:27:56 INFO: Coupling=0.2134, Length=41.90mm, Time=69.79s
2025-10-24 07:27:56 INFO: Optimizing 36-681 + LA4647 using differential_evolution
2025-10-24 07:28:59 INFO: Coupling=0.1947, Length=34.53mm, Time=58.89s
2025-10-24 07:28:59 INFO: Optimizing 36-682 + 36-681 using differential_evolution
2025-10-24 07:29:57 INFO: Coupling=0.2069, Length=35.28mm, Time=53.82s
2025-10-24 07:29:57 INFO: Optimizing 36-681 + 48-024 using differential_evolution
2025-10-24 07:31:01 INFO: Coupling=0.2022, Length=39.41mm, Time=59.61s
2025-10-24 07:31:01 INFO: Optimizing 36-682 + 36-683 using differential_evolution
2025-10-24 07:31:55 INFO: Coupling=0.2117, Length=38.72mm, Time=49.38s
2025-10-24 07:31:55 INFO: Optimizing LA4002 + 48-024 using differential_evolution
2025-10-24 07:33:45 INFO: Coupling=0.2014, Length=41.50mm, Time=106.15s
2025-10-24 07:33:45 INFO: Optimizing 48-024 + 48-024 using differential_evolution
2025-10-24 07:35:03 INFO: Coupling=0.2137, Length=41.65mm, Time=74.12s
2025-10-24 07:35:03 INFO: Optimizing 36-681 + LA4002 using differential_evolution
2025-10-24 07:36:00 INFO: Coupling=0.1929, Length=39.41mm, Time=51.15s
2025-10-24 07:36:00 INFO: Optimizing 36-682 + LA4936 using differential_evolution
2025-10-24 07:37:13 INFO: Coupling=0.1891, Length=43.81mm, Time=69.65s
2025-10-24 07:37:13 INFO: Optimizing 36-681 + 36-682 using differential_evolution
2025-10-24 07:38:27 INFO: Coupling=0.2233, Length=33.20mm, Time=69.00s
2025-10-24 07:38:27 INFO: Optimizing LA4647 + LA4936 using differential_evolution
2025-10-24 07:40:01 INFO: Coupling=0.1895, Length=45.10mm, Time=89.82s
2025-10-24 07:40:01 INFO: Completed differential_evolution: 22 successful optimizations
2025-10-24 07:40:01 INFO: 
Starting dual_annealing optimization on 22 combinations
2025-10-24 07:40:01 INFO: Optimizing 48-024 + LA4002 using dual_annealing
2025-10-24 07:44:24 INFO: Coupling=0.2088, Length=41.66mm, Time=258.60s
2025-10-24 07:44:24 INFO: Optimizing LA4647 + 48-024 using dual_annealing
2025-10-24 07:49:24 INFO: Coupling=0.2197, Length=39.53mm, Time=296.16s
2025-10-24 07:49:24 INFO: Optimizing LA4002 + LA4002 using dual_annealing
2025-10-24 07:53:58 INFO: Coupling=0.2240, Length=41.36mm, Time=271.42s
2025-10-24 07:53:58 INFO: Optimizing 84-277 + 48-024 using dual_annealing
2025-10-24 07:58:20 INFO: Coupling=0.2156, Length=42.06mm, Time=257.85s
2025-10-24 07:58:20 INFO: Optimizing LA4647 + 36-681 using dual_annealing
2025-10-24 08:02:59 INFO: Coupling=0.2257, Length=36.51mm, Time=275.56s
2025-10-24 08:02:59 INFO: Optimizing LA4647 + LA4002 using dual_annealing
2025-10-24 08:09:38 INFO: Coupling=0.2130, Length=39.52mm, Time=395.53s
2025-10-24 08:09:38 INFO: Optimizing 36-682 + LA4002 using dual_annealing
2025-10-24 08:12:29 INFO: Coupling=0.2188, Length=38.29mm, Time=166.23s
2025-10-24 08:12:29 INFO: Optimizing 36-682 + 48-024 using dual_annealing
2025-10-24 08:17:01 INFO: Coupling=0.2051, Length=38.26mm, Time=268.29s
2025-10-24 08:17:01 INFO: Optimizing 36-681 + 84-277 using dual_annealing
2025-10-24 08:20:49 INFO: Coupling=0.2205, Length=39.23mm, Time=224.11s
2025-10-24 08:20:49 INFO: Optimizing LA4647 + 36-683 using dual_annealing
2025-10-24 08:27:17 INFO: Coupling=0.2248, Length=39.53mm, Time=384.33s
2025-10-24 08:27:17 INFO: Optimizing LA4647 + 84-277 using dual_annealing
2025-10-24 08:31:50 INFO: Coupling=0.2143, Length=39.58mm, Time=269.79s
2025-10-24 08:31:50 INFO: Optimizing 84-277 + LA4002 using dual_annealing
2025-10-24 08:38:00 INFO: Coupling=0.2164, Length=42.04mm, Time=365.64s
2025-10-24 08:38:00 INFO: Optimizing 36-681 + LA4647 using dual_annealing
2025-10-24 08:41:59 INFO: Coupling=0.2117, Length=33.43mm, Time=234.13s
2025-10-24 08:41:59 INFO: Optimizing 36-682 + 36-681 using dual_annealing
2025-10-24 08:44:54 INFO: Coupling=0.2164, Length=35.21mm, Time=170.90s
2025-10-24 08:44:54 INFO: Optimizing 36-681 + 48-024 using dual_annealing
2025-10-24 08:49:35 INFO: Coupling=0.2042, Length=39.11mm, Time=277.32s
2025-10-24 08:49:35 INFO: Optimizing 36-682 + 36-683 using dual_annealing
2025-10-24 08:53:05 INFO: Coupling=0.2291, Length=39.74mm, Time=205.46s
2025-10-24 08:53:05 INFO: Optimizing LA4002 + 48-024 using dual_annealing
2025-10-24 08:58:11 INFO: Coupling=0.2051, Length=41.91mm, Time=301.76s
2025-10-24 08:58:11 INFO: Optimizing 48-024 + 48-024 using dual_annealing
2025-10-24 09:04:11 INFO: Coupling=0.2089, Length=41.54mm, Time=355.96s
2025-10-24 09:04:11 INFO: Optimizing 36-681 + LA4002 using dual_annealing
2025-10-24 09:06:57 INFO: Coupling=0.2095, Length=39.10mm, Time=162.28s
2025-10-24 09:06:57 INFO: Optimizing 36-682 + LA4936 using dual_annealing
2025-10-24 09:12:33 INFO: Coupling=0.1936, Length=43.63mm, Time=331.95s
2025-10-24 09:12:33 INFO: Optimizing 36-681 + 36-682 using dual_annealing
2025-10-24 09:15:45 INFO: Coupling=0.2336, Length=33.21mm, Time=185.95s
2025-10-24 09:15:45 INFO: Optimizing LA4647 + LA4936 using dual_annealing
2025-10-24 09:23:14 INFO: Coupling=0.2044, Length=44.91mm, Time=444.59s
2025-10-24 09:23:15 INFO: Completed dual_annealing: 22 successful optimizations
2025-10-24 09:23:15 INFO: 
Starting nelder_mead optimization on 22 combinations
2025-10-24 09:23:15 INFO: Optimizing 48-024 + LA4002 using nelder_mead
2025-10-24 09:23:36 INFO: Coupling=0.2234, Length=41.54mm, Time=17.85s
2025-10-24 09:23:36 INFO: Optimizing LA4647 + 48-024 using nelder_mead
2025-10-24 09:23:54 INFO: Coupling=0.2330, Length=39.50mm, Time=14.99s
2025-10-24 09:23:54 INFO: Optimizing LA4002 + LA4002 using nelder_mead
2025-10-24 09:24:11 INFO: Coupling=0.2155, Length=41.40mm, Time=13.41s
2025-10-24 09:24:11 INFO: Optimizing 84-277 + 48-024 using nelder_mead
2025-10-24 09:24:32 INFO: Coupling=0.2100, Length=41.84mm, Time=17.88s
2025-10-24 09:24:32 INFO: Optimizing LA4647 + 36-681 using nelder_mead
2025-10-24 09:25:33 INFO: Coupling=0.2002, Length=36.52mm, Time=57.09s
2025-10-24 09:25:33 INFO: Optimizing LA4647 + LA4002 using nelder_mead
2025-10-24 09:25:51 INFO: Coupling=0.2192, Length=39.50mm, Time=14.62s
2025-10-24 09:25:51 INFO: Optimizing 36-682 + LA4002 using nelder_mead
2025-10-24 09:26:08 INFO: Coupling=0.2229, Length=38.23mm, Time=13.65s
2025-10-24 09:26:08 INFO: Optimizing 36-682 + 48-024 using nelder_mead
2025-10-24 09:26:25 INFO: Coupling=0.2282, Length=38.31mm, Time=13.52s
2025-10-24 09:26:25 INFO: Optimizing 36-681 + 84-277 using nelder_mead
2025-10-24 09:26:43 INFO: Coupling=0.2183, Length=39.13mm, Time=11.86s
2025-10-24 09:26:43 INFO: Optimizing LA4647 + 36-683 using nelder_mead
2025-10-24 09:27:01 INFO: Coupling=0.2190, Length=39.52mm, Time=14.05s
2025-10-24 09:27:01 INFO: Optimizing LA4647 + 84-277 using nelder_mead
2025-10-24 09:27:19 INFO: Coupling=0.2152, Length=39.51mm, Time=14.05s
2025-10-24 09:27:19 INFO: Optimizing 84-277 + LA4002 using nelder_mead
2025-10-24 09:27:46 INFO: Coupling=0.2134, Length=41.85mm, Time=23.44s
2025-10-24 09:27:46 INFO: Optimizing 36-681 + LA4647 using nelder_mead
2025-10-24 09:28:01 INFO: Coupling=0.2270, Length=33.47mm, Time=11.30s
2025-10-24 09:28:01 INFO: Optimizing 36-682 + 36-681 using nelder_mead
2025-10-24 09:28:17 INFO: Coupling=0.2083, Length=35.22mm, Time=11.81s
2025-10-24 09:28:17 INFO: Optimizing 36-681 + 48-024 using nelder_mead
2025-10-24 09:28:31 INFO: Coupling=0.2148, Length=41.09mm, Time=9.91s
2025-10-24 09:28:31 INFO: Optimizing 36-682 + 36-683 using nelder_mead
2025-10-24 09:28:48 INFO: Coupling=0.2009, Length=38.31mm, Time=13.09s
2025-10-24 09:28:48 INFO: Optimizing LA4002 + 48-024 using nelder_mead
2025-10-24 09:29:08 INFO: Coupling=0.2240, Length=41.37mm, Time=16.19s
2025-10-24 09:29:08 INFO: Optimizing 48-024 + 48-024 using nelder_mead
2025-10-24 09:29:34 INFO: Coupling=0.2288, Length=41.51mm, Time=22.05s
2025-10-24 09:29:34 INFO: Optimizing 36-681 + LA4002 using nelder_mead
2025-10-24 09:29:54 INFO: Coupling=0.2037, Length=39.10mm, Time=12.78s
2025-10-24 09:29:54 INFO: Optimizing 36-682 + LA4936 using nelder_mead
2025-10-24 09:30:10 INFO: Coupling=0.1809, Length=43.60mm, Time=12.58s
2025-10-24 09:30:10 INFO: Optimizing 36-681 + 36-682 using nelder_mead
2025-10-24 09:30:25 INFO: Coupling=0.2228, Length=33.21mm, Time=10.53s
2025-10-24 09:30:25 INFO: Optimizing LA4647 + LA4936 using nelder_mead
2025-10-24 09:30:50 INFO: Coupling=0.2073, Length=47.69mm, Time=20.43s
2025-10-24 09:30:50 INFO: Completed nelder_mead: 22 successful optimizations
2025-10-24 09:30:50 INFO: 
Starting powell optimization on 22 combinations
2025-10-24 09:30:50 INFO: Optimizing 48-024 + LA4002 using powell
2025-10-24 09:31:09 INFO: Coupling=0.2212, Length=41.56mm, Time=15.09s
2025-10-24 09:31:09 INFO: Optimizing LA4647 + 48-024 using powell
2025-10-24 09:31:26 INFO: Coupling=0.2286, Length=39.50mm, Time=14.13s
2025-10-24 09:31:26 INFO: Optimizing LA4002 + LA4002 using powell
2025-10-24 09:31:45 INFO: Coupling=0.2181, Length=41.51mm, Time=15.85s
2025-10-24 09:31:45 INFO: Optimizing 84-277 + 48-024 using powell
2025-10-24 09:32:04 INFO: Coupling=0.2025, Length=41.85mm, Time=15.53s
2025-10-24 09:32:04 INFO: Optimizing LA4647 + 36-681 using powell
2025-10-24 09:32:19 INFO: Coupling=0.2132, Length=36.52mm, Time=11.62s
2025-10-24 09:32:19 INFO: Optimizing LA4647 + LA4002 using powell
2025-10-24 09:32:38 INFO: Coupling=0.2095, Length=39.50mm, Time=14.60s
2025-10-24 09:32:38 INFO: Optimizing 36-682 + LA4002 using powell
2025-10-24 09:32:52 INFO: Coupling=0.2131, Length=38.21mm, Time=11.37s
2025-10-24 09:32:52 INFO: Optimizing 36-682 + 48-024 using powell
2025-10-24 09:33:10 INFO: Coupling=0.2145, Length=38.21mm, Time=14.18s
2025-10-24 09:33:10 INFO: Optimizing 36-681 + 84-277 using powell
2025-10-24 09:33:31 INFO: Coupling=0.2086, Length=39.09mm, Time=17.46s
2025-10-24 09:33:31 INFO: Optimizing LA4647 + 36-683 using powell
2025-10-24 09:33:49 INFO: Coupling=0.2124, Length=39.50mm, Time=13.59s
2025-10-24 09:33:49 INFO: Optimizing LA4647 + 84-277 using powell
2025-10-24 09:34:14 INFO: Coupling=0.2259, Length=39.50mm, Time=17.83s
2025-10-24 09:34:14 INFO: Optimizing 84-277 + LA4002 using powell
2025-10-24 09:34:33 INFO: Coupling=0.2221, Length=42.05mm, Time=15.81s
2025-10-24 09:34:33 INFO: Optimizing 36-681 + LA4647 using powell
2025-10-24 09:34:45 INFO: Coupling=0.2067, Length=33.48mm, Time=7.64s
2025-10-24 09:34:45 INFO: Optimizing 36-682 + 36-681 using powell
2025-10-24 09:34:58 INFO: Coupling=0.2178, Length=35.23mm, Time=9.16s
2025-10-24 09:34:58 INFO: Optimizing 36-681 + 48-024 using powell
2025-10-24 09:35:16 INFO: Coupling=0.1980, Length=39.12mm, Time=13.95s
2025-10-24 09:35:16 INFO: Optimizing 36-682 + 36-683 using powell
2025-10-24 09:35:31 INFO: Coupling=0.2067, Length=38.24mm, Time=10.80s
2025-10-24 09:35:31 INFO: Optimizing LA4002 + 48-024 using powell
2025-10-24 09:35:47 INFO: Coupling=0.2204, Length=41.48mm, Time=12.18s
2025-10-24 09:35:47 INFO: Optimizing 48-024 + 48-024 using powell
2025-10-24 09:36:03 INFO: Coupling=0.1799, Length=58.93mm, Time=12.02s
2025-10-24 09:36:03 INFO: Optimizing 36-681 + LA4002 using powell
2025-10-24 09:36:21 INFO: Coupling=0.2085, Length=39.21mm, Time=13.48s
2025-10-24 09:36:21 INFO: Optimizing 36-682 + LA4936 using powell
2025-10-24 09:36:45 INFO: Coupling=0.2007, Length=44.09mm, Time=20.30s
2025-10-24 09:36:45 INFO: Optimizing 36-681 + 36-682 using powell
2025-10-24 09:36:59 INFO: Coupling=0.2160, Length=33.31mm, Time=9.88s
2025-10-24 09:36:59 INFO: Optimizing LA4647 + LA4936 using powell
2025-10-24 09:37:18 INFO: Coupling=0.2054, Length=45.41mm, Time=14.69s
2025-10-24 09:37:18 INFO: Completed powell: 22 successful optimizations
2025-10-24 09:37:18 INFO: 
Starting grid_search optimization on 22 combinations
2025-10-24 09:37:18 INFO: Optimizing 48-024 + LA4002 using grid_search
2025-10-24 09:37:34 INFO: Coupling=0.1808, Length=60.17mm, Time=12.47s
2025-10-24 09:37:34 INFO: Optimizing LA4647 + 48-024 using grid_search
2025-10-24 09:37:54 INFO: Coupling=0.2034, Length=42.07mm, Time=16.15s
2025-10-24 09:37:54 INFO: Optimizing LA4002 + LA4002 using grid_search
2025-10-24 09:38:12 INFO: Coupling=0.1733, Length=60.17mm, Time=14.64s
2025-10-24 09:38:12 INFO: Optimizing 84-277 + 48-024 using grid_search
2025-10-24 09:38:29 INFO: Coupling=0.1699, Length=43.50mm, Time=13.73s
2025-10-24 09:38:29 INFO: Optimizing LA4647 + 36-681 using grid_search
2025-10-24 09:38:53 INFO: Coupling=0.2049, Length=38.19mm, Time=14.59s
2025-10-24 09:38:53 INFO: Optimizing LA4647 + LA4002 using grid_search
2025-10-24 09:39:13 INFO: Coupling=0.2233, Length=47.20mm, Time=16.83s
2025-10-24 09:39:13 INFO: Optimizing 36-682 + LA4002 using grid_search
2025-10-24 09:39:29 INFO: Coupling=0.2312, Length=38.43mm, Time=13.05s
2025-10-24 09:39:29 INFO: Optimizing 36-682 + 48-024 using grid_search
2025-10-24 09:39:46 INFO: Coupling=0.2179, Length=38.43mm, Time=12.98s
2025-10-24 09:39:46 INFO: Optimizing 36-681 + 84-277 using grid_search
2025-10-24 09:40:04 INFO: Coupling=0.2057, Length=47.20mm, Time=14.46s
2025-10-24 09:40:04 INFO: Optimizing LA4647 + 36-683 using grid_search
2025-10-24 09:40:23 INFO: Coupling=0.2181, Length=42.07mm, Time=16.01s
2025-10-24 09:40:23 INFO: Optimizing LA4647 + 84-277 using grid_search
2025-10-24 09:40:43 INFO: Coupling=0.2164, Length=47.20mm, Time=16.00s
2025-10-24 09:40:43 INFO: Optimizing 84-277 + LA4002 using grid_search
2025-10-24 09:41:01 INFO: Coupling=0.1667, Length=60.17mm, Time=14.71s
2025-10-24 09:41:01 INFO: Optimizing 36-681 + LA4647 using grid_search
2025-10-24 09:41:16 INFO: Coupling=0.2170, Length=38.66mm, Time=11.18s
2025-10-24 09:41:16 INFO: Optimizing 36-682 + 36-681 using grid_search
2025-10-24 09:41:31 INFO: Coupling=0.2278, Length=42.70mm, Time=12.18s
2025-10-24 09:41:31 INFO: Optimizing 36-681 + 48-024 using grid_search
2025-10-24 09:41:49 INFO: Coupling=0.2023, Length=47.20mm, Time=14.50s
2025-10-24 09:41:49 INFO: Optimizing 36-682 + 36-683 using grid_search
2025-10-24 09:42:06 INFO: Coupling=0.2390, Length=38.43mm, Time=13.40s
2025-10-24 09:42:06 INFO: Optimizing LA4002 + 48-024 using grid_search
2025-10-24 09:42:23 INFO: Coupling=0.1620, Length=43.50mm, Time=13.48s
2025-10-24 09:42:23 INFO: Optimizing 48-024 + 48-024 using grid_search
2025-10-24 09:42:39 INFO: Coupling=0.1791, Length=56.00mm, Time=12.12s
2025-10-24 09:42:39 INFO: Optimizing 36-681 + LA4002 using grid_search
2025-10-24 09:42:57 INFO: Coupling=0.1988, Length=47.20mm, Time=14.76s
2025-10-24 09:42:57 INFO: Optimizing 36-682 + LA4936 using grid_search
2025-10-24 09:43:17 INFO: Coupling=0.2263, Length=59.87mm, Time=15.56s
2025-10-24 09:43:17 INFO: Optimizing 36-681 + 36-682 using grid_search
2025-10-24 09:43:31 INFO: Coupling=0.2260, Length=35.61mm, Time=11.09s
2025-10-24 09:43:31 INFO: Optimizing LA4647 + LA4936 using grid_search
2025-10-24 09:43:54 INFO: Coupling=0.1960, Length=64.88mm, Time=19.17s
2025-10-24 09:43:55 INFO: Completed grid_search: 22 successful optimizations
2025-10-24 09:43:55 INFO: 
Starting bayesian optimization on 22 combinations
2025-10-24 09:43:55 INFO: Optimizing 48-024 + LA4002 using bayesian
2025-10-24 09:44:35 INFO: Coupling=0.1627, Length=59.81mm, Time=37.24s
2025-10-24 09:44:35 INFO: Optimizing LA4647 + 48-024 using bayesian
2025-10-24 09:45:12 INFO: Coupling=0.2025, Length=43.36mm, Time=33.18s
2025-10-24 09:45:12 INFO: Optimizing LA4002 + LA4002 using bayesian
2025-10-24 09:45:48 INFO: Coupling=0.1644, Length=59.81mm, Time=32.88s
2025-10-24 09:45:48 INFO: Optimizing 84-277 + 48-024 using bayesian
2025-10-24 09:46:25 INFO: Coupling=0.1706, Length=59.81mm, Time=33.00s
2025-10-24 09:46:25 INFO: Optimizing LA4647 + 36-681 using bayesian
2025-10-24 09:47:01 INFO: Coupling=0.2236, Length=39.98mm, Time=32.66s
2025-10-24 09:47:01 INFO: Optimizing LA4647 + LA4002 using bayesian
2025-10-24 09:47:37 INFO: Coupling=0.2261, Length=43.36mm, Time=32.90s
2025-10-24 09:47:37 INFO: Optimizing 36-682 + LA4002 using bayesian
2025-10-24 09:48:11 INFO: Coupling=0.2047, Length=42.80mm, Time=30.23s
2025-10-24 09:48:11 INFO: Optimizing 36-682 + 48-024 using bayesian
2025-10-24 09:48:45 INFO: Coupling=0.1938, Length=42.80mm, Time=30.49s
2025-10-24 09:48:45 INFO: Optimizing 36-681 + 84-277 using bayesian
2025-10-24 09:49:30 INFO: Coupling=0.1946, Length=53.72mm, Time=40.76s
2025-10-24 09:49:30 INFO: Optimizing LA4647 + 36-683 using bayesian
2025-10-24 09:50:06 INFO: Coupling=0.2128, Length=43.36mm, Time=32.39s
2025-10-24 09:50:06 INFO: Optimizing LA4647 + 84-277 using bayesian
2025-10-24 09:50:43 INFO: Coupling=0.2261, Length=43.36mm, Time=33.34s
2025-10-24 09:50:43 INFO: Optimizing 84-277 + LA4002 using bayesian
2025-10-24 09:51:21 INFO: Coupling=0.1644, Length=59.81mm, Time=34.07s
2025-10-24 09:51:21 INFO: Optimizing 36-681 + LA4647 using bayesian
2025-10-24 09:51:55 INFO: Coupling=0.2015, Length=38.56mm, Time=29.96s
2025-10-24 09:51:55 INFO: Optimizing 36-682 + 36-681 using bayesian
2025-10-24 09:52:29 INFO: Coupling=0.2069, Length=39.94mm, Time=30.63s
2025-10-24 09:52:29 INFO: Optimizing 36-681 + 48-024 using bayesian
2025-10-24 09:53:04 INFO: Coupling=0.2086, Length=53.72mm, Time=30.00s
2025-10-24 09:53:04 INFO: Optimizing 36-682 + 36-683 using bayesian
2025-10-24 09:53:38 INFO: Coupling=0.2067, Length=42.80mm, Time=30.00s
2025-10-24 09:53:38 INFO: Optimizing LA4002 + 48-024 using bayesian
2025-10-24 09:54:23 INFO: Coupling=0.1669, Length=59.81mm, Time=41.40s
2025-10-24 09:54:23 INFO: Optimizing 48-024 + 48-024 using bayesian
2025-10-24 09:54:59 INFO: Coupling=0.1678, Length=59.81mm, Time=31.60s
2025-10-24 09:54:59 INFO: Optimizing 36-681 + LA4002 using bayesian
2025-10-24 09:55:33 INFO: Coupling=0.2255, Length=53.72mm, Time=29.87s
2025-10-24 09:55:33 INFO: Optimizing 36-682 + LA4936 using bayesian
2025-10-24 09:56:07 INFO: Coupling=0.1875, Length=48.50mm, Time=29.91s
2025-10-24 09:56:07 INFO: Optimizing 36-681 + 36-682 using bayesian
2025-10-24 09:56:41 INFO: Coupling=0.2172, Length=38.44mm, Time=30.14s
2025-10-24 09:56:41 INFO: Optimizing LA4647 + LA4936 using bayesian
2025-10-24 09:57:17 INFO: Coupling=0.1968, Length=48.54mm, Time=31.00s
2025-10-24 09:57:17 INFO: Completed bayesian: 22 successful optimizations
2025-10-24 09:57:17 INFO: Generating combined method comparison plots
2025-10-24 09:57:17 INFO: Creating combined plot for 48-024 + LA4002 (6 methods)
2025-10-24 09:57:29 INFO: Creating combined plot for LA4647 + 48-024 (6 methods)
2025-10-24 09:57:41 INFO: Creating combined plot for LA4002 + LA4002 (6 methods)
2025-10-24 09:58:01 INFO: Creating combined plot for 84-277 + 48-024 (6 methods)
2025-10-24 09:58:13 INFO: Creating combined plot for LA4647 + 36-681 (6 methods)
2025-10-24 09:58:25 INFO: Creating combined plot for LA4647 + LA4002 (6 methods)
2025-10-24 09:58:37 INFO: Creating combined plot for 36-682 + LA4002 (6 methods)
2025-10-24 09:58:48 INFO: Creating combined plot for 36-682 + 48-024 (6 methods)
2025-10-24 09:59:00 INFO: Creating combined plot for 36-681 + 84-277 (6 methods)
2025-10-24 09:59:12 INFO: Creating combined plot for LA4647 + 36-683 (6 methods)
2025-10-24 09:59:23 INFO: Creating combined plot for LA4647 + 84-277 (6 methods)
2025-10-24 09:59:36 INFO: Creating combined plot for 84-277 + LA4002 (6 methods)
2025-10-24 09:59:48 INFO: Creating combined plot for 36-681 + LA4647 (6 methods)
2025-10-24 10:00:09 INFO: Creating combined plot for 36-682 + 36-681 (6 methods)
2025-10-24 10:00:21 INFO: Creating combined plot for 36-681 + 48-024 (6 methods)
2025-10-24 10:00:32 INFO: Creating combined plot for 36-682 + 36-683 (6 methods)
2025-10-24 10:00:44 INFO: Creating combined plot for LA4002 + 48-024 (6 methods)
2025-10-24 10:00:56 INFO: Creating combined plot for 48-024 + 48-024 (6 methods)
2025-10-24 10:01:08 INFO: Creating combined plot for 36-681 + LA4002 (6 methods)
2025-10-24 10:01:20 INFO: Creating combined plot for 36-682 + LA4936 (6 methods)
2025-10-24 10:01:32 INFO: Creating combined plot for 36-681 + 36-682 (6 methods)
2025-10-24 10:01:43 INFO: Creating combined plot for LA4647 + LA4936 (6 methods)
2025-10-24 10:01:55 INFO: Generated 22 combined plots
2025-10-24 10:01:55 INFO: Writing results CSV files by lens combination
2025-10-24 10:01:55 INFO: Wrote 48-024+LA4002.csv with 6 methods
2025-10-24 10:01:55 INFO: Wrote LA4647+48-024.csv with 6 methods
2025-10-24 10:01:55 INFO: Wrote LA4002+LA4002.csv with 6 methods
2025-10-24 10:01:55 INFO: Wrote 84-277+48-024.csv with 6 methods
2025-10-24 10:01:55 INFO: Wrote LA4647+36-681.csv with 6 methods
2025-10-24 10:01:55 INFO: Wrote LA4647+LA4002.csv with 6 methods
2025-10-24 10:01:55 INFO: Wrote 36-682+LA4002.csv with 6 methods
2025-10-24 10:01:55 INFO: Wrote 36-682+48-024.csv with 6 methods
2025-10-24 10:01:55 INFO: Wrote 36-681+84-277.csv with 6 methods
2025-10-24 10:01:55 INFO: Wrote LA4647+36-683.csv with 6 methods
2025-10-24 10:01:55 INFO: Wrote LA4647+84-277.csv with 6 methods
2025-10-24 10:01:55 INFO: Wrote 84-277+LA4002.csv with 6 methods
2025-10-24 10:01:55 INFO: Wrote 36-681+LA4647.csv with 6 methods
2025-10-24 10:01:55 INFO: Wrote 36-682+36-681.csv with 6 methods
2025-10-24 10:01:55 INFO: Wrote 36-681+48-024.csv with 6 methods
2025-10-24 10:01:55 INFO: Wrote 36-682+36-683.csv with 6 methods
2025-10-24 10:01:55 INFO: Wrote LA4002+48-024.csv with 6 methods
2025-10-24 10:01:55 INFO: Wrote 48-024+48-024.csv with 6 methods
2025-10-24 10:01:55 INFO: Wrote 36-681+LA4002.csv with 6 methods
2025-10-24 10:01:55 INFO: Wrote 36-682+LA4936.csv with 6 methods
2025-10-24 10:01:55 INFO: Wrote 36-681+36-682.csv with 6 methods
2025-10-24 10:01:55 INFO: Wrote LA4647+LA4936.csv with 6 methods
2025-10-24 10:01:55 INFO: Wrote 22 CSV files
