2026-01-21 17:22:06 INFO: Loading lens combinations from /home/turja/UTA/Fall25/UROP/raytrace/results/particular_2026-01-21_differential_evolution_argon/results_2026-01-21-17:15:14_LA4148+LA4022.csv
2026-01-21 17:22:06 INFO: Found 1 lens combinations
2026-01-21 17:22:06 INFO: Parameters: wavelengths=180-260nm (step=10nm), n_rays=1000, medium=air
2026-01-21 17:22:06 INFO: Strategy: Using fixed 200nm calibration across all wavelengths
2026-01-21 17:22:06 INFO: Wavelength range: 180-260 nm in 9 steps
2026-01-21 17:22:06 INFO: Total calibrations: 6
2026-01-21 17:22:06 INFO: Total evaluations: 54
2026-01-21 17:22:06 INFO: Starting wavelength analysis for LA4148+LA4022_air
2026-01-21 17:22:06 INFO:   Calibrating with differential_evolution at 200nm
2026-01-21 17:22:06 INFO:     Calibrated: z_l1=27.07, z_l2=33.48, z_fiber=93.43, coupling@200nm=0.2188, orientation=SfccfF
2026-01-21 17:22:06 INFO:   Calibrating with dual_annealing at 200nm
2026-01-21 17:22:08 INFO:     Calibrated: z_l1=27.10, z_l2=33.40, z_fiber=93.27, coupling@200nm=0.2195, orientation=SfccfF
2026-01-21 17:22:08 INFO:   Calibrating with nelder_mead at 200nm
2026-01-21 17:22:08 INFO:     Calibrated: z_l1=27.06, z_l2=33.37, z_fiber=93.36, coupling@200nm=0.2222, orientation=SfccfF
2026-01-21 17:22:08 INFO:   Calibrating with powell at 200nm
2026-01-21 17:22:08 INFO:     Calibrated: z_l1=27.06, z_l2=33.38, z_fiber=93.37, coupling@200nm=0.2182, orientation=SfccfF
2026-01-21 17:22:08 INFO:   Calibrating with grid_search at 200nm
2026-01-21 17:22:08 INFO:     Calibrated: z_l1=29.01, z_l2=87.00, z_fiber=146.90, coupling@200nm=0.0704, orientation=ScffcF
2026-01-21 17:22:08 INFO:   Calibrating with bayesian at 200nm
2026-01-21 17:22:08 ERROR:     Calibration error with bayesian: scikit-optimize not installed. Run: pip install scikit-optimize
2026-01-21 17:22:08 INFO:   Calibrations ready: 5/6 methods
2026-01-21 17:22:08 INFO:   Testing differential_evolution calibration: 9 wavelengths remaining
2026-01-21 17:22:08 INFO:   Using random seed: 6817 for reproducibility
2026-01-21 17:22:08 INFO:     180nm: coupling=0.0000
2026-01-21 17:22:08 INFO:     190nm: coupling=0.0000
2026-01-21 17:22:08 INFO:     200nm: coupling=0.5088
2026-01-21 17:22:08 INFO:     210nm: coupling=0.2560
2026-01-21 17:22:08 INFO:     220nm: coupling=0.1116
2026-01-21 17:22:08 INFO:     230nm: coupling=0.0198
2026-01-21 17:22:08 INFO:     240nm: coupling=0.0170
2026-01-21 17:22:08 INFO:     250nm: coupling=0.0145
2026-01-21 17:22:08 INFO:     260nm: coupling=0.0130
2026-01-21 17:22:08 INFO:   Testing dual_annealing calibration: 9 wavelengths remaining
2026-01-21 17:22:08 INFO:   Using random seed: 1521 for reproducibility
2026-01-21 17:22:08 INFO:     180nm: coupling=0.0000
2026-01-21 17:22:08 INFO:     190nm: coupling=0.0000
2026-01-21 17:22:08 INFO:     200nm: coupling=0.5106
2026-01-21 17:22:08 INFO:     210nm: coupling=0.2527
2026-01-21 17:22:08 INFO:     220nm: coupling=0.1138
2026-01-21 17:22:08 INFO:     230nm: coupling=0.0151
2026-01-21 17:22:08 INFO:     240nm: coupling=0.0126
2026-01-21 17:22:08 INFO:     250nm: coupling=0.0110
2026-01-21 17:22:08 INFO:     260nm: coupling=0.0105
2026-01-21 17:22:08 INFO:   Testing nelder_mead calibration: 9 wavelengths remaining
2026-01-21 17:22:08 INFO:   Using random seed: 7128 for reproducibility
2026-01-21 17:22:08 INFO:     180nm: coupling=0.0000
2026-01-21 17:22:08 INFO:     190nm: coupling=0.0000
2026-01-21 17:22:08 INFO:     200nm: coupling=0.5168
2026-01-21 17:22:08 INFO:     210nm: coupling=0.2482
2026-01-21 17:22:08 INFO:     220nm: coupling=0.1174
2026-01-21 17:22:08 INFO:     230nm: coupling=0.0208
2026-01-21 17:22:08 INFO:     240nm: coupling=0.0170
2026-01-21 17:22:08 INFO:     250nm: coupling=0.0150
2026-01-21 17:22:08 INFO:     260nm: coupling=0.0105
2026-01-21 17:22:08 INFO:   Testing powell calibration: 9 wavelengths remaining
2026-01-21 17:22:08 INFO:   Using random seed: 9447 for reproducibility
2026-01-21 17:22:08 INFO:     180nm: coupling=0.0000
2026-01-21 17:22:08 INFO:     190nm: coupling=0.0000
2026-01-21 17:22:08 INFO:     200nm: coupling=0.5074
2026-01-21 17:22:08 INFO:     210nm: coupling=0.2535
2026-01-21 17:22:08 INFO:     220nm: coupling=0.1188
2026-01-21 17:22:08 INFO:     230nm: coupling=0.0184
2026-01-21 17:22:08 INFO:     240nm: coupling=0.0141
2026-01-21 17:22:08 INFO:     250nm: coupling=0.0115
2026-01-21 17:22:08 INFO:     260nm: coupling=0.0115
2026-01-21 17:22:08 INFO:   Testing grid_search calibration: 9 wavelengths remaining
2026-01-21 17:22:08 INFO:   Using random seed: 8750 for reproducibility
2026-01-21 17:22:08 INFO:     180nm: coupling=0.0000
2026-01-21 17:22:08 INFO:     190nm: coupling=0.0000
2026-01-21 17:22:08 INFO:     200nm: coupling=0.1565
2026-01-21 17:22:08 INFO:     210nm: coupling=0.1196
2026-01-21 17:22:08 INFO:     220nm: coupling=0.1170
2026-01-21 17:22:08 INFO:     230nm: coupling=0.1136
2026-01-21 17:22:08 INFO:     240nm: coupling=0.1047
2026-01-21 17:22:08 INFO:     250nm: coupling=0.1040
2026-01-21 17:22:08 INFO:     260nm: coupling=0.0965
2026-01-21 17:22:08 INFO: Saved data to LA4148+LA4022_air_wavelength.csv
2026-01-21 17:22:08 INFO: Deleted temp file: results/wavelength_analyze_2026-01-21/temp_batch_wavelength_LA4148+LA4022_air.json
2026-01-21 17:22:08 INFO: Wavelength analysis complete
2026-01-21 17:22:14 INFO: Loading lens combinations from /home/turja/UTA/Fall25/UROP/raytrace/results/particular_2026-01-21_differential_evolution_argon/results_2026-01-21-17:15:14_LA4148+LA4022.csv
2026-01-21 17:22:14 INFO: Found 1 lens combinations
2026-01-21 17:22:14 INFO: Parameters: wavelengths=180-260nm (step=10nm), n_rays=1000, medium=argon
2026-01-21 17:22:14 INFO: Strategy: Using fixed 200nm calibration across all wavelengths
2026-01-21 17:22:14 INFO: Wavelength range: 180-260 nm in 9 steps
2026-01-21 17:22:14 INFO: Total calibrations: 6
2026-01-21 17:22:14 INFO: Total evaluations: 54
2026-01-21 17:22:14 INFO: Starting wavelength analysis for LA4148+LA4022_argon
2026-01-21 17:22:14 INFO:   Calibrating with differential_evolution at 200nm
2026-01-21 17:22:15 INFO:     Calibrated: z_l1=27.14, z_l2=33.44, z_fiber=93.21, coupling@200nm=0.2948, orientation=SfccfF
2026-01-21 17:22:15 INFO:   Calibrating with dual_annealing at 200nm
2026-01-21 17:22:16 INFO:     Calibrated: z_l1=27.09, z_l2=33.39, z_fiber=93.30, coupling@200nm=0.2961, orientation=SfccfF
2026-01-21 17:22:16 INFO:   Calibrating with nelder_mead at 200nm
2026-01-21 17:22:16 INFO:     Calibrated: z_l1=27.08, z_l2=33.38, z_fiber=93.34, coupling@200nm=0.2900, orientation=SfccfF
2026-01-21 17:22:16 INFO:   Calibrating with powell at 200nm
2026-01-21 17:22:17 INFO:     Calibrated: z_l1=27.05, z_l2=34.18, z_fiber=94.18, coupling@200nm=0.2887, orientation=SfccfF
2026-01-21 17:22:17 INFO:   Calibrating with grid_search at 200nm
2026-01-21 17:22:17 INFO:     Calibrated: z_l1=29.01, z_l2=97.00, z_fiber=157.00, coupling@200nm=0.1030, orientation=ScffcF
2026-01-21 17:22:17 INFO:   Calibrating with bayesian at 200nm
2026-01-21 17:22:17 ERROR:     Calibration error with bayesian: scikit-optimize not installed. Run: pip install scikit-optimize
2026-01-21 17:22:17 INFO:   Calibrations ready: 5/6 methods
2026-01-21 17:22:17 INFO:   Testing differential_evolution calibration: 9 wavelengths remaining
2026-01-21 17:22:17 INFO:   Using random seed: 1472 for reproducibility
2026-01-21 17:22:17 INFO:     180nm: coupling=0.2155
2026-01-21 17:22:17 INFO:     190nm: coupling=0.4565
2026-01-21 17:22:17 INFO:     200nm: coupling=0.6855
2026-01-21 17:22:17 INFO:     210nm: coupling=0.2895
2026-01-21 17:22:17 INFO:     220nm: coupling=0.1200
2026-01-21 17:22:17 INFO:     230nm: coupling=0.0175
2026-01-21 17:22:17 INFO:     240nm: coupling=0.0130
2026-01-21 17:22:17 INFO:     250nm: coupling=0.0115
2026-01-21 17:22:17 INFO:     260nm: coupling=0.0085
2026-01-21 17:22:17 INFO:   Testing dual_annealing calibration: 9 wavelengths remaining
2026-01-21 17:22:17 INFO:   Using random seed: 1417 for reproducibility
2026-01-21 17:22:17 INFO:     180nm: coupling=0.2095
2026-01-21 17:22:17 INFO:     190nm: coupling=0.4475
2026-01-21 17:22:17 INFO:     200nm: coupling=0.6885
2026-01-21 17:22:17 INFO:     210nm: coupling=0.2955
2026-01-21 17:22:17 INFO:     220nm: coupling=0.1195
2026-01-21 17:22:17 INFO:     230nm: coupling=0.0150
2026-01-21 17:22:17 INFO:     240nm: coupling=0.0135
2026-01-21 17:22:17 INFO:     250nm: coupling=0.0110
2026-01-21 17:22:17 INFO:     260nm: coupling=0.0100
2026-01-21 17:22:17 INFO:   Testing nelder_mead calibration: 9 wavelengths remaining
2026-01-21 17:22:17 INFO:   Using random seed: 9746 for reproducibility
2026-01-21 17:22:17 INFO:     180nm: coupling=0.1960
2026-01-21 17:22:17 INFO:     190nm: coupling=0.4415
2026-01-21 17:22:17 INFO:     200nm: coupling=0.6745
2026-01-21 17:22:17 INFO:     210nm: coupling=0.3110
2026-01-21 17:22:17 INFO:     220nm: coupling=0.1295
2026-01-21 17:22:17 INFO:     230nm: coupling=0.0220
2026-01-21 17:22:17 INFO:     240nm: coupling=0.0165
2026-01-21 17:22:17 INFO:     250nm: coupling=0.0145
2026-01-21 17:22:17 INFO:     260nm: coupling=0.0130
2026-01-21 17:22:17 INFO:   Testing powell calibration: 9 wavelengths remaining
2026-01-21 17:22:17 INFO:   Using random seed: 4554 for reproducibility
2026-01-21 17:22:17 INFO:     180nm: coupling=0.2145
2026-01-21 17:22:17 INFO:     190nm: coupling=0.4580
2026-01-21 17:22:17 INFO:     200nm: coupling=0.6715
2026-01-21 17:22:17 INFO:     210nm: coupling=0.3230
2026-01-21 17:22:17 INFO:     220nm: coupling=0.1320
2026-01-21 17:22:17 INFO:     230nm: coupling=0.0210
2026-01-21 17:22:17 INFO:     240nm: coupling=0.0150
2026-01-21 17:22:17 INFO:     250nm: coupling=0.0135
2026-01-21 17:22:17 INFO:     260nm: coupling=0.0120
2026-01-21 17:22:17 INFO:   Testing grid_search calibration: 9 wavelengths remaining
2026-01-21 17:22:17 INFO:   Using random seed: 8070 for reproducibility
2026-01-21 17:22:17 INFO:     180nm: coupling=0.1300
2026-01-21 17:22:17 INFO:     190nm: coupling=0.1880
2026-01-21 17:22:17 INFO:     200nm: coupling=0.2415
2026-01-21 17:22:17 INFO:     210nm: coupling=0.1675
2026-01-21 17:22:17 INFO:     220nm: coupling=0.1410
2026-01-21 17:22:17 INFO:     230nm: coupling=0.1275
2026-01-21 17:22:17 INFO:     240nm: coupling=0.1115
2026-01-21 17:22:17 INFO:     250nm: coupling=0.1100
2026-01-21 17:22:17 INFO:     260nm: coupling=0.1055
2026-01-21 17:22:17 INFO: Saved data to LA4148+LA4022_argon_wavelength.csv
2026-01-21 17:22:17 INFO: Deleted temp file: results/wavelength_analyze_2026-01-21/temp_batch_wavelength_LA4148+LA4022_argon.json
2026-01-21 17:22:17 INFO: Wavelength analysis complete
2026-01-21 17:57:39 INFO: Loading lens combinations from /tmp/correct_geom_air.csv
2026-01-21 17:57:39 INFO: Found 1 lens combinations
2026-01-21 17:57:39 INFO: Parameters: wavelengths=180-260nm (step=10nm), n_rays=5000, medium=air
2026-01-21 17:57:39 INFO: Strategy: Using fixed 200nm calibration across all wavelengths
2026-01-21 17:57:39 INFO: Wavelength range: 180-260 nm in 9 steps
2026-01-21 17:57:39 INFO: Total calibrations: 6
2026-01-21 17:57:39 INFO: Total evaluations: 54
2026-01-21 17:57:39 INFO: Starting wavelength analysis for LA4148+LA4022_air
2026-01-21 17:57:39 INFO:   Calibrating with differential_evolution at 200nm
2026-01-21 17:57:42 INFO:     Calibrated: z_l1=27.05, z_l2=33.73, z_fiber=93.72, coupling@200nm=0.2144, orientation=SfccfF
2026-01-21 17:57:42 INFO:   Calibrating with dual_annealing at 200nm
2026-01-21 17:57:54 INFO:     Calibrated: z_l1=27.13, z_l2=33.43, z_fiber=93.22, coupling@200nm=0.2169, orientation=SfccfF
2026-01-21 17:57:54 INFO:   Calibrating with nelder_mead at 200nm
2026-01-21 17:57:54 INFO:     Calibrated: z_l1=27.06, z_l2=33.37, z_fiber=93.36, coupling@200nm=0.2182, orientation=SfccfF
2026-01-21 17:57:54 INFO:   Calibrating with powell at 200nm
2026-01-21 17:57:55 INFO:     Calibrated: z_l1=27.06, z_l2=33.36, z_fiber=93.36, coupling@200nm=0.2164, orientation=SfccfF
2026-01-21 17:57:55 INFO:   Calibrating with grid_search at 200nm
2026-01-21 17:57:55 INFO:     Calibrated: z_l1=29.01, z_l2=97.00, z_fiber=156.41, coupling@200nm=0.0675, orientation=ScffcF
2026-01-21 17:57:55 INFO:   Calibrating with bayesian at 200nm
2026-01-21 17:57:55 ERROR:     Calibration error with bayesian: scikit-optimize not installed. Run: pip install scikit-optimize
2026-01-21 17:57:55 INFO:   Calibrations ready: 5/6 methods
2026-01-21 17:57:55 INFO:   Testing differential_evolution calibration: 9 wavelengths remaining
2026-01-21 17:57:55 INFO:   Using random seed: 9606 for reproducibility
2026-01-21 17:57:55 INFO:     180nm: coupling=0.0000
2026-01-21 17:57:55 INFO:     190nm: coupling=0.0000
2026-01-21 17:57:55 INFO:     200nm: coupling=0.4987
2026-01-21 17:57:55 INFO:     210nm: coupling=0.2517
2026-01-21 17:57:55 INFO:     220nm: coupling=0.0990
2026-01-21 17:57:55 INFO:     230nm: coupling=0.0165
2026-01-21 17:57:55 INFO:     240nm: coupling=0.0141
2026-01-21 17:57:55 INFO:     250nm: coupling=0.0105
2026-01-21 17:57:55 INFO:     260nm: coupling=0.0095
2026-01-21 17:57:55 INFO:   Testing dual_annealing calibration: 9 wavelengths remaining
2026-01-21 17:57:55 INFO:   Using random seed: 1847 for reproducibility
2026-01-21 17:57:55 INFO:     180nm: coupling=0.0000
2026-01-21 17:57:55 INFO:     190nm: coupling=0.0000
2026-01-21 17:57:55 INFO:     200nm: coupling=0.5043
2026-01-21 17:57:55 INFO:     210nm: coupling=0.2574
2026-01-21 17:57:55 INFO:     220nm: coupling=0.1152
2026-01-21 17:57:55 INFO:     230nm: coupling=0.0180
2026-01-21 17:57:55 INFO:     240nm: coupling=0.0151
2026-01-21 17:57:55 INFO:     250nm: coupling=0.0125
2026-01-21 17:57:55 INFO:     260nm: coupling=0.0110
2026-01-21 17:57:55 INFO:   Testing nelder_mead calibration: 9 wavelengths remaining
2026-01-21 17:57:55 INFO:   Using random seed: 5999 for reproducibility
2026-01-21 17:57:55 INFO:     180nm: coupling=0.0000
2026-01-21 17:57:55 INFO:     190nm: coupling=0.0000
2026-01-21 17:57:55 INFO:     200nm: coupling=0.5074
2026-01-21 17:57:55 INFO:     210nm: coupling=0.2615
2026-01-21 17:57:55 INFO:     220nm: coupling=0.1049
2026-01-21 17:57:55 INFO:     230nm: coupling=0.0194
2026-01-21 17:57:55 INFO:     240nm: coupling=0.0170
2026-01-21 17:57:55 INFO:     250nm: coupling=0.0150
2026-01-21 17:57:55 INFO:     260nm: coupling=0.0135
2026-01-21 17:57:55 INFO:   Testing powell calibration: 9 wavelengths remaining
2026-01-21 17:57:55 INFO:   Using random seed: 9888 for reproducibility
2026-01-21 17:57:55 INFO:     180nm: coupling=0.0000
2026-01-21 17:57:55 INFO:     190nm: coupling=0.0000
2026-01-21 17:57:55 INFO:     200nm: coupling=0.5033
2026-01-21 17:57:55 INFO:     210nm: coupling=0.2648
2026-01-21 17:57:55 INFO:     220nm: coupling=0.1058
2026-01-21 17:57:55 INFO:     230nm: coupling=0.0161
2026-01-21 17:57:55 INFO:     240nm: coupling=0.0131
2026-01-21 17:57:55 INFO:     250nm: coupling=0.0125
2026-01-21 17:57:55 INFO:     260nm: coupling=0.0125
2026-01-21 17:57:55 INFO:   Testing grid_search calibration: 9 wavelengths remaining
2026-01-21 17:57:55 INFO:   Using random seed: 9051 for reproducibility
2026-01-21 17:57:55 INFO:     180nm: coupling=0.0000
2026-01-21 17:57:55 INFO:     190nm: coupling=0.0000
2026-01-21 17:57:55 INFO:     200nm: coupling=0.1444
2026-01-21 17:57:55 INFO:     210nm: coupling=0.1118
2026-01-21 17:57:55 INFO:     220nm: coupling=0.1119
2026-01-21 17:57:55 INFO:     230nm: coupling=0.1256
2026-01-21 17:57:55 INFO:     240nm: coupling=0.1192
2026-01-21 17:57:55 INFO:     250nm: coupling=0.1175
2026-01-21 17:57:55 INFO:     260nm: coupling=0.1115
2026-01-21 17:57:55 INFO: Saved data to LA4148+LA4022_air_wavelength.csv
2026-01-21 17:57:55 INFO: Deleted temp file: results/wavelength_analyze_2026-01-21/temp_batch_wavelength_LA4148+LA4022_air.json
2026-01-21 17:57:55 INFO: Wavelength analysis complete
2026-01-21 17:58:02 INFO: Loading lens combinations from /tmp/correct_geom_argon.csv
2026-01-21 17:58:02 INFO: Found 1 lens combinations
2026-01-21 17:58:02 INFO: Parameters: wavelengths=180-260nm (step=10nm), n_rays=5000, medium=argon
2026-01-21 17:58:02 INFO: Strategy: Using fixed 200nm calibration across all wavelengths
2026-01-21 17:58:02 INFO: Wavelength range: 180-260 nm in 9 steps
2026-01-21 17:58:02 INFO: Total calibrations: 6
2026-01-21 17:58:02 INFO: Total evaluations: 54
2026-01-21 17:58:02 INFO: Starting wavelength analysis for LA4148+LA4022_argon
2026-01-21 17:58:02 INFO:   Calibrating with differential_evolution at 200nm
2026-01-21 17:58:03 INFO:     Calibrated: z_l1=27.06, z_l2=33.70, z_fiber=93.66, coupling@200nm=0.2924, orientation=SfccfF
2026-01-21 17:58:03 INFO:   Calibrating with dual_annealing at 200nm
2026-01-21 17:58:13 INFO:     Calibrated: z_l1=27.06, z_l2=33.36, z_fiber=93.36, coupling@200nm=0.2946, orientation=SfccfF
2026-01-21 17:58:13 INFO:   Calibrating with nelder_mead at 200nm
2026-01-21 17:58:13 INFO:     Calibrated: z_l1=27.06, z_l2=33.37, z_fiber=93.37, coupling@200nm=0.2920, orientation=SfccfF
2026-01-21 17:58:13 INFO:   Calibrating with powell at 200nm
2026-01-21 17:58:14 INFO:     Calibrated: z_l1=27.06, z_l2=33.41, z_fiber=93.41, coupling@200nm=0.2881, orientation=SfccfF
2026-01-21 17:58:14 INFO:   Calibrating with grid_search at 200nm
2026-01-21 17:58:14 INFO:     Calibrated: z_l1=29.01, z_l2=97.00, z_fiber=156.42, coupling@200nm=0.1079, orientation=ScffcF
2026-01-21 17:58:14 INFO:   Calibrating with bayesian at 200nm
2026-01-21 17:58:14 ERROR:     Calibration error with bayesian: scikit-optimize not installed. Run: pip install scikit-optimize
2026-01-21 17:58:14 INFO:   Calibrations ready: 5/6 methods
2026-01-21 17:58:14 INFO:   Testing differential_evolution calibration: 9 wavelengths remaining
2026-01-21 17:58:14 INFO:   Using random seed: 1425 for reproducibility
2026-01-21 17:58:14 INFO:     180nm: coupling=0.2000
2026-01-21 17:58:14 INFO:     190nm: coupling=0.4595
2026-01-21 17:58:14 INFO:     200nm: coupling=0.6800
2026-01-21 17:58:14 INFO:     210nm: coupling=0.3000
2026-01-21 17:58:14 INFO:     220nm: coupling=0.1300
2026-01-21 17:58:14 INFO:     230nm: coupling=0.0210
2026-01-21 17:58:14 INFO:     240nm: coupling=0.0160
2026-01-21 17:58:14 INFO:     250nm: coupling=0.0150
2026-01-21 17:58:14 INFO:     260nm: coupling=0.0150
2026-01-21 17:58:14 INFO:   Testing dual_annealing calibration: 9 wavelengths remaining
2026-01-21 17:58:14 INFO:   Using random seed: 9716 for reproducibility
2026-01-21 17:58:14 INFO:     180nm: coupling=0.1970
2026-01-21 17:58:14 INFO:     190nm: coupling=0.4425
2026-01-21 17:58:14 INFO:     200nm: coupling=0.6850
2026-01-21 17:58:14 INFO:     210nm: coupling=0.3100
2026-01-21 17:58:14 INFO:     220nm: coupling=0.1280
2026-01-21 17:58:14 INFO:     230nm: coupling=0.0145
2026-01-21 17:58:14 INFO:     240nm: coupling=0.0105
2026-01-21 17:58:14 INFO:     250nm: coupling=0.0090
2026-01-21 17:58:14 INFO:     260nm: coupling=0.0085
2026-01-21 17:58:14 INFO:   Testing nelder_mead calibration: 9 wavelengths remaining
2026-01-21 17:58:14 INFO:   Using random seed: 3143 for reproducibility
2026-01-21 17:58:14 INFO:     180nm: coupling=0.2125
2026-01-21 17:58:14 INFO:     190nm: coupling=0.4635
2026-01-21 17:58:14 INFO:     200nm: coupling=0.6790
2026-01-21 17:58:14 INFO:     210nm: coupling=0.3045
2026-01-21 17:58:14 INFO:     220nm: coupling=0.1155
2026-01-21 17:58:14 INFO:     230nm: coupling=0.0185
2026-01-21 17:58:14 INFO:     240nm: coupling=0.0155
2026-01-21 17:58:14 INFO:     250nm: coupling=0.0130
2026-01-21 17:58:14 INFO:     260nm: coupling=0.0110
2026-01-21 17:58:14 INFO:   Testing powell calibration: 9 wavelengths remaining
2026-01-21 17:58:14 INFO:   Using random seed: 7997 for reproducibility
2026-01-21 17:58:14 INFO:     180nm: coupling=0.2050
2026-01-21 17:58:14 INFO:     190nm: coupling=0.4550
2026-01-21 17:58:14 INFO:     200nm: coupling=0.6700
2026-01-21 17:58:14 INFO:     210nm: coupling=0.3055
2026-01-21 17:58:14 INFO:     220nm: coupling=0.1280
2026-01-21 17:58:14 INFO:     230nm: coupling=0.0190
2026-01-21 17:58:14 INFO:     240nm: coupling=0.0160
2026-01-21 17:58:14 INFO:     250nm: coupling=0.0145
2026-01-21 17:58:14 INFO:     260nm: coupling=0.0120
2026-01-21 17:58:14 INFO:   Testing grid_search calibration: 9 wavelengths remaining
2026-01-21 17:58:14 INFO:   Using random seed: 6222 for reproducibility
2026-01-21 17:58:14 INFO:     180nm: coupling=0.1415
2026-01-21 17:58:14 INFO:     190nm: coupling=0.2010
2026-01-21 17:58:14 INFO:     200nm: coupling=0.2440
2026-01-21 17:58:14 INFO:     210nm: coupling=0.1435
2026-01-21 17:58:14 INFO:     220nm: coupling=0.1265
2026-01-21 17:58:14 INFO:     230nm: coupling=0.1145
2026-01-21 17:58:14 INFO:     240nm: coupling=0.1140
2026-01-21 17:58:14 INFO:     250nm: coupling=0.1195
2026-01-21 17:58:14 INFO:     260nm: coupling=0.1120
2026-01-21 17:58:14 INFO: Saved data to LA4148+LA4022_argon_wavelength.csv
2026-01-21 17:58:14 INFO: Deleted temp file: results/wavelength_analyze_2026-01-21/temp_batch_wavelength_LA4148+LA4022_argon.json
2026-01-21 17:58:14 INFO: Wavelength analysis complete
2026-01-21 18:00:11 INFO: Loading lens combinations from /tmp/correct_geom_air.csv
2026-01-21 18:00:11 INFO: Found 1 lens combinations
2026-01-21 18:00:11 INFO: Parameters: wavelengths=180-260nm (step=10nm), n_rays=5000, medium=air
2026-01-21 18:00:11 INFO: Strategy: Using fixed 220nm calibration across all wavelengths
2026-01-21 18:00:11 INFO: Wavelength range: 180-260 nm in 9 steps
2026-01-21 18:00:11 INFO: Total calibrations: 6
2026-01-21 18:00:11 INFO: Total evaluations: 54
2026-01-21 18:00:11 INFO: Starting wavelength analysis for LA4148+LA4022_air
2026-01-21 18:00:11 INFO:   Calibrating with differential_evolution at 220nm
2026-01-21 18:00:13 INFO:     Calibrated: z_l1=29.32, z_l2=36.01, z_fiber=95.92, coupling@220nm=0.2411, orientation=SfccfF
2026-01-21 18:00:13 INFO:   Calibrating with dual_annealing at 220nm
2026-01-21 18:00:22 INFO:     Calibrated: z_l1=29.27, z_l2=35.91, z_fiber=95.94, coupling@220nm=0.2361, orientation=SfccfF
2026-01-21 18:00:22 INFO:   Calibrating with nelder_mead at 220nm
2026-01-21 18:00:22 INFO:     Calibrated: z_l1=29.29, z_l2=35.65, z_fiber=95.65, coupling@220nm=0.2423, orientation=SfccfF
2026-01-21 18:00:22 INFO:   Calibrating with powell at 220nm
2026-01-21 18:00:23 INFO:     Calibrated: z_l1=29.29, z_l2=35.61, z_fiber=95.61, coupling@220nm=0.2402, orientation=SfccfF
2026-01-21 18:00:23 INFO:   Calibrating with grid_search at 220nm
2026-01-21 18:00:23 INFO:     Calibrated: z_l1=33.04, z_l2=46.59, z_fiber=104.87, coupling@220nm=0.0865, orientation=ScffcF
2026-01-21 18:00:23 INFO:   Calibrating with bayesian at 220nm
2026-01-21 18:00:23 ERROR:     Calibration error with bayesian: scikit-optimize not installed. Run: pip install scikit-optimize
2026-01-21 18:00:23 INFO:   Calibrations ready: 5/6 methods
2026-01-21 18:00:23 INFO:   Testing differential_evolution calibration: 9 wavelengths remaining
2026-01-21 18:00:23 INFO:   Using random seed: 2013 for reproducibility
2026-01-21 18:00:23 INFO:     180nm: coupling=0.0000
2026-01-21 18:00:23 INFO:     190nm: coupling=0.0000
2026-01-21 18:00:23 INFO:     200nm: coupling=0.2371
2026-01-21 18:00:23 INFO:     210nm: coupling=0.3994
2026-01-21 18:00:23 INFO:     220nm: coupling=0.5607
2026-01-21 18:00:23 INFO:     230nm: coupling=0.3326
2026-01-21 18:00:23 INFO:     240nm: coupling=0.2030
2026-01-21 18:00:23 INFO:     250nm: coupling=0.1045
2026-01-21 18:00:23 INFO:     260nm: coupling=0.0200
2026-01-21 18:00:23 INFO:   Testing dual_annealing calibration: 9 wavelengths remaining
2026-01-21 18:00:23 INFO:   Using random seed: 4021 for reproducibility
2026-01-21 18:00:23 INFO:     180nm: coupling=0.0000
2026-01-21 18:00:23 INFO:     190nm: coupling=0.0000
2026-01-21 18:00:23 INFO:     200nm: coupling=0.2390
2026-01-21 18:00:23 INFO:     210nm: coupling=0.3949
2026-01-21 18:00:23 INFO:     220nm: coupling=0.5491
2026-01-21 18:00:23 INFO:     230nm: coupling=0.3156
2026-01-21 18:00:23 INFO:     240nm: coupling=0.2171
2026-01-21 18:00:23 INFO:     250nm: coupling=0.1055
2026-01-21 18:00:23 INFO:     260nm: coupling=0.0195
2026-01-21 18:00:23 INFO:   Testing nelder_mead calibration: 9 wavelengths remaining
2026-01-21 18:00:23 INFO:   Using random seed: 4005 for reproducibility
2026-01-21 18:00:23 INFO:     180nm: coupling=0.0000
2026-01-21 18:00:23 INFO:     190nm: coupling=0.0000
2026-01-21 18:00:23 INFO:     200nm: coupling=0.2440
2026-01-21 18:00:23 INFO:     210nm: coupling=0.4017
2026-01-21 18:00:23 INFO:     220nm: coupling=0.5636
2026-01-21 18:00:23 INFO:     230nm: coupling=0.3105
2026-01-21 18:00:23 INFO:     240nm: coupling=0.1987
2026-01-21 18:00:23 INFO:     250nm: coupling=0.0925
2026-01-21 18:00:23 INFO:     260nm: coupling=0.0190
2026-01-21 18:00:23 INFO:   Testing powell calibration: 9 wavelengths remaining
2026-01-21 18:00:23 INFO:   Using random seed: 4332 for reproducibility
2026-01-21 18:00:23 INFO:     180nm: coupling=0.0000
2026-01-21 18:00:23 INFO:     190nm: coupling=0.0000
2026-01-21 18:00:23 INFO:     200nm: coupling=0.2325
2026-01-21 18:00:23 INFO:     210nm: coupling=0.3984
2026-01-21 18:00:23 INFO:     220nm: coupling=0.5587
2026-01-21 18:00:23 INFO:     230nm: coupling=0.3218
2026-01-21 18:00:23 INFO:     240nm: coupling=0.1943
2026-01-21 18:00:23 INFO:     250nm: coupling=0.0975
2026-01-21 18:00:23 INFO:     260nm: coupling=0.0185
2026-01-21 18:00:23 INFO:   Testing grid_search calibration: 9 wavelengths remaining
2026-01-21 18:00:23 INFO:   Using random seed: 8099 for reproducibility
2026-01-21 18:00:23 INFO:     180nm: coupling=0.0000
2026-01-21 18:00:23 INFO:     190nm: coupling=0.0000
2026-01-21 18:00:23 INFO:     200nm: coupling=0.1166
2026-01-21 18:00:23 INFO:     210nm: coupling=0.1599
2026-01-21 18:00:23 INFO:     220nm: coupling=0.1999
2026-01-21 18:00:23 INFO:     230nm: coupling=0.1388
2026-01-21 18:00:23 INFO:     240nm: coupling=0.1313
2026-01-21 18:00:23 INFO:     250nm: coupling=0.1255
2026-01-21 18:00:23 INFO:     260nm: coupling=0.1170
2026-01-21 18:00:23 INFO: Saved data to LA4148+LA4022_air_wavelength.csv
2026-01-21 18:00:23 INFO: Deleted temp file: results/wavelength_analyze_2026-01-21/temp_batch_wavelength_LA4148+LA4022_air.json
2026-01-21 18:00:23 INFO: Wavelength analysis complete
2026-01-21 18:00:30 INFO: Loading lens combinations from /tmp/correct_geom_argon.csv
2026-01-21 18:00:30 INFO: Found 1 lens combinations
2026-01-21 18:00:30 INFO: Parameters: wavelengths=180-260nm (step=10nm), n_rays=5000, medium=argon
2026-01-21 18:00:30 INFO: Strategy: Using fixed 220nm calibration across all wavelengths
2026-01-21 18:00:30 INFO: Wavelength range: 180-260 nm in 9 steps
2026-01-21 18:00:30 INFO: Total calibrations: 6
2026-01-21 18:00:30 INFO: Total evaluations: 54
2026-01-21 18:00:30 INFO: Starting wavelength analysis for LA4148+LA4022_argon
2026-01-21 18:00:30 INFO:   Calibrating with differential_evolution at 220nm
2026-01-21 18:00:33 INFO:     Calibrated: z_l1=29.36, z_l2=35.81, z_fiber=95.63, coupling@220nm=0.2664, orientation=SfccfF
2026-01-21 18:00:33 INFO:   Calibrating with dual_annealing at 220nm
2026-01-21 18:00:45 INFO:     Calibrated: z_l1=29.32, z_l2=35.62, z_fiber=95.61, coupling@220nm=0.2694, orientation=SfccfF
2026-01-21 18:00:45 INFO:   Calibrating with nelder_mead at 220nm
2026-01-21 18:00:46 INFO:     Calibrated: z_l1=29.29, z_l2=35.60, z_fiber=95.60, coupling@220nm=0.2698, orientation=SfccfF
2026-01-21 18:00:46 INFO:   Calibrating with powell at 220nm
2026-01-21 18:00:46 INFO:     Calibrated: z_l1=29.29, z_l2=35.60, z_fiber=95.60, coupling@220nm=0.2735, orientation=SfccfF
2026-01-21 18:00:46 INFO:   Calibrating with grid_search at 220nm
2026-01-21 18:00:47 INFO:     Calibrated: z_l1=33.04, z_l2=46.59, z_fiber=104.87, coupling@220nm=0.1019, orientation=ScffcF
2026-01-21 18:00:47 INFO:   Calibrating with bayesian at 220nm
2026-01-21 18:00:47 ERROR:     Calibration error with bayesian: scikit-optimize not installed. Run: pip install scikit-optimize
2026-01-21 18:00:47 INFO:   Calibrations ready: 5/6 methods
2026-01-21 18:00:47 INFO:   Testing differential_evolution calibration: 9 wavelengths remaining
2026-01-21 18:00:47 INFO:   Using random seed: 6527 for reproducibility
2026-01-21 18:00:47 INFO:     180nm: coupling=0.0600
2026-01-21 18:00:47 INFO:     190nm: coupling=0.1870
2026-01-21 18:00:47 INFO:     200nm: coupling=0.3350
2026-01-21 18:00:47 INFO:     210nm: coupling=0.4850
2026-01-21 18:00:47 INFO:     220nm: coupling=0.6195
2026-01-21 18:00:47 INFO:     230nm: coupling=0.3315
2026-01-21 18:00:47 INFO:     240nm: coupling=0.2085
2026-01-21 18:00:47 INFO:     250nm: coupling=0.1050
2026-01-21 18:00:47 INFO:     260nm: coupling=0.0255
2026-01-21 18:00:47 INFO:   Testing dual_annealing calibration: 9 wavelengths remaining
2026-01-21 18:00:47 INFO:   Using random seed: 669 for reproducibility
2026-01-21 18:00:47 INFO:     180nm: coupling=0.0590
2026-01-21 18:00:47 INFO:     190nm: coupling=0.1485
2026-01-21 18:00:47 INFO:     200nm: coupling=0.3175
2026-01-21 18:00:47 INFO:     210nm: coupling=0.4795
2026-01-21 18:00:47 INFO:     220nm: coupling=0.6265
2026-01-21 18:00:47 INFO:     230nm: coupling=0.3540
2026-01-21 18:00:47 INFO:     240nm: coupling=0.2085
2026-01-21 18:00:47 INFO:     250nm: coupling=0.1085
2026-01-21 18:00:47 INFO:     260nm: coupling=0.0240
2026-01-21 18:00:47 INFO:   Testing nelder_mead calibration: 9 wavelengths remaining
2026-01-21 18:00:47 INFO:   Using random seed: 2934 for reproducibility
2026-01-21 18:00:47 INFO:     180nm: coupling=0.0565
2026-01-21 18:00:47 INFO:     190nm: coupling=0.1635
2026-01-21 18:00:47 INFO:     200nm: coupling=0.3080
2026-01-21 18:00:47 INFO:     210nm: coupling=0.4735
2026-01-21 18:00:47 INFO:     220nm: coupling=0.6275
2026-01-21 18:00:47 INFO:     230nm: coupling=0.3505
2026-01-21 18:00:47 INFO:     240nm: coupling=0.2190
2026-01-21 18:00:47 INFO:     250nm: coupling=0.1000
2026-01-21 18:00:47 INFO:     260nm: coupling=0.0230
2026-01-21 18:00:47 INFO:   Testing powell calibration: 9 wavelengths remaining
2026-01-21 18:00:47 INFO:   Using random seed: 9587 for reproducibility
2026-01-21 18:00:47 INFO:     180nm: coupling=0.0540
2026-01-21 18:00:47 INFO:     190nm: coupling=0.1590
2026-01-21 18:00:47 INFO:     200nm: coupling=0.3295
2026-01-21 18:00:47 INFO:     210nm: coupling=0.4830
2026-01-21 18:00:47 INFO:     220nm: coupling=0.6360
2026-01-21 18:00:47 INFO:     230nm: coupling=0.3395
2026-01-21 18:00:47 INFO:     240nm: coupling=0.2055
2026-01-21 18:00:47 INFO:     250nm: coupling=0.0985
2026-01-21 18:00:47 INFO:     260nm: coupling=0.0200
2026-01-21 18:00:47 INFO:   Testing grid_search calibration: 9 wavelengths remaining
2026-01-21 18:00:47 INFO:   Using random seed: 6524 for reproducibility
2026-01-21 18:00:47 INFO:     180nm: coupling=0.0730
2026-01-21 18:00:47 INFO:     190nm: coupling=0.1285
2026-01-21 18:00:47 INFO:     200nm: coupling=0.1675
2026-01-21 18:00:47 INFO:     210nm: coupling=0.1995
2026-01-21 18:00:47 INFO:     220nm: coupling=0.2285
2026-01-21 18:00:47 INFO:     230nm: coupling=0.1430
2026-01-21 18:00:47 INFO:     240nm: coupling=0.1215
2026-01-21 18:00:47 INFO:     250nm: coupling=0.1220
2026-01-21 18:00:47 INFO:     260nm: coupling=0.1115
2026-01-21 18:00:47 INFO: Saved data to LA4148+LA4022_argon_wavelength.csv
2026-01-21 18:00:47 INFO: Deleted temp file: results/wavelength_analyze_2026-01-21/temp_batch_wavelength_LA4148+LA4022_argon.json
2026-01-21 18:00:47 INFO: Wavelength analysis complete
2026-01-21 18:02:21 INFO: Loading lens combinations from /tmp/correct_geom_air.csv
2026-01-21 18:02:21 INFO: Found 1 lens combinations
2026-01-21 18:02:21 INFO: Parameters: wavelengths=180-260nm (step=10nm), n_rays=1000, medium=air
2026-01-21 18:02:21 INFO: Strategy: Using fixed 220nm calibration across all wavelengths
2026-01-21 18:02:21 INFO: Wavelength range: 180-260 nm in 9 steps
2026-01-21 18:02:21 INFO: Total calibrations: 6
2026-01-21 18:02:21 INFO: Total evaluations: 54
2026-01-21 18:02:21 INFO: Starting wavelength analysis for LA4148+LA4022_air
2026-01-21 18:02:21 INFO:   Calibrating with differential_evolution at 220nm
2026-01-21 18:02:23 INFO:     Calibrated: z_l1=29.38, z_l2=35.76, z_fiber=95.52, coupling@220nm=0.2360, orientation=SfccfF
2026-01-21 18:02:23 INFO:   Calibrating with dual_annealing at 220nm
2026-01-21 18:02:24 INFO:     Calibrated: z_l1=29.28, z_l2=36.17, z_fiber=96.17, coupling@220nm=0.2416, orientation=SfccfF
2026-01-21 18:02:24 INFO:   Calibrating with nelder_mead at 220nm
2026-01-21 18:02:24 INFO:     Calibrated: z_l1=29.29, z_l2=35.67, z_fiber=95.66, coupling@220nm=0.2441, orientation=SfccfF
2026-01-21 18:02:24 INFO:   Calibrating with powell at 220nm
2026-01-21 18:02:25 INFO:     Calibrated: z_l1=29.22, z_l2=40.12, z_fiber=100.12, coupling@220nm=0.2364, orientation=SfccfF
2026-01-21 18:02:25 INFO:   Calibrating with grid_search at 220nm
2026-01-21 18:02:25 INFO:     Calibrated: z_l1=31.03, z_l2=127.00, z_fiber=186.81, coupling@220nm=0.0739, orientation=ScffcF
2026-01-21 18:02:25 INFO:   Calibrating with bayesian at 220nm
2026-01-21 18:02:25 ERROR:     Calibration error with bayesian: scikit-optimize not installed. Run: pip install scikit-optimize
2026-01-21 18:02:25 INFO:   Calibrations ready: 5/6 methods
2026-01-21 18:02:25 INFO:   Testing differential_evolution calibration: 9 wavelengths remaining
2026-01-21 18:02:25 INFO:   Using random seed: 5748 for reproducibility
2026-01-21 18:02:25 INFO:     180nm: coupling=0.0000
2026-01-21 18:02:25 INFO:     190nm: coupling=0.0000
2026-01-21 18:02:25 INFO:     200nm: coupling=0.2255
2026-01-21 18:02:25 INFO:     210nm: coupling=0.3890
2026-01-21 18:02:25 INFO:     220nm: coupling=0.5489
2026-01-21 18:02:25 INFO:     230nm: coupling=0.3256
2026-01-21 18:02:25 INFO:     240nm: coupling=0.2118
2026-01-21 18:02:25 INFO:     250nm: coupling=0.1055
2026-01-21 18:02:25 INFO:     260nm: coupling=0.0205
2026-01-21 18:02:25 INFO:   Testing dual_annealing calibration: 9 wavelengths remaining
2026-01-21 18:02:25 INFO:   Using random seed: 8928 for reproducibility
2026-01-21 18:02:25 INFO:     180nm: coupling=0.0000
2026-01-21 18:02:25 INFO:     190nm: coupling=0.0000
2026-01-21 18:02:25 INFO:     200nm: coupling=0.2351
2026-01-21 18:02:25 INFO:     210nm: coupling=0.4017
2026-01-21 18:02:25 INFO:     220nm: coupling=0.5619
2026-01-21 18:02:25 INFO:     230nm: coupling=0.3226
2026-01-21 18:02:25 INFO:     240nm: coupling=0.2001
2026-01-21 18:02:25 INFO:     250nm: coupling=0.0905
2026-01-21 18:02:25 INFO:     260nm: coupling=0.0180
2026-01-21 18:02:25 INFO:   Testing nelder_mead calibration: 9 wavelengths remaining
2026-01-21 18:02:25 INFO:   Using random seed: 2059 for reproducibility
2026-01-21 18:02:25 INFO:     180nm: coupling=0.0000
2026-01-21 18:02:25 INFO:     190nm: coupling=0.0000
2026-01-21 18:02:25 INFO:     200nm: coupling=0.2437
2026-01-21 18:02:25 INFO:     210nm: coupling=0.4129
2026-01-21 18:02:25 INFO:     220nm: coupling=0.5676
2026-01-21 18:02:25 INFO:     230nm: coupling=0.3110
2026-01-21 18:02:25 INFO:     240nm: coupling=0.1860
2026-01-21 18:02:25 INFO:     250nm: coupling=0.0985
2026-01-21 18:02:25 INFO:     260nm: coupling=0.0250
2026-01-21 18:02:25 INFO:   Testing powell calibration: 9 wavelengths remaining
2026-01-21 18:02:25 INFO:   Using random seed: 8782 for reproducibility
2026-01-21 18:02:25 INFO:     180nm: coupling=0.0000
2026-01-21 18:02:25 INFO:     190nm: coupling=0.0000
2026-01-21 18:02:25 INFO:     200nm: coupling=0.2346
2026-01-21 18:02:25 INFO:     210nm: coupling=0.3984
2026-01-21 18:02:25 INFO:     220nm: coupling=0.5499
2026-01-21 18:02:25 INFO:     230nm: coupling=0.3251
2026-01-21 18:02:25 INFO:     240nm: coupling=0.2066
2026-01-21 18:02:25 INFO:     250nm: coupling=0.0885
2026-01-21 18:02:25 INFO:     260nm: coupling=0.0255
2026-01-21 18:02:25 INFO:   Testing grid_search calibration: 9 wavelengths remaining
2026-01-21 18:02:25 INFO:   Using random seed: 7838 for reproducibility
2026-01-21 18:02:25 INFO:     180nm: coupling=0.0000
2026-01-21 18:02:25 INFO:     190nm: coupling=0.0000
2026-01-21 18:02:25 INFO:     200nm: coupling=0.0927
2026-01-21 18:02:25 INFO:     210nm: coupling=0.1367
2026-01-21 18:02:25 INFO:     220nm: coupling=0.1870
2026-01-21 18:02:25 INFO:     230nm: coupling=0.1490
2026-01-21 18:02:25 INFO:     240nm: coupling=0.1374
2026-01-21 18:02:25 INFO:     250nm: coupling=0.1365
2026-01-21 18:02:25 INFO:     260nm: coupling=0.1330
2026-01-21 18:02:25 INFO: Saved data to LA4148+LA4022_air_wavelength.csv
2026-01-21 18:02:25 INFO: Deleted temp file: results/wavelength_analyze_2026-01-21/temp_batch_wavelength_LA4148+LA4022_air.json
2026-01-21 18:02:25 INFO: Wavelength analysis complete
2026-01-21 18:02:31 INFO: Loading lens combinations from /tmp/correct_geom_argon.csv
2026-01-21 18:02:31 INFO: Found 1 lens combinations
2026-01-21 18:02:31 INFO: Parameters: wavelengths=180-260nm (step=10nm), n_rays=1000, medium=argon
2026-01-21 18:02:31 INFO: Strategy: Using fixed 220nm calibration across all wavelengths
2026-01-21 18:02:31 INFO: Wavelength range: 180-260 nm in 9 steps
2026-01-21 18:02:31 INFO: Total calibrations: 6
2026-01-21 18:02:31 INFO: Total evaluations: 54
2026-01-21 18:02:31 INFO: Starting wavelength analysis for LA4148+LA4022_argon
2026-01-21 18:02:31 INFO:   Calibrating with differential_evolution at 220nm
2026-01-21 18:02:32 INFO:     Calibrated: z_l1=29.29, z_l2=35.75, z_fiber=95.75, coupling@220nm=0.2694, orientation=SfccfF
2026-01-21 18:02:32 INFO:   Calibrating with dual_annealing at 220nm
2026-01-21 18:02:33 INFO:     Calibrated: z_l1=29.29, z_l2=37.45, z_fiber=97.36, coupling@220nm=0.2685, orientation=SfccfF
2026-01-21 18:02:33 INFO:   Calibrating with nelder_mead at 220nm
2026-01-21 18:02:33 INFO:     Calibrated: z_l1=29.30, z_l2=35.60, z_fiber=95.58, coupling@220nm=0.2739, orientation=SfccfF
2026-01-21 18:02:33 INFO:   Calibrating with powell at 220nm
2026-01-21 18:02:33 INFO:     Calibrated: z_l1=29.32, z_l2=35.63, z_fiber=95.55, coupling@220nm=0.2685, orientation=SfccfF
2026-01-21 18:02:33 INFO:   Calibrating with grid_search at 220nm
2026-01-21 18:02:34 INFO:     Calibrated: z_l1=31.03, z_l2=127.00, z_fiber=186.81, coupling@220nm=0.0993, orientation=ScffcF
2026-01-21 18:02:34 INFO:   Calibrating with bayesian at 220nm
2026-01-21 18:02:34 ERROR:     Calibration error with bayesian: scikit-optimize not installed. Run: pip install scikit-optimize
2026-01-21 18:02:34 INFO:   Calibrations ready: 5/6 methods
2026-01-21 18:02:34 INFO:   Testing differential_evolution calibration: 9 wavelengths remaining
2026-01-21 18:02:34 INFO:   Using random seed: 4662 for reproducibility
2026-01-21 18:02:34 INFO:     180nm: coupling=0.0510
2026-01-21 18:02:34 INFO:     190nm: coupling=0.1510
2026-01-21 18:02:34 INFO:     200nm: coupling=0.3075
2026-01-21 18:02:34 INFO:     210nm: coupling=0.4745
2026-01-21 18:02:34 INFO:     220nm: coupling=0.6265
2026-01-21 18:02:34 INFO:     230nm: coupling=0.3530
2026-01-21 18:02:34 INFO:     240nm: coupling=0.2135
2026-01-21 18:02:34 INFO:     250nm: coupling=0.0975
2026-01-21 18:02:34 INFO:     260nm: coupling=0.0220
2026-01-21 18:02:34 INFO:   Testing dual_annealing calibration: 9 wavelengths remaining
2026-01-21 18:02:34 INFO:   Using random seed: 6889 for reproducibility
2026-01-21 18:02:34 INFO:     180nm: coupling=0.0560
2026-01-21 18:02:34 INFO:     190nm: coupling=0.1630
2026-01-21 18:02:34 INFO:     200nm: coupling=0.3325
2026-01-21 18:02:34 INFO:     210nm: coupling=0.4950
2026-01-21 18:02:34 INFO:     220nm: coupling=0.6245
2026-01-21 18:02:34 INFO:     230nm: coupling=0.3275
2026-01-21 18:02:34 INFO:     240nm: coupling=0.2105
2026-01-21 18:02:34 INFO:     250nm: coupling=0.0955
2026-01-21 18:02:34 INFO:     260nm: coupling=0.0225
2026-01-21 18:02:34 INFO:   Testing nelder_mead calibration: 9 wavelengths remaining
2026-01-21 18:02:34 INFO:   Using random seed: 4228 for reproducibility
2026-01-21 18:02:34 INFO:     180nm: coupling=0.0580
2026-01-21 18:02:34 INFO:     190nm: coupling=0.1680
2026-01-21 18:02:34 INFO:     200nm: coupling=0.3300
2026-01-21 18:02:34 INFO:     210nm: coupling=0.4820
2026-01-21 18:02:34 INFO:     220nm: coupling=0.6370
2026-01-21 18:02:34 INFO:     230nm: coupling=0.3505
2026-01-21 18:02:34 INFO:     240nm: coupling=0.2120
2026-01-21 18:02:34 INFO:     250nm: coupling=0.0940
2026-01-21 18:02:34 INFO:     260nm: coupling=0.0195
2026-01-21 18:02:34 INFO:   Testing powell calibration: 9 wavelengths remaining
2026-01-21 18:02:34 INFO:   Using random seed: 393 for reproducibility
2026-01-21 18:02:34 INFO:     180nm: coupling=0.0435
2026-01-21 18:02:34 INFO:     190nm: coupling=0.1565
2026-01-21 18:02:34 INFO:     200nm: coupling=0.3090
2026-01-21 18:02:34 INFO:     210nm: coupling=0.4865
2026-01-21 18:02:34 INFO:     220nm: coupling=0.6245
2026-01-21 18:02:34 INFO:     230nm: coupling=0.3360
2026-01-21 18:02:34 INFO:     240nm: coupling=0.2100
2026-01-21 18:02:34 INFO:     250nm: coupling=0.0970
2026-01-21 18:02:34 INFO:     260nm: coupling=0.0155
2026-01-21 18:02:34 INFO:   Testing grid_search calibration: 9 wavelengths remaining
2026-01-21 18:02:34 INFO:   Using random seed: 5515 for reproducibility
2026-01-21 18:02:34 INFO:     180nm: coupling=0.0745
2026-01-21 18:02:34 INFO:     190nm: coupling=0.1190
2026-01-21 18:02:34 INFO:     200nm: coupling=0.1550
2026-01-21 18:02:34 INFO:     210nm: coupling=0.1900
2026-01-21 18:02:34 INFO:     220nm: coupling=0.2220
2026-01-21 18:02:34 INFO:     230nm: coupling=0.1630
2026-01-21 18:02:34 INFO:     240nm: coupling=0.1490
2026-01-21 18:02:34 INFO:     250nm: coupling=0.1405
2026-01-21 18:02:34 INFO:     260nm: coupling=0.1295
2026-01-21 18:02:34 INFO: Saved data to LA4148+LA4022_argon_wavelength.csv
2026-01-21 18:02:34 INFO: Deleted temp file: results/wavelength_analyze_2026-01-21/temp_batch_wavelength_LA4148+LA4022_argon.json
2026-01-21 18:02:34 INFO: Wavelength analysis complete
